#
# A fatal error has been detected by the Java Runtime Environment:
#
#  EXCEPTION_IN_PAGE_ERROR (0xc0000006) at pc=0x00007ffda6ba06a3, pid=22028, tid=22368
#
# JRE version: Java(TM) SE Runtime Environment (14.0+36) (build 14+36-1461)
# Java VM: Java HotSpot(TM) 64-Bit Server VM (14+36-1461, mixed mode, sharing, tiered, compressed oops, g1 gc, windows-amd64)
# Problematic frame:
# C  [ntdll.dll+0x106a3]
#
# No core dump will be written. Minidumps are not enabled by default on client versions of Windows
#
# If you would like to submit a bug report, please visit:
#   https://bugreport.java.com/bugreport/crash.jsp
# The crash happened outside the Java Virtual Machine in native code.
# See problematic frame for where to report the bug.
#

---------------  S U M M A R Y ------------

Command Line: -Dfile.encoding=UTF-8 -XX:+ShowCodeDetailsInExceptionMessages org.aksw.simba.start.QueryEvaluation

Host: Intel(R) Core(TM) i5-4210M CPU @ 2.60GHz, 4 cores, 11G,  Windows 10 , 64 bit Build 19041 (10.0.19041.1348)
Time: Sun Dec 12 17:49:25 2021 W. Europe Standard Time elapsed time: 15 seconds (0d 0h 0m 15s)

---------------  T H R E A D  ---------------

Current thread (0x000001f7aba90000):  JavaThread "main" [_thread_in_native, id=22368, stack(0x0000006fb0300000,0x0000006fb0400000)]

Stack: [0x0000006fb0300000,0x0000006fb0400000],  sp=0x0000006fb03fc6d0,  free space=1009k
Native frames: (J=compiled Java code, j=interpreted, Vv=VM code, C=native code)
C  [ntdll.dll+0x106a3]
C  [ntdll.dll+0xfa99]
C  [ntdll.dll+0x14bcf]
C  [ntdll.dll+0x5fc73]
C  [ntdll.dll+0x5f9a0]
C  [ntdll.dll+0x5ec3f]
C  [ntdll.dll+0x1fb53]
C  [ntdll.dll+0x173e4]
C  [ntdll.dll+0x16af4]
C  [KERNELBASE.dll+0x2ade2]
C  [KERNELBASE.dll+0x332b1]
C  [KERNELBASE.dll+0x78c6f]
V  [jvm.dll+0x5f1ec8]
V  [jvm.dll+0x3c7219]
C  [java.dll+0x15de]

Java frames: (J=compiled Java code, j=interpreted, Vv=VM code)
j  java.lang.ClassLoader$NativeLibrary.load0(Ljava/lang/String;Z)Z+0 java.base@14
j  java.lang.ClassLoader$NativeLibrary.load()Z+53 java.base@14
j  java.lang.ClassLoader$NativeLibrary.loadLibrary(Ljava/lang/Class;Ljava/lang/String;Z)Z+216 java.base@14
j  java.lang.ClassLoader.loadLibrary0(Ljava/lang/Class;Ljava/io/File;)Z+46 java.base@14
j  java.lang.ClassLoader.loadLibrary(Ljava/lang/Class;Ljava/lang/String;Z)V+255 java.base@14
j  java.lang.Runtime.loadLibrary0(Ljava/lang/Class;Ljava/lang/String;)V+54 java.base@14
j  java.lang.System.loadLibrary(Ljava/lang/String;)V+7 java.base@14
j  sun.security.ec.SunEC$1.run()Ljava/lang/Void;+2 jdk.crypto.ec@14
j  sun.security.ec.SunEC$1.run()Ljava/lang/Object;+1 jdk.crypto.ec@14
j  java.security.AccessController.executePrivileged(Ljava/security/PrivilegedAction;Ljava/security/AccessControlContext;Ljava/lang/Class;)Ljava/lang/Object;+29 java.base@14
j  java.security.AccessController.doPrivileged(Ljava/security/PrivilegedAction;)Ljava/lang/Object;+5 java.base@14
j  sun.security.ec.SunEC.<clinit>()V+11 jdk.crypto.ec@14
v  ~StubRoutines::call_stub
j  jdk.internal.reflect.NativeConstructorAccessorImpl.newInstance0(Ljava/lang/reflect/Constructor;[Ljava/lang/Object;)Ljava/lang/Object;+0 java.base@14
j  jdk.internal.reflect.NativeConstructorAccessorImpl.newInstance([Ljava/lang/Object;)Ljava/lang/Object;+85 java.base@14
j  jdk.internal.reflect.DelegatingConstructorAccessorImpl.newInstance([Ljava/lang/Object;)Ljava/lang/Object;+5 java.base@14
j  java.lang.reflect.Constructor.newInstanceWithCaller([Ljava/lang/Object;ZLjava/lang/Class;)Ljava/lang/Object;+65 java.base@14
j  java.lang.reflect.Constructor.newInstance([Ljava/lang/Object;)Ljava/lang/Object;+30 java.base@14
j  java.util.ServiceLoader$ProviderImpl.newInstance()Ljava/lang/Object;+19 java.base@14
j  java.util.ServiceLoader$ProviderImpl.get()Ljava/lang/Object;+13 java.base@14
j  java.util.ServiceLoader$3.next()Ljava/lang/Object;+58 java.base@14
j  sun.security.jca.ProviderConfig$ProviderLoader.load(Ljava/lang/String;)Ljava/security/Provider;+54 java.base@14
j  sun.security.jca.ProviderConfig$3.run()Ljava/security/Provider;+44 java.base@14
j  sun.security.jca.ProviderConfig$3.run()Ljava/lang/Object;+1 java.base@14
j  java.security.AccessController.executePrivileged(Ljava/security/PrivilegedAction;Ljava/security/AccessControlContext;Ljava/lang/Class;)Ljava/lang/Object;+29 java.base@14
j  java.security.AccessController.doPrivileged(Ljava/security/PrivilegedAction;)Ljava/lang/Object;+5 java.base@14
j  sun.security.jca.ProviderConfig.doLoadProvider()Ljava/security/Provider;+8 java.base@14
j  sun.security.jca.ProviderConfig.getProvider()Ljava/security/Provider;+270 java.base@14
j  sun.security.jca.ProviderList.getProvider(I)Ljava/security/Provider;+6 java.base@14
j  sun.security.jca.ProviderList.getService(Ljava/lang/String;Ljava/lang/String;)Ljava/security/Provider$Service;+90 java.base@14
j  sun.security.jca.GetInstance.getInstance(Ljava/lang/String;Ljava/lang/Class;Ljava/lang/String;)Lsun/security/jca/GetInstance$Instance;+7 java.base@14
j  javax.net.ssl.TrustManagerFactory.getInstance(Ljava/lang/String;)Ljavax/net/ssl/TrustManagerFactory;+12 java.base@14
j  org.apache.http.ssl.SSLContextBuilder.loadTrustMaterial(Ljava/security/KeyStore;Lorg/apache/http/ssl/TrustStrategy;)Lorg/apache/http/ssl/SSLContextBuilder;+3
j  org.eclipse.rdf4j.http.client.util.HttpClientBuilders.getSSLTrustAllHttpClientBuilder()Lorg/apache/http/impl/client/HttpClientBuilder;+17
j  com.fluidops.fedx.FedX.<init>(Lcom/fluidops/fedx/Config;Lcom/fluidops/fedx/cache/Cache;Lcom/fluidops/fedx/EndpointListProvider;Lcom/fluidops/fedx/SummaryProvider;)V+62
j  com.fluidops.fedx.FedXFactory.initializeFederation(Lcom/fluidops/fedx/Config;Lcom/fluidops/fedx/EndpointListProvider;Lcom/fluidops/fedx/SummaryProvider;Ljava/lang/String;)Lcom/fluidops/fedx/sail/FedXSailRepository;+46
j  com.fluidops.fedx.FedXFactory.initializeSparqlFederation(Lcom/fluidops/fedx/Config;Ljava/util/List;)Lcom/fluidops/fedx/sail/FedXSailRepository;+69
j  org.aksw.simba.start.QueryEvaluation.evaluate(Ljava/lang/String;Ljava/lang/String;Ljava/util/List;)Ljava/util/Map;+1388
j  org.aksw.simba.start.QueryEvaluation.multyEvaluate(Ljava/lang/String;ILjava/lang/String;Ljava/util/List;)Ljava/util/Map;+26
j  org.aksw.simba.start.QueryEvaluation.main([Ljava/lang/String;)V+1432
v  ~StubRoutines::call_stub

siginfo: EXCEPTION_IN_PAGE_ERROR (0xc0000006), reading address 0x00007ffd75a11408


Register to memory mapping:

RIP=0x00007ffda6ba06a3 ntdll.dll
RAX=0x00007ffd75a0e910 sunec.dll
RBX=0x000001f7ab9a3ab0 points into unknown readable memory: d0 a4 cf a6 fd 7f 00 00
RCX=0x0000006fb03fc7a0 is pointing into the stack for thread: 0x000001f7aba90000
RDX=0x0000000000000002 is an unknown value
RSP=0x0000006fb03fc6d0 is pointing into the stack for thread: 0x000001f7aba90000
RBP=0x0000006fb03fc720 is pointing into the stack for thread: 0x000001f7aba90000
RSI=0x0 is NULL
RDI=0x00007ffd75a11408 sunec.dll
R8 =0x0000000000021408 is an unknown value
R9 =0x00007ffd759f0268 sunec.dll
R10=0x0000000000000006 is an unknown value
R11=0x00007ffd75a0e910 sunec.dll
R12=0x00002b992ddfa232 is an unknown value
R13=0x0000000000000003 is an unknown value
R14=0x4358c566c3e33f0d is an unknown value
R15=0x0000000000008600 is an unknown value


Registers:
RAX=0x00007ffd75a0e910, RBX=0x000001f7ab9a3ab0, RCX=0x0000006fb03fc7a0, RDX=0x0000000000000002
RSP=0x0000006fb03fc6d0, RBP=0x0000006fb03fc720, RSI=0x0000000000000000, RDI=0x00007ffd75a11408
R8 =0x0000000000021408, R9 =0x00007ffd759f0268, R10=0x0000000000000006, R11=0x00007ffd75a0e910
R12=0x00002b992ddfa232, R13=0x0000000000000003, R14=0x4358c566c3e33f0d, R15=0x0000000000008600
RIP=0x00007ffda6ba06a3, EFLAGS=0x0000000000010202

Top of Stack: (sp=0x0000006fb03fc6d0)
0x0000006fb03fc6d0:   000001f7ab9a3ab0 0000006fb03fc720
0x0000006fb03fc6e0:   00007ffd759f0110 00007ffd759f0110
0x0000006fb03fc6f0:   000001f700000001 000001f7ab880cc0
0x0000006fb03fc700:   000001f700000000 00007ffd75a0e910
0x0000006fb03fc710:   000001f700000003 00007ffd759f0110
0x0000006fb03fc720:   0000000000000001 000001f7ab9a3af8
0x0000006fb03fc730:   0000000000000000 00007ffda6b9fa99
0x0000006fb03fc740:   000001f7ab9a3ab0 00007ffd759f0000
0x0000006fb03fc750:   0000006fb03fc7b8 0000000000000000
0x0000006fb03fc760:   0000006fb03fc7a0 000000007ffe0385
0x0000006fb03fc770:   0000000000000000 000000007ffe0385
0x0000006fb03fc780:   0000006fb03fc930 000001f7ab9a3ab0
0x0000006fb03fc790:   000001f7cf88a280 00007ffda6ba4bcf
0x0000006fb03fc7a0:   00007ffd75a0e910 0000000000000000
0x0000006fb03fc7b0:   00007ffd759f0110 00007ffd759f0110
0x0000006fb03fc7c0:   000001f7162210e0 000001f7ab9a3af8 

Instructions: (pc=0x00007ffda6ba06a3)
0x00007ffda6ba05a3:   50 38 89 17 48 8d 0d 92 ac 15 00 e8 bd 26 00 00
0x00007ffda6ba05b3:   48 8b 74 24 38 48 8b 7c 24 40 49 89 1e 48 f7 db
0x00007ffda6ba05c3:   48 8b 5c 24 30 1b c0 f7 d0 25 35 01 00 c0 48 83
0x00007ffda6ba05d3:   c4 20 41 5e c3 cc 48 85 c0 74 c9 48 8d 98 38 ff
0x00007ffda6ba05e3:   ff ff 48 8b 83 98 00 00 00 83 78 18 ff 74 a4 48
0x00007ffda6ba05f3:   8b 00 f6 40 c8 20 75 9b f0 ff 83 14 01 00 00 eb
0x00007ffda6ba0603:   92 48 8b 1d 95 9e 15 00 48 85 ff 74 a3 48 8b 83
0x00007ffda6ba0613:   98 00 00 00 8b 48 38 41 89 08 eb 94 cc cc cc cc
0x00007ffda6ba0623:   cc cc cc cc cc 48 89 5c 24 08 48 89 74 24 10 48
0x00007ffda6ba0633:   89 7c 24 20 55 41 54 41 56 48 8b ec 48 83 ec 50
0x00007ffda6ba0643:   33 c0 4d 8b f1 48 89 45 e8 49 8b f8 4d 85 c0 0f
0x00007ffda6ba0653:   85 24 a9 09 00 4c 8d 4d e8 4c 8d 45 e0 e8 07 01
0x00007ffda6ba0663:   00 00 8b 75 e0 48 8b f8 48 8b 45 e8 48 8b 4d 40
0x00007ffda6ba0673:   48 85 c9 74 03 48 89 01 48 85 c0 74 14 81 38 94
0x00007ffda6ba0683:   00 00 00 72 0c f7 80 90 00 00 00 00 08 00 00 75
0x00007ffda6ba0693:   56 48 85 ff 74 71 49 bc 32 a2 df 2d 99 2b 00 00
0x00007ffda6ba06a3:   4c 39 27 75 62 48 8b cf e8 9c 39 00 00 41 8b ce
0x00007ffda6ba06b3:   48 8b d8 48 c1 e1 10 48 b8 ff ff ff ff ff ff 00
0x00007ffda6ba06c3:   00 48 33 d9 49 c1 ee 20 49 33 de 48 23 d8 49 3b
0x00007ffda6ba06d3:   dc 0f 84 ac a8 09 00 48 85 db 0f 84 a3 a8 09 00
0x00007ffda6ba06e3:   85 f6 75 27 48 89 1f b8 01 00 00 00 4c 8d 5c 24
0x00007ffda6ba06f3:   50 49 8b 5b 20 49 8b 73 28 49 8b 7b 38 49 8b e3
0x00007ffda6ba0703:   41 5e 41 5c 5d c3 cc 33 c0 eb e1 48 8d 45 30 48
0x00007ffda6ba0713:   89 7d f8 48 83 ce ff 48 c7 45 f0 08 00 00 00 48
0x00007ffda6ba0723:   8b ce 48 89 44 24 20 41 b9 04 00 00 00 4c 8d 45
0x00007ffda6ba0733:   f0 48 8d 55 f8 e8 23 d0 08 00 85 c0 78 c9 48 89
0x00007ffda6ba0743:   1f 48 8d 45 30 44 8b 4d 30 4c 8d 45 f0 48 8d 55
0x00007ffda6ba0753:   f8 48 89 44 24 20 48 8b ce e8 ff cf 08 00 eb 87
0x00007ffda6ba0763:   cc cc cc cc cc cc cc cc cc 48 89 5c 24 08 48 89
0x00007ffda6ba0773:   6c 24 10 56 57 41 56 48 83 ec 20 4d 8b f0 8b ea
0x00007ffda6ba0783:   45 33 c0 49 8b d9 48 8b f1 4c 8d 4c 24 50 48 8b
0x00007ffda6ba0793:   d1 41 8d 48 01 e8 33 23 02 00 48 8b ce e8 5b 54 


Stack slot to memory mapping:
stack at sp + 0 slots: 0x000001f7ab9a3ab0 points into unknown readable memory: d0 a4 cf a6 fd 7f 00 00
stack at sp + 1 slots: 0x0000006fb03fc720 is pointing into the stack for thread: 0x000001f7aba90000
stack at sp + 2 slots: 0x00007ffd759f0110 sunec.dll
stack at sp + 3 slots: 0x00007ffd759f0110 sunec.dll
stack at sp + 4 slots: 0x000001f700000001 is an unknown value
stack at sp + 5 slots: 0x000001f7ab880cc0 points into unknown readable memory: 00 00 76 00 00 00 00 00
stack at sp + 6 slots: 0x000001f700000000 is an unknown value
stack at sp + 7 slots: 0x00007ffd75a0e910 sunec.dll


---------------  P R O C E S S  ---------------

Threads class SMR info:
_java_thread_list=0x000001f7cf879370, length=12, elements={
0x000001f7aba90000, 0x000001f7cedf1000, 0x000001f7cedf2000, 0x000001f7cee08800,
0x000001f7cee0b800, 0x000001f7cee0d800, 0x000001f7cee1e000, 0x000001f7cee1f800,
0x000001f7cee22800, 0x000001f7cf0cd000, 0x000001f7cf0ce000, 0x000001f7cf88c800
}

Java Threads: ( => current thread )
=>0x000001f7aba90000 JavaThread "main" [_thread_in_native, id=22368, stack(0x0000006fb0300000,0x0000006fb0400000)]
  0x000001f7cedf1000 JavaThread "Reference Handler" daemon [_thread_blocked, id=9044, stack(0x0000006fb0a00000,0x0000006fb0b00000)]
  0x000001f7cedf2000 JavaThread "Finalizer" daemon [_thread_blocked, id=18184, stack(0x0000006fb0b00000,0x0000006fb0c00000)]
  0x000001f7cee08800 JavaThread "Signal Dispatcher" daemon [_thread_blocked, id=15772, stack(0x0000006fb0c00000,0x0000006fb0d00000)]
  0x000001f7cee0b800 JavaThread "Attach Listener" daemon [_thread_blocked, id=20784, stack(0x0000006fb0d00000,0x0000006fb0e00000)]
  0x000001f7cee0d800 JavaThread "Service Thread" daemon [_thread_blocked, id=21968, stack(0x0000006fb0e00000,0x0000006fb0f00000)]
  0x000001f7cee1e000 JavaThread "C2 CompilerThread0" daemon [_thread_blocked, id=12908, stack(0x0000006fb0f00000,0x0000006fb1000000)]
  0x000001f7cee1f800 JavaThread "C1 CompilerThread0" daemon [_thread_blocked, id=17988, stack(0x0000006fb1000000,0x0000006fb1100000)]
  0x000001f7cee22800 JavaThread "Sweeper thread" daemon [_thread_blocked, id=19328, stack(0x0000006fb1100000,0x0000006fb1200000)]
  0x000001f7cf0cd000 JavaThread "Notification Thread" daemon [_thread_blocked, id=15908, stack(0x0000006fb1200000,0x0000006fb1300000)]
  0x000001f7cf0ce000 JavaThread "Common-Cleaner" daemon [_thread_blocked, id=17784, stack(0x0000006fb1400000,0x0000006fb1500000)]
  0x000001f7cf88c800 JavaThread "FileSystemWatchService" daemon [_thread_in_native, id=15008, stack(0x0000006fb1800000,0x0000006fb1900000)]

Other Threads:
  0x000001f7ceded000 VMThread "VM Thread" [stack: 0x0000006fb0900000,0x0000006fb0a00000] [id=15380]
  0x000001f7cf0d2800 WatcherThread [stack: 0x0000006fb1300000,0x0000006fb1400000] [id=20548]
  0x000001f7abae4800 GCTaskThread "GC Thread#0" [stack: 0x0000006fb0400000,0x0000006fb0500000] [id=16596]
  0x000001f7cf873000 GCTaskThread "GC Thread#1" [stack: 0x0000006fb1500000,0x0000006fb1600000] [id=16352]
  0x000001f7cf873800 GCTaskThread "GC Thread#2" [stack: 0x0000006fb1600000,0x0000006fb1700000] [id=17380]
  0x000001f7cf874000 GCTaskThread "GC Thread#3" [stack: 0x0000006fb1700000,0x0000006fb1800000] [id=16100]
  0x000001f7abafe800 ConcurrentGCThread "G1 Main Marker" [stack: 0x0000006fb0500000,0x0000006fb0600000] [id=20704]
  0x000001f7abb00000 ConcurrentGCThread "G1 Conc#0" [stack: 0x0000006fb0600000,0x0000006fb0700000] [id=19692]
  0x000001f7ce45b800 ConcurrentGCThread "G1 Refine#0" [stack: 0x0000006fb0700000,0x0000006fb0800000] [id=16152]
  0x000001f7ce45e000 ConcurrentGCThread "G1 Young RemSet Sampling" [stack: 0x0000006fb0800000,0x0000006fb0900000] [id=14232]

Threads with active compile tasks:

VM state:not at safepoint (normal execution)

VM Mutex/Monitor currently owned by a thread: None

Heap address: 0x0000000744e00000, size: 2994 MB, Compressed Oops mode: Zero based, Oop shift amount: 3
Narrow klass base: 0x0000000800000000, Narrow klass shift: 3
Compressed class space size: 1073741824 Address: 0x0000000800b30000

Heap:
 garbage-first heap   total 192512K, used 10411K [0x0000000744e00000, 0x0000000800000000)
  region size 1024K, 6 young (6144K), 2 survivors (2048K)
 Metaspace       used 2251K, capacity 5423K, committed 5760K, reserved 1056768K
  class space    used 231K, capacity 530K, committed 640K, reserved 1048576K
Heap Regions: E=young(eden), S=young(survivor), O=old, HS=humongous(starts), HC=humongous(continues), CS=collection set, F=free, OA=open archive, CA=closed archive, TAMS=top-at-mark-start (previous, next)
|   0|0x0000000744e00000, 0x0000000744f00000, 0x0000000744f00000|100%|HS|  |TAMS 0x0000000744e00000, 0x0000000744e00000| Complete 
|   1|0x0000000744f00000, 0x0000000745000000, 0x0000000745000000|100%| O|  |TAMS 0x0000000744f00000, 0x0000000744f00000| Untracked 
|   2|0x0000000745000000, 0x0000000745100000, 0x0000000745100000|100%| O|  |TAMS 0x0000000745000000, 0x0000000745000000| Untracked 
|   3|0x0000000745100000, 0x0000000745200000, 0x0000000745200000|100%| O|  |TAMS 0x0000000745100000, 0x0000000745100000| Untracked 
|   4|0x0000000745200000, 0x0000000745300000, 0x0000000745300000|100%| O|  |TAMS 0x0000000745200000, 0x0000000745200000| Untracked 
|   5|0x0000000745300000, 0x000000074532ac00, 0x0000000745400000| 16%| O|  |TAMS 0x0000000745300000, 0x0000000745300000| Untracked 
|   6|0x0000000745400000, 0x0000000745400000, 0x0000000745500000|  0%| F|  |TAMS 0x0000000745400000, 0x0000000745400000| Untracked 
|   7|0x0000000745500000, 0x0000000745500000, 0x0000000745600000|  0%| F|  |TAMS 0x0000000745500000, 0x0000000745500000| Untracked 
|   8|0x0000000745600000, 0x0000000745600000, 0x0000000745700000|  0%| F|  |TAMS 0x0000000745600000, 0x0000000745600000| Untracked 
|   9|0x0000000745700000, 0x0000000745700000, 0x0000000745800000|  0%| F|  |TAMS 0x0000000745700000, 0x0000000745700000| Untracked 
|  10|0x0000000745800000, 0x0000000745800000, 0x0000000745900000|  0%| F|  |TAMS 0x0000000745800000, 0x0000000745800000| Untracked 
|  11|0x0000000745900000, 0x0000000745900000, 0x0000000745a00000|  0%| F|  |TAMS 0x0000000745900000, 0x0000000745900000| Untracked 
|  12|0x0000000745a00000, 0x0000000745a00000, 0x0000000745b00000|  0%| F|  |TAMS 0x0000000745a00000, 0x0000000745a00000| Untracked 
|  13|0x0000000745b00000, 0x0000000745b00000, 0x0000000745c00000|  0%| F|  |TAMS 0x0000000745b00000, 0x0000000745b00000| Untracked 
|  14|0x0000000745c00000, 0x0000000745c00000, 0x0000000745d00000|  0%| F|  |TAMS 0x0000000745c00000, 0x0000000745c00000| Untracked 
|  15|0x0000000745d00000, 0x0000000745d00000, 0x0000000745e00000|  0%| F|  |TAMS 0x0000000745d00000, 0x0000000745d00000| Untracked 
|  16|0x0000000745e00000, 0x0000000745e00000, 0x0000000745f00000|  0%| F|  |TAMS 0x0000000745e00000, 0x0000000745e00000| Untracked 
|  17|0x0000000745f00000, 0x0000000745f00000, 0x0000000746000000|  0%| F|  |TAMS 0x0000000745f00000, 0x0000000745f00000| Untracked 
|  18|0x0000000746000000, 0x0000000746000000, 0x0000000746100000|  0%| F|  |TAMS 0x0000000746000000, 0x0000000746000000| Untracked 
|  19|0x0000000746100000, 0x0000000746100000, 0x0000000746200000|  0%| F|  |TAMS 0x0000000746100000, 0x0000000746100000| Untracked 
|  20|0x0000000746200000, 0x0000000746200000, 0x0000000746300000|  0%| F|  |TAMS 0x0000000746200000, 0x0000000746200000| Untracked 
|  21|0x0000000746300000, 0x0000000746300000, 0x0000000746400000|  0%| F|  |TAMS 0x0000000746300000, 0x0000000746300000| Untracked 
|  22|0x0000000746400000, 0x0000000746400000, 0x0000000746500000|  0%| F|  |TAMS 0x0000000746400000, 0x0000000746400000| Untracked 
|  23|0x0000000746500000, 0x0000000746500000, 0x0000000746600000|  0%| F|  |TAMS 0x0000000746500000, 0x0000000746500000| Untracked 
|  24|0x0000000746600000, 0x0000000746600000, 0x0000000746700000|  0%| F|  |TAMS 0x0000000746600000, 0x0000000746600000| Untracked 
|  25|0x0000000746700000, 0x0000000746700000, 0x0000000746800000|  0%| F|  |TAMS 0x0000000746700000, 0x0000000746700000| Untracked 
|  26|0x0000000746800000, 0x0000000746800000, 0x0000000746900000|  0%| F|  |TAMS 0x0000000746800000, 0x0000000746800000| Untracked 
|  27|0x0000000746900000, 0x0000000746900000, 0x0000000746a00000|  0%| F|  |TAMS 0x0000000746900000, 0x0000000746900000| Untracked 
|  28|0x0000000746a00000, 0x0000000746a00000, 0x0000000746b00000|  0%| F|  |TAMS 0x0000000746a00000, 0x0000000746a00000| Untracked 
|  29|0x0000000746b00000, 0x0000000746b00000, 0x0000000746c00000|  0%| F|  |TAMS 0x0000000746b00000, 0x0000000746b00000| Untracked 
|  30|0x0000000746c00000, 0x0000000746c00000, 0x0000000746d00000|  0%| F|  |TAMS 0x0000000746c00000, 0x0000000746c00000| Untracked 
|  31|0x0000000746d00000, 0x0000000746d00000, 0x0000000746e00000|  0%| F|  |TAMS 0x0000000746d00000, 0x0000000746d00000| Untracked 
|  32|0x0000000746e00000, 0x0000000746e00000, 0x0000000746f00000|  0%| F|  |TAMS 0x0000000746e00000, 0x0000000746e00000| Untracked 
|  33|0x0000000746f00000, 0x0000000746f00000, 0x0000000747000000|  0%| F|  |TAMS 0x0000000746f00000, 0x0000000746f00000| Untracked 
|  34|0x0000000747000000, 0x0000000747000000, 0x0000000747100000|  0%| F|  |TAMS 0x0000000747000000, 0x0000000747000000| Untracked 
|  35|0x0000000747100000, 0x0000000747100000, 0x0000000747200000|  0%| F|  |TAMS 0x0000000747100000, 0x0000000747100000| Untracked 
|  36|0x0000000747200000, 0x0000000747200000, 0x0000000747300000|  0%| F|  |TAMS 0x0000000747200000, 0x0000000747200000| Untracked 
|  37|0x0000000747300000, 0x0000000747300000, 0x0000000747400000|  0%| F|  |TAMS 0x0000000747300000, 0x0000000747300000| Untracked 
|  38|0x0000000747400000, 0x0000000747400000, 0x0000000747500000|  0%| F|  |TAMS 0x0000000747400000, 0x0000000747400000| Untracked 
|  39|0x0000000747500000, 0x0000000747500000, 0x0000000747600000|  0%| F|  |TAMS 0x0000000747500000, 0x0000000747500000| Untracked 
|  40|0x0000000747600000, 0x0000000747600000, 0x0000000747700000|  0%| F|  |TAMS 0x0000000747600000, 0x0000000747600000| Untracked 
|  41|0x0000000747700000, 0x0000000747700000, 0x0000000747800000|  0%| F|  |TAMS 0x0000000747700000, 0x0000000747700000| Untracked 
|  42|0x0000000747800000, 0x0000000747800000, 0x0000000747900000|  0%| F|  |TAMS 0x0000000747800000, 0x0000000747800000| Untracked 
|  43|0x0000000747900000, 0x0000000747900000, 0x0000000747a00000|  0%| F|  |TAMS 0x0000000747900000, 0x0000000747900000| Untracked 
|  44|0x0000000747a00000, 0x0000000747a00000, 0x0000000747b00000|  0%| F|  |TAMS 0x0000000747a00000, 0x0000000747a00000| Untracked 
|  45|0x0000000747b00000, 0x0000000747b00000, 0x0000000747c00000|  0%| F|  |TAMS 0x0000000747b00000, 0x0000000747b00000| Untracked 
|  46|0x0000000747c00000, 0x0000000747c00000, 0x0000000747d00000|  0%| F|  |TAMS 0x0000000747c00000, 0x0000000747c00000| Untracked 
|  47|0x0000000747d00000, 0x0000000747d00000, 0x0000000747e00000|  0%| F|  |TAMS 0x0000000747d00000, 0x0000000747d00000| Untracked 
|  48|0x0000000747e00000, 0x0000000747e00000, 0x0000000747f00000|  0%| F|  |TAMS 0x0000000747e00000, 0x0000000747e00000| Untracked 
|  49|0x0000000747f00000, 0x0000000747f00000, 0x0000000748000000|  0%| F|  |TAMS 0x0000000747f00000, 0x0000000747f00000| Untracked 
|  50|0x0000000748000000, 0x0000000748000000, 0x0000000748100000|  0%| F|  |TAMS 0x0000000748000000, 0x0000000748000000| Untracked 
|  51|0x0000000748100000, 0x0000000748100000, 0x0000000748200000|  0%| F|  |TAMS 0x0000000748100000, 0x0000000748100000| Untracked 
|  52|0x0000000748200000, 0x0000000748200000, 0x0000000748300000|  0%| F|  |TAMS 0x0000000748200000, 0x0000000748200000| Untracked 
|  53|0x0000000748300000, 0x0000000748300000, 0x0000000748400000|  0%| F|  |TAMS 0x0000000748300000, 0x0000000748300000| Untracked 
|  54|0x0000000748400000, 0x0000000748400000, 0x0000000748500000|  0%| F|  |TAMS 0x0000000748400000, 0x0000000748400000| Untracked 
|  55|0x0000000748500000, 0x0000000748500000, 0x0000000748600000|  0%| F|  |TAMS 0x0000000748500000, 0x0000000748500000| Untracked 
|  56|0x0000000748600000, 0x0000000748600000, 0x0000000748700000|  0%| F|  |TAMS 0x0000000748600000, 0x0000000748600000| Untracked 
|  57|0x0000000748700000, 0x0000000748700000, 0x0000000748800000|  0%| F|  |TAMS 0x0000000748700000, 0x0000000748700000| Untracked 
|  58|0x0000000748800000, 0x0000000748800000, 0x0000000748900000|  0%| F|  |TAMS 0x0000000748800000, 0x0000000748800000| Untracked 
|  59|0x0000000748900000, 0x0000000748900000, 0x0000000748a00000|  0%| F|  |TAMS 0x0000000748900000, 0x0000000748900000| Untracked 
|  60|0x0000000748a00000, 0x0000000748a00000, 0x0000000748b00000|  0%| F|  |TAMS 0x0000000748a00000, 0x0000000748a00000| Untracked 
|  61|0x0000000748b00000, 0x0000000748b00000, 0x0000000748c00000|  0%| F|  |TAMS 0x0000000748b00000, 0x0000000748b00000| Untracked 
|  62|0x0000000748c00000, 0x0000000748c00000, 0x0000000748d00000|  0%| F|  |TAMS 0x0000000748c00000, 0x0000000748c00000| Untracked 
|  63|0x0000000748d00000, 0x0000000748d00000, 0x0000000748e00000|  0%| F|  |TAMS 0x0000000748d00000, 0x0000000748d00000| Untracked 
|  64|0x0000000748e00000, 0x0000000748e00000, 0x0000000748f00000|  0%| F|  |TAMS 0x0000000748e00000, 0x0000000748e00000| Untracked 
|  65|0x0000000748f00000, 0x0000000748f00000, 0x0000000749000000|  0%| F|  |TAMS 0x0000000748f00000, 0x0000000748f00000| Untracked 
|  66|0x0000000749000000, 0x0000000749000000, 0x0000000749100000|  0%| F|  |TAMS 0x0000000749000000, 0x0000000749000000| Untracked 
|  67|0x0000000749100000, 0x0000000749100000, 0x0000000749200000|  0%| F|  |TAMS 0x0000000749100000, 0x0000000749100000| Untracked 
|  68|0x0000000749200000, 0x0000000749200000, 0x0000000749300000|  0%| F|  |TAMS 0x0000000749200000, 0x0000000749200000| Untracked 
|  69|0x0000000749300000, 0x0000000749300000, 0x0000000749400000|  0%| F|  |TAMS 0x0000000749300000, 0x0000000749300000| Untracked 
|  70|0x0000000749400000, 0x0000000749400000, 0x0000000749500000|  0%| F|  |TAMS 0x0000000749400000, 0x0000000749400000| Untracked 
|  71|0x0000000749500000, 0x0000000749500000, 0x0000000749600000|  0%| F|  |TAMS 0x0000000749500000, 0x0000000749500000| Untracked 
|  72|0x0000000749600000, 0x0000000749600000, 0x0000000749700000|  0%| F|  |TAMS 0x0000000749600000, 0x0000000749600000| Untracked 
|  73|0x0000000749700000, 0x0000000749700000, 0x0000000749800000|  0%| F|  |TAMS 0x0000000749700000, 0x0000000749700000| Untracked 
|  74|0x0000000749800000, 0x0000000749800000, 0x0000000749900000|  0%| F|  |TAMS 0x0000000749800000, 0x0000000749800000| Untracked 
|  75|0x0000000749900000, 0x0000000749900000, 0x0000000749a00000|  0%| F|  |TAMS 0x0000000749900000, 0x0000000749900000| Untracked 
|  76|0x0000000749a00000, 0x0000000749a00000, 0x0000000749b00000|  0%| F|  |TAMS 0x0000000749a00000, 0x0000000749a00000| Untracked 
|  77|0x0000000749b00000, 0x0000000749b00000, 0x0000000749c00000|  0%| F|  |TAMS 0x0000000749b00000, 0x0000000749b00000| Untracked 
|  78|0x0000000749c00000, 0x0000000749c00000, 0x0000000749d00000|  0%| F|  |TAMS 0x0000000749c00000, 0x0000000749c00000| Untracked 
|  79|0x0000000749d00000, 0x0000000749d00000, 0x0000000749e00000|  0%| F|  |TAMS 0x0000000749d00000, 0x0000000749d00000| Untracked 
|  80|0x0000000749e00000, 0x0000000749e00000, 0x0000000749f00000|  0%| F|  |TAMS 0x0000000749e00000, 0x0000000749e00000| Untracked 
|  81|0x0000000749f00000, 0x0000000749f00000, 0x000000074a000000|  0%| F|  |TAMS 0x0000000749f00000, 0x0000000749f00000| Untracked 
|  82|0x000000074a000000, 0x000000074a000000, 0x000000074a100000|  0%| F|  |TAMS 0x000000074a000000, 0x000000074a000000| Untracked 
|  83|0x000000074a100000, 0x000000074a100000, 0x000000074a200000|  0%| F|  |TAMS 0x000000074a100000, 0x000000074a100000| Untracked 
|  84|0x000000074a200000, 0x000000074a200000, 0x000000074a300000|  0%| F|  |TAMS 0x000000074a200000, 0x000000074a200000| Untracked 
|  85|0x000000074a300000, 0x000000074a300000, 0x000000074a400000|  0%| F|  |TAMS 0x000000074a300000, 0x000000074a300000| Untracked 
|  86|0x000000074a400000, 0x000000074a400000, 0x000000074a500000|  0%| F|  |TAMS 0x000000074a400000, 0x000000074a400000| Untracked 
|  87|0x000000074a500000, 0x000000074a500000, 0x000000074a600000|  0%| F|  |TAMS 0x000000074a500000, 0x000000074a500000| Untracked 
|  88|0x000000074a600000, 0x000000074a600000, 0x000000074a700000|  0%| F|  |TAMS 0x000000074a600000, 0x000000074a600000| Untracked 
|  89|0x000000074a700000, 0x000000074a700000, 0x000000074a800000|  0%| F|  |TAMS 0x000000074a700000, 0x000000074a700000| Untracked 
|  90|0x000000074a800000, 0x000000074a800000, 0x000000074a900000|  0%| F|  |TAMS 0x000000074a800000, 0x000000074a800000| Untracked 
|  91|0x000000074a900000, 0x000000074a900000, 0x000000074aa00000|  0%| F|  |TAMS 0x000000074a900000, 0x000000074a900000| Untracked 
|  92|0x000000074aa00000, 0x000000074aa00000, 0x000000074ab00000|  0%| F|  |TAMS 0x000000074aa00000, 0x000000074aa00000| Untracked 
|  93|0x000000074ab00000, 0x000000074ab00000, 0x000000074ac00000|  0%| F|  |TAMS 0x000000074ab00000, 0x000000074ab00000| Untracked 
|  94|0x000000074ac00000, 0x000000074ac00000, 0x000000074ad00000|  0%| F|  |TAMS 0x000000074ac00000, 0x000000074ac00000| Untracked 
|  95|0x000000074ad00000, 0x000000074ad00000, 0x000000074ae00000|  0%| F|  |TAMS 0x000000074ad00000, 0x000000074ad00000| Untracked 
|  96|0x000000074ae00000, 0x000000074ae00000, 0x000000074af00000|  0%| F|  |TAMS 0x000000074ae00000, 0x000000074ae00000| Untracked 
|  97|0x000000074af00000, 0x000000074af00000, 0x000000074b000000|  0%| F|  |TAMS 0x000000074af00000, 0x000000074af00000| Untracked 
|  98|0x000000074b000000, 0x000000074b000000, 0x000000074b100000|  0%| F|  |TAMS 0x000000074b000000, 0x000000074b000000| Untracked 
|  99|0x000000074b100000, 0x000000074b100000, 0x000000074b200000|  0%| F|  |TAMS 0x000000074b100000, 0x000000074b100000| Untracked 
| 100|0x000000074b200000, 0x000000074b200000, 0x000000074b300000|  0%| F|  |TAMS 0x000000074b200000, 0x000000074b200000| Untracked 
| 101|0x000000074b300000, 0x000000074b300000, 0x000000074b400000|  0%| F|  |TAMS 0x000000074b300000, 0x000000074b300000| Untracked 
| 102|0x000000074b400000, 0x000000074b400000, 0x000000074b500000|  0%| F|  |TAMS 0x000000074b400000, 0x000000074b400000| Untracked 
| 103|0x000000074b500000, 0x000000074b500000, 0x000000074b600000|  0%| F|  |TAMS 0x000000074b500000, 0x000000074b500000| Untracked 
| 104|0x000000074b600000, 0x000000074b600000, 0x000000074b700000|  0%| F|  |TAMS 0x000000074b600000, 0x000000074b600000| Untracked 
| 105|0x000000074b700000, 0x000000074b700000, 0x000000074b800000|  0%| F|  |TAMS 0x000000074b700000, 0x000000074b700000| Untracked 
| 106|0x000000074b800000, 0x000000074b800000, 0x000000074b900000|  0%| F|  |TAMS 0x000000074b800000, 0x000000074b800000| Untracked 
| 107|0x000000074b900000, 0x000000074b900000, 0x000000074ba00000|  0%| F|  |TAMS 0x000000074b900000, 0x000000074b900000| Untracked 
| 108|0x000000074ba00000, 0x000000074ba00000, 0x000000074bb00000|  0%| F|  |TAMS 0x000000074ba00000, 0x000000074ba00000| Untracked 
| 109|0x000000074bb00000, 0x000000074bb00000, 0x000000074bc00000|  0%| F|  |TAMS 0x000000074bb00000, 0x000000074bb00000| Untracked 
| 110|0x000000074bc00000, 0x000000074bc00000, 0x000000074bd00000|  0%| F|  |TAMS 0x000000074bc00000, 0x000000074bc00000| Untracked 
| 111|0x000000074bd00000, 0x000000074bd00000, 0x000000074be00000|  0%| F|  |TAMS 0x000000074bd00000, 0x000000074bd00000| Untracked 
| 112|0x000000074be00000, 0x000000074be00000, 0x000000074bf00000|  0%| F|  |TAMS 0x000000074be00000, 0x000000074be00000| Untracked 
| 113|0x000000074bf00000, 0x000000074bf00000, 0x000000074c000000|  0%| F|  |TAMS 0x000000074bf00000, 0x000000074bf00000| Untracked 
| 114|0x000000074c000000, 0x000000074c000000, 0x000000074c100000|  0%| F|  |TAMS 0x000000074c000000, 0x000000074c000000| Untracked 
| 115|0x000000074c100000, 0x000000074c100000, 0x000000074c200000|  0%| F|  |TAMS 0x000000074c100000, 0x000000074c100000| Untracked 
| 116|0x000000074c200000, 0x000000074c200000, 0x000000074c300000|  0%| F|  |TAMS 0x000000074c200000, 0x000000074c200000| Untracked 
| 117|0x000000074c300000, 0x000000074c300000, 0x000000074c400000|  0%| F|  |TAMS 0x000000074c300000, 0x000000074c300000| Untracked 
| 118|0x000000074c400000, 0x000000074c400000, 0x000000074c500000|  0%| F|  |TAMS 0x000000074c400000, 0x000000074c400000| Untracked 
| 119|0x000000074c500000, 0x000000074c500000, 0x000000074c600000|  0%| F|  |TAMS 0x000000074c500000, 0x000000074c500000| Untracked 
| 120|0x000000074c600000, 0x000000074c600000, 0x000000074c700000|  0%| F|  |TAMS 0x000000074c600000, 0x000000074c600000| Untracked 
| 121|0x000000074c700000, 0x000000074c700000, 0x000000074c800000|  0%| F|  |TAMS 0x000000074c700000, 0x000000074c700000| Untracked 
| 122|0x000000074c800000, 0x000000074c800000, 0x000000074c900000|  0%| F|  |TAMS 0x000000074c800000, 0x000000074c800000| Untracked 
| 123|0x000000074c900000, 0x000000074c900000, 0x000000074ca00000|  0%| F|  |TAMS 0x000000074c900000, 0x000000074c900000| Untracked 
| 124|0x000000074ca00000, 0x000000074ca00000, 0x000000074cb00000|  0%| F|  |TAMS 0x000000074ca00000, 0x000000074ca00000| Untracked 
| 125|0x000000074cb00000, 0x000000074cb00000, 0x000000074cc00000|  0%| F|  |TAMS 0x000000074cb00000, 0x000000074cb00000| Untracked 
| 126|0x000000074cc00000, 0x000000074cc00000, 0x000000074cd00000|  0%| F|  |TAMS 0x000000074cc00000, 0x000000074cc00000| Untracked 
| 127|0x000000074cd00000, 0x000000074cd00000, 0x000000074ce00000|  0%| F|  |TAMS 0x000000074cd00000, 0x000000074cd00000| Untracked 
| 128|0x000000074ce00000, 0x000000074ce00000, 0x000000074cf00000|  0%| F|  |TAMS 0x000000074ce00000, 0x000000074ce00000| Untracked 
| 129|0x000000074cf00000, 0x000000074cf00000, 0x000000074d000000|  0%| F|  |TAMS 0x000000074cf00000, 0x000000074cf00000| Untracked 
| 130|0x000000074d000000, 0x000000074d000000, 0x000000074d100000|  0%| F|  |TAMS 0x000000074d000000, 0x000000074d000000| Untracked 
| 131|0x000000074d100000, 0x000000074d100000, 0x000000074d200000|  0%| F|  |TAMS 0x000000074d100000, 0x000000074d100000| Untracked 
| 132|0x000000074d200000, 0x000000074d200000, 0x000000074d300000|  0%| F|  |TAMS 0x000000074d200000, 0x000000074d200000| Untracked 
| 133|0x000000074d300000, 0x000000074d300000, 0x000000074d400000|  0%| F|  |TAMS 0x000000074d300000, 0x000000074d300000| Untracked 
| 134|0x000000074d400000, 0x000000074d400000, 0x000000074d500000|  0%| F|  |TAMS 0x000000074d400000, 0x000000074d400000| Untracked 
| 135|0x000000074d500000, 0x000000074d500000, 0x000000074d600000|  0%| F|  |TAMS 0x000000074d500000, 0x000000074d500000| Untracked 
| 136|0x000000074d600000, 0x000000074d600000, 0x000000074d700000|  0%| F|  |TAMS 0x000000074d600000, 0x000000074d600000| Untracked 
| 137|0x000000074d700000, 0x000000074d700000, 0x000000074d800000|  0%| F|  |TAMS 0x000000074d700000, 0x000000074d700000| Untracked 
| 138|0x000000074d800000, 0x000000074d800000, 0x000000074d900000|  0%| F|  |TAMS 0x000000074d800000, 0x000000074d800000| Untracked 
| 139|0x000000074d900000, 0x000000074d900000, 0x000000074da00000|  0%| F|  |TAMS 0x000000074d900000, 0x000000074d900000| Untracked 
| 140|0x000000074da00000, 0x000000074da00000, 0x000000074db00000|  0%| F|  |TAMS 0x000000074da00000, 0x000000074da00000| Untracked 
| 141|0x000000074db00000, 0x000000074db00000, 0x000000074dc00000|  0%| F|  |TAMS 0x000000074db00000, 0x000000074db00000| Untracked 
| 142|0x000000074dc00000, 0x000000074dc00000, 0x000000074dd00000|  0%| F|  |TAMS 0x000000074dc00000, 0x000000074dc00000| Untracked 
| 143|0x000000074dd00000, 0x000000074dd00000, 0x000000074de00000|  0%| F|  |TAMS 0x000000074dd00000, 0x000000074dd00000| Untracked 
| 144|0x000000074de00000, 0x000000074de00000, 0x000000074df00000|  0%| F|  |TAMS 0x000000074de00000, 0x000000074de00000| Untracked 
| 145|0x000000074df00000, 0x000000074df00000, 0x000000074e000000|  0%| F|  |TAMS 0x000000074df00000, 0x000000074df00000| Untracked 
| 146|0x000000074e000000, 0x000000074e000000, 0x000000074e100000|  0%| F|  |TAMS 0x000000074e000000, 0x000000074e000000| Untracked 
| 147|0x000000074e100000, 0x000000074e100000, 0x000000074e200000|  0%| F|  |TAMS 0x000000074e100000, 0x000000074e100000| Untracked 
| 148|0x000000074e200000, 0x000000074e200000, 0x000000074e300000|  0%| F|  |TAMS 0x000000074e200000, 0x000000074e200000| Untracked 
| 149|0x000000074e300000, 0x000000074e300000, 0x000000074e400000|  0%| F|  |TAMS 0x000000074e300000, 0x000000074e300000| Untracked 
| 150|0x000000074e400000, 0x000000074e400000, 0x000000074e500000|  0%| F|  |TAMS 0x000000074e400000, 0x000000074e400000| Untracked 
| 151|0x000000074e500000, 0x000000074e500000, 0x000000074e600000|  0%| F|  |TAMS 0x000000074e500000, 0x000000074e500000| Untracked 
| 152|0x000000074e600000, 0x000000074e600000, 0x000000074e700000|  0%| F|  |TAMS 0x000000074e600000, 0x000000074e600000| Untracked 
| 153|0x000000074e700000, 0x000000074e700000, 0x000000074e800000|  0%| F|  |TAMS 0x000000074e700000, 0x000000074e700000| Untracked 
| 154|0x000000074e800000, 0x000000074e800000, 0x000000074e900000|  0%| F|  |TAMS 0x000000074e800000, 0x000000074e800000| Untracked 
| 155|0x000000074e900000, 0x000000074e900000, 0x000000074ea00000|  0%| F|  |TAMS 0x000000074e900000, 0x000000074e900000| Untracked 
| 156|0x000000074ea00000, 0x000000074ea00000, 0x000000074eb00000|  0%| F|  |TAMS 0x000000074ea00000, 0x000000074ea00000| Untracked 
| 157|0x000000074eb00000, 0x000000074eb00000, 0x000000074ec00000|  0%| F|  |TAMS 0x000000074eb00000, 0x000000074eb00000| Untracked 
| 158|0x000000074ec00000, 0x000000074ec00000, 0x000000074ed00000|  0%| F|  |TAMS 0x000000074ec00000, 0x000000074ec00000| Untracked 
| 159|0x000000074ed00000, 0x000000074ed00000, 0x000000074ee00000|  0%| F|  |TAMS 0x000000074ed00000, 0x000000074ed00000| Untracked 
| 160|0x000000074ee00000, 0x000000074ee00000, 0x000000074ef00000|  0%| F|  |TAMS 0x000000074ee00000, 0x000000074ee00000| Untracked 
| 161|0x000000074ef00000, 0x000000074ef00000, 0x000000074f000000|  0%| F|  |TAMS 0x000000074ef00000, 0x000000074ef00000| Untracked 
| 162|0x000000074f000000, 0x000000074f000000, 0x000000074f100000|  0%| F|  |TAMS 0x000000074f000000, 0x000000074f000000| Untracked 
| 163|0x000000074f100000, 0x000000074f100000, 0x000000074f200000|  0%| F|  |TAMS 0x000000074f100000, 0x000000074f100000| Untracked 
| 164|0x000000074f200000, 0x000000074f200000, 0x000000074f300000|  0%| F|  |TAMS 0x000000074f200000, 0x000000074f200000| Untracked 
| 165|0x000000074f300000, 0x000000074f300000, 0x000000074f400000|  0%| F|  |TAMS 0x000000074f300000, 0x000000074f300000| Untracked 
| 166|0x000000074f400000, 0x000000074f400000, 0x000000074f500000|  0%| F|  |TAMS 0x000000074f400000, 0x000000074f400000| Untracked 
| 167|0x000000074f500000, 0x000000074f500000, 0x000000074f600000|  0%| F|  |TAMS 0x000000074f500000, 0x000000074f500000| Untracked 
| 168|0x000000074f600000, 0x000000074f600000, 0x000000074f700000|  0%| F|  |TAMS 0x000000074f600000, 0x000000074f600000| Untracked 
| 169|0x000000074f700000, 0x000000074f700000, 0x000000074f800000|  0%| F|  |TAMS 0x000000074f700000, 0x000000074f700000| Untracked 
| 170|0x000000074f800000, 0x000000074f800000, 0x000000074f900000|  0%| F|  |TAMS 0x000000074f800000, 0x000000074f800000| Untracked 
| 171|0x000000074f900000, 0x000000074f900000, 0x000000074fa00000|  0%| F|  |TAMS 0x000000074f900000, 0x000000074f900000| Untracked 
| 172|0x000000074fa00000, 0x000000074fa00000, 0x000000074fb00000|  0%| F|  |TAMS 0x000000074fa00000, 0x000000074fa00000| Untracked 
| 173|0x000000074fb00000, 0x000000074fc00000, 0x000000074fc00000|100%| S|CS|TAMS 0x000000074fb00000, 0x000000074fb00000| Complete 
| 174|0x000000074fc00000, 0x000000074fd00000, 0x000000074fd00000|100%| S|CS|TAMS 0x000000074fc00000, 0x000000074fc00000| Complete 
| 175|0x000000074fd00000, 0x000000074fd00000, 0x000000074fe00000|  0%| F|  |TAMS 0x000000074fd00000, 0x000000074fd00000| Untracked 
| 176|0x000000074fe00000, 0x000000074fe00000, 0x000000074ff00000|  0%| F|  |TAMS 0x000000074fe00000, 0x000000074fe00000| Untracked 
| 177|0x000000074ff00000, 0x000000074ff00000, 0x0000000750000000|  0%| F|  |TAMS 0x000000074ff00000, 0x000000074ff00000| Untracked 
| 178|0x0000000750000000, 0x0000000750000000, 0x0000000750100000|  0%| F|  |TAMS 0x0000000750000000, 0x0000000750000000| Untracked 
| 179|0x0000000750100000, 0x0000000750100000, 0x0000000750200000|  0%| F|  |TAMS 0x0000000750100000, 0x0000000750100000| Untracked 
| 180|0x0000000750200000, 0x0000000750200000, 0x0000000750300000|  0%| F|  |TAMS 0x0000000750200000, 0x0000000750200000| Untracked 
| 181|0x0000000750300000, 0x0000000750300000, 0x0000000750400000|  0%| F|  |TAMS 0x0000000750300000, 0x0000000750300000| Untracked 
| 182|0x0000000750400000, 0x0000000750400000, 0x0000000750500000|  0%| F|  |TAMS 0x0000000750400000, 0x0000000750400000| Untracked 
| 183|0x0000000750500000, 0x0000000750500000, 0x0000000750600000|  0%| F|  |TAMS 0x0000000750500000, 0x0000000750500000| Untracked 
| 184|0x0000000750600000, 0x0000000750638d50, 0x0000000750700000| 22%| E|  |TAMS 0x0000000750600000, 0x0000000750600000| Complete 
| 185|0x0000000750700000, 0x0000000750800000, 0x0000000750800000|100%| E|CS|TAMS 0x0000000750700000, 0x0000000750700000| Complete 
| 186|0x0000000750800000, 0x0000000750900000, 0x0000000750900000|100%| E|CS|TAMS 0x0000000750800000, 0x0000000750800000| Complete 
| 187|0x0000000750900000, 0x0000000750a00000, 0x0000000750a00000|100%| E|CS|TAMS 0x0000000750900000, 0x0000000750900000| Complete 

Card table byte_map: [0x000001f7c55d0000,0x000001f7c5bb0000] _byte_map_base: 0x000001f7c1ba9000

Marking Bits (Prev, Next): (CMBitMap*) 0x000001f7abae5fa8, (CMBitMap*) 0x000001f7abae5fe8
 Prev Bits: [0x000001f7c6190000, 0x000001f7c9058000)
 Next Bits: [0x000001f7c9060000, 0x000001f7cbf28000)

Polling page: 0x000001f7ab910000

Metaspace:

Usage:
  Non-class:      4.78 MB capacity,     1.97 MB ( 41%) used,     2.80 MB ( 59%) free+waste,     1.69 KB ( <1%) overhead. 
      Class:    530.00 KB capacity,   231.26 KB ( 44%) used,   297.68 KB ( 56%) free+waste,     1.06 KB ( <1%) overhead. 
       Both:      5.30 MB capacity,     2.20 MB ( 42%) used,     3.09 MB ( 58%) free+waste,     2.75 KB ( <1%) overhead. 

Virtual space:
  Non-class space:        8.00 MB reserved,       5.00 MB ( 63%) committed 
      Class space:        1.00 GB reserved,     640.00 KB ( <1%) committed 
             Both:        1.01 GB reserved,       5.63 MB ( <1%) committed 

Chunk freelists:
   Non-Class:  35.00 KB
       Class:  14.00 KB
        Both:  49.00 KB

MaxMetaspaceSize: 17179869184.00 GB
CompressedClassSpaceSize: 1.00 GB

CodeHeap 'non-profiled nmethods': size=120000Kb used=185Kb max_used=185Kb free=119814Kb
 bounds [0x000001f7bd4a0000, 0x000001f7bd710000, 0x000001f7c49d0000]
CodeHeap 'profiled nmethods': size=120000Kb used=1143Kb max_used=1143Kb free=118856Kb
 bounds [0x000001f7b5f70000, 0x000001f7b61e0000, 0x000001f7bd4a0000]
CodeHeap 'non-nmethods': size=5760Kb used=1145Kb max_used=1161Kb free=4614Kb
 bounds [0x000001f7b59d0000, 0x000001f7b5c40000, 0x000001f7b5f70000]
 total_blobs=1423 nmethods=590 adapters=306
 compilation: enabled
              stopped_count=0, restarted_count=0
 full_count=0

Compilation events (20 events):
Event: 0.841 Thread 0x000001f7cee1f800 nmethod 581 0x000001f7bd4cd090 code [0x000001f7bd4cd220, 0x000001f7bd4cd2f8]
Event: 0.842 Thread 0x000001f7cee1f800  582       3       java.lang.String::valueOf (15 bytes)
Event: 0.842 Thread 0x000001f7cee1f800 nmethod 582 0x000001f7b608b310 code [0x000001f7b608b4c0, 0x000001f7b608b6c8]
Event: 0.842 Thread 0x000001f7cee1f800  583  s    3       java.util.Properties::put (10 bytes)
Event: 0.842 Thread 0x000001f7cee1f800 nmethod 583 0x000001f7b608b790 code [0x000001f7b608b940, 0x000001f7b608bca8]
Event: 0.843 Thread 0x000001f7cee1f800  584       3       java.lang.String::toUpperCase (29 bytes)
Event: 0.843 Thread 0x000001f7cee1f800 nmethod 584 0x000001f7b608bd90 code [0x000001f7b608bf60, 0x000001f7b608c238]
Event: 0.843 Thread 0x000001f7cee1f800  585       3       java.util.ArrayList$Itr::hasNext (20 bytes)
Event: 0.843 Thread 0x000001f7cee1f800 nmethod 585 0x000001f7b608c310 code [0x000001f7b608c4a0, 0x000001f7b608c638]
Event: 0.844 Thread 0x000001f7cee1f800  587       3       java.nio.MappedByteBuffer::limit (8 bytes)
Event: 0.844 Thread 0x000001f7cee1f800 nmethod 587 0x000001f7b608c710 code [0x000001f7b608c8c0, 0x000001f7b608ca88]
Event: 0.844 Thread 0x000001f7cee1f800  588       3       java.nio.MappedByteBuffer::position (8 bytes)
Event: 0.844 Thread 0x000001f7cee1f800 nmethod 588 0x000001f7b608cb90 code [0x000001f7b608cd40, 0x000001f7b608cf08]
Event: 0.844 Thread 0x000001f7cee1f800  589       3       java.nio.DirectByteBuffer::<init> (55 bytes)
Event: 0.845 Thread 0x000001f7cee1f800 nmethod 589 0x000001f7b608d010 code [0x000001f7b608d200, 0x000001f7b608d768]
Event: 0.845 Thread 0x000001f7cee1f800  590       3       java.nio.DirectByteBufferR::slice (85 bytes)
Event: 0.846 Thread 0x000001f7cee1f800 nmethod 590 0x000001f7b608d990 code [0x000001f7b608db40, 0x000001f7b608de48]
Event: 0.850 Thread 0x000001f7cee1e000 nmethod 578 0x000001f7bd4cd390 code [0x000001f7bd4cd5e0, 0x000001f7bd4cde78]
Event: 0.850 Thread 0x000001f7cee1e000  586       4       java.util.concurrent.ConcurrentHashMap::setTabAt (20 bytes)
Event: 0.851 Thread 0x000001f7cee1e000 nmethod 586 0x000001f7bd4ce290 code [0x000001f7bd4ce400, 0x000001f7bd4ce518]

GC Heap History (2 events):
Event: 0.544 GC heap before
{Heap before GC invocations=0 (full 0):
 garbage-first heap   total 192512K, used 13312K [0x0000000744e00000, 0x0000000800000000)
  region size 1024K, 13 young (13312K), 0 survivors (0K)
 Metaspace       used 811K, capacity 4596K, committed 4864K, reserved 1056768K
  class space    used 66K, capacity 427K, committed 512K, reserved 1048576K
}
Event: 0.548 GC heap after
{Heap after GC invocations=1 (full 0):
 garbage-first heap   total 192512K, used 7339K [0x0000000744e00000, 0x0000000800000000)
  region size 1024K, 2 young (2048K), 2 survivors (2048K)
 Metaspace       used 811K, capacity 4596K, committed 4864K, reserved 1056768K
  class space    used 66K, capacity 427K, committed 512K, reserved 1048576K
}

Deoptimization events (20 events):
Event: 0.169 Thread 0x000001f7aba90000 DEOPT PACKING pc=0x000001f7bd4a0cc4 sp=0x0000006fb03fee30
Event: 0.169 Thread 0x000001f7aba90000 DEOPT UNPACKING pc=0x000001f7b5a1912f sp=0x0000006fb03fed70 mode 2
Event: 0.186 Thread 0x000001f7aba90000 DEOPT PACKING pc=0x000001f7b5f77cf9 sp=0x0000006fb03fa0b0
Event: 0.186 Thread 0x000001f7aba90000 DEOPT UNPACKING pc=0x000001f7b5a1964e sp=0x0000006fb03f9538 mode 0
Event: 0.215 Thread 0x000001f7aba90000 DEOPT PACKING pc=0x000001f7b5faf950 sp=0x0000006fb03fa0a0
Event: 0.215 Thread 0x000001f7aba90000 DEOPT UNPACKING pc=0x000001f7b5a1964e sp=0x0000006fb03f9540 mode 0
Event: 0.294 Thread 0x000001f7aba90000 Uncommon trap: trap_request=0xffffff45 fr.pc=0x000001f7bd4aece8 relative=0x00000000000001c8
Event: 0.294 Thread 0x000001f7aba90000 Uncommon trap: reason=unstable_if action=reinterpret pc=0x000001f7bd4aece8 method=java.util.zip.ZipFile$Source.isMetaName([BII)Z @ 43 c2
Event: 0.294 Thread 0x000001f7aba90000 DEOPT PACKING pc=0x000001f7bd4aece8 sp=0x0000006fb03f9c10
Event: 0.294 Thread 0x000001f7aba90000 DEOPT UNPACKING pc=0x000001f7b5a1912f sp=0x0000006fb03f9bb8 mode 2
Event: 0.411 Thread 0x000001f7aba90000 DEOPT PACKING pc=0x000001f7b5fc1374 sp=0x0000006fb03fda70
Event: 0.411 Thread 0x000001f7aba90000 DEOPT UNPACKING pc=0x000001f7b5a1964e sp=0x0000006fb03fcec8 mode 0
Event: 0.655 Thread 0x000001f7aba90000 DEOPT PACKING pc=0x000001f7b5f80bdf sp=0x0000006fb03f91c0
Event: 0.655 Thread 0x000001f7aba90000 DEOPT UNPACKING pc=0x000001f7b5a1964e sp=0x0000006fb03f8638 mode 0
Event: 0.710 Thread 0x000001f7aba90000 Uncommon trap: trap_request=0xffffff45 fr.pc=0x000001f7bd4ae110 relative=0x0000000000000070
Event: 0.710 Thread 0x000001f7aba90000 Uncommon trap: reason=unstable_if action=reinterpret pc=0x000001f7bd4ae110 method=java.io.WinNTFileSystem.isSlash(C)Z @ 9 c2
Event: 0.710 Thread 0x000001f7aba90000 DEOPT PACKING pc=0x000001f7bd4ae110 sp=0x0000006fb03fe450
Event: 0.711 Thread 0x000001f7aba90000 DEOPT UNPACKING pc=0x000001f7b5a1912f sp=0x0000006fb03fe3d8 mode 2
Event: 0.815 Thread 0x000001f7aba90000 DEOPT PACKING pc=0x000001f7b5f7cabb sp=0x0000006fb03fe0d0
Event: 0.815 Thread 0x000001f7aba90000 DEOPT UNPACKING pc=0x000001f7b5a1964e sp=0x0000006fb03fd548 mode 0

Classes unloaded (0 events):
No events

Classes redefined (0 events):
No events

Internal exceptions (1 events):
Event: 0.500 Thread 0x000001f7aba90000 Exception <a 'java/lang/NoSuchMethodError'{0x000000074fe9e508}: 'java.lang.Object java.lang.invoke.DirectMethodHandle$Holder.invokeStatic(java.lang.Object, int, java.lang.Object)'> (0x000000074fe9e508) 
thrown [t:/workspace/open/src/hotspot/share/interpreter/linkResolver.cpp, line 766]

Events (20 events):
Event: 0.840 loading class java/security/Provider$UString
Event: 0.840 loading class java/security/Provider$UString done
Event: 0.841 loading class java/util/LinkedHashMap$LinkedKeySet
Event: 0.841 loading class java/util/LinkedHashMap$LinkedKeySet done
Event: 0.841 loading class java/util/LinkedHashMap$LinkedKeyIterator
Event: 0.841 loading class java/util/LinkedHashMap$LinkedKeyIterator done
Event: 0.842 loading class sun/security/rsa/SunRsaSign
Event: 0.842 loading class sun/security/rsa/SunRsaSign done
Event: 0.842 loading class sun/security/rsa/SunRsaSignEntries
Event: 0.843 loading class sun/security/rsa/SunRsaSignEntries done
Event: 0.843 loading class sun/security/jca/ProviderConfig$3
Event: 0.843 loading class sun/security/jca/ProviderConfig$3 done
Event: 0.843 loading class sun/security/jca/ProviderConfig$ProviderLoader
Event: 0.844 loading class sun/security/jca/ProviderConfig$ProviderLoader done
Event: 0.844 loading class jdk/internal/module/ModulePatcher$PatchedModuleReader
Event: 0.844 loading class jdk/internal/module/ModulePatcher$PatchedModuleReader done
Event: 0.844 loading class sun/net/www/protocol/jrt/Handler
Event: 0.844 loading class sun/net/www/protocol/jrt/Handler done
Event: 0.845 loading class java/lang/UnsatisfiedLinkError
Event: 0.845 loading class java/lang/UnsatisfiedLinkError done


Dynamic libraries:
0x00007ff76a570000 - 0x00007ff76a57f000 	C:\Program Files\Java\jdk-14\bin\javaw.exe
0x00007ffda6b90000 - 0x00007ffda6d85000 	C:\WINDOWS\SYSTEM32\ntdll.dll
0x00007ffda6a60000 - 0x00007ffda6b1e000 	C:\WINDOWS\System32\KERNEL32.DLL
0x00007ffda4360000 - 0x00007ffda4628000 	C:\WINDOWS\System32\KERNELBASE.dll
0x00007ffda10f0000 - 0x00007ffda1180000 	C:\WINDOWS\SYSTEM32\apphelp.dll
0x00007ffda4a40000 - 0x00007ffda4b40000 	C:\WINDOWS\System32\ucrtbase.dll
0x00007ffd90b90000 - 0x00007ffd90ba5000 	C:\Program Files\Java\jdk-14\bin\VCRUNTIME140.dll
0x00007ffd75bf0000 - 0x00007ffd75c08000 	C:\Program Files\Java\jdk-14\bin\jli.dll
0x00007ffda5c60000 - 0x00007ffda5d0c000 	C:\WINDOWS\System32\ADVAPI32.dll
0x00007ffda67f0000 - 0x00007ffda688e000 	C:\WINDOWS\System32\msvcrt.dll
0x00007ffda6490000 - 0x00007ffda652b000 	C:\WINDOWS\System32\sechost.dll
0x00007ffda4c40000 - 0x00007ffda4d6a000 	C:\WINDOWS\System32\RPCRT4.dll
0x00007ffda6890000 - 0x00007ffda6a31000 	C:\WINDOWS\System32\USER32.dll
0x00007ffd77620000 - 0x00007ffd778ba000 	C:\WINDOWS\WinSxS\amd64_microsoft.windows.common-controls_6595b64144ccf1df_6.0.19041.1110_none_60b5254171f9507e\COMCTL32.dll
0x00007ffda6b20000 - 0x00007ffda6b4b000 	C:\WINDOWS\System32\GDI32.dll
0x00007ffda4660000 - 0x00007ffda4682000 	C:\WINDOWS\System32\win32u.dll
0x00007ffda4930000 - 0x00007ffda4a3b000 	C:\WINDOWS\System32\gdi32full.dll
0x00007ffda4b40000 - 0x00007ffda4bdd000 	C:\WINDOWS\System32\msvcp_win.dll
0x00007ffd9a990000 - 0x00007ffd9a99a000 	C:\WINDOWS\SYSTEM32\VERSION.dll
0x00007ffda6080000 - 0x00007ffda60b0000 	C:\WINDOWS\System32\IMM32.DLL
0x00007ffd63360000 - 0x00007ffd633fb000 	C:\Program Files\Java\jdk-14\bin\msvcp140.dll
0x00007ffd35cc0000 - 0x00007ffd367df000 	C:\Program Files\Java\jdk-14\bin\server\jvm.dll
0x00007ffda5e40000 - 0x00007ffda5e48000 	C:\WINDOWS\System32\PSAPI.DLL
0x00007ffd9daf0000 - 0x00007ffd9daf9000 	C:\WINDOWS\SYSTEM32\WSOCK32.dll
0x00007ffd83180000 - 0x00007ffd831a7000 	C:\WINDOWS\SYSTEM32\WINMM.dll
0x00007ffda5a40000 - 0x00007ffda5aab000 	C:\WINDOWS\System32\WS2_32.dll
0x00007ffda2b00000 - 0x00007ffda2b12000 	C:\WINDOWS\SYSTEM32\kernel.appcore.dll
0x00007ffd93f90000 - 0x00007ffd93f9a000 	C:\Program Files\Java\jdk-14\bin\jimage.dll
0x00007ffd904a0000 - 0x00007ffd90684000 	C:\WINDOWS\SYSTEM32\DBGHELP.DLL
0x00007ffd90410000 - 0x00007ffd9043c000 	C:\WINDOWS\SYSTEM32\dbgcore.DLL
0x00007ffda4690000 - 0x00007ffda4713000 	C:\WINDOWS\System32\bcryptPrimitives.dll
0x00007ffd77b10000 - 0x00007ffd77b35000 	C:\Program Files\Java\jdk-14\bin\java.dll
0x00007ffd770d0000 - 0x00007ffd770e7000 	C:\Program Files\Java\jdk-14\bin\zip.dll
0x00007ffda4e20000 - 0x00007ffda555f000 	C:\WINDOWS\System32\SHELL32.dll
0x00007ffda2370000 - 0x00007ffda2b00000 	C:\WINDOWS\SYSTEM32\windows.storage.dll
0x00007ffda60b0000 - 0x00007ffda6405000 	C:\WINDOWS\System32\combase.dll
0x00007ffda3d00000 - 0x00007ffda3d2e000 	C:\WINDOWS\SYSTEM32\Wldp.dll
0x00007ffda6610000 - 0x00007ffda66bd000 	C:\WINDOWS\System32\SHCORE.dll
0x00007ffda5ec0000 - 0x00007ffda5f15000 	C:\WINDOWS\System32\shlwapi.dll
0x00007ffda41f0000 - 0x00007ffda420f000 	C:\WINDOWS\SYSTEM32\profapi.dll
0x00007ffd75b10000 - 0x00007ffd75b29000 	C:\Program Files\Java\jdk-14\bin\net.dll
0x00007ffd9b9a0000 - 0x00007ffd9baac000 	C:\WINDOWS\SYSTEM32\WINHTTP.dll
0x00007ffda3a60000 - 0x00007ffda3aca000 	C:\WINDOWS\system32\mswsock.dll
0x00007ffd75af0000 - 0x00007ffd75b02000 	C:\Program Files\Java\jdk-14\bin\nio.dll
0x00007ffd93f80000 - 0x00007ffd93f90000 	C:\Program Files\Java\jdk-14\bin\verify.dll
0x00007ffd759f0000 - 0x00007ffd75a15000 	C:\Program Files\Java\jdk-14\bin\sunec.dll

dbghelp: loaded successfully - version: 4.0.5 - missing functions: none
symbol engine: initialized successfully - sym options: 0x614 - pdb path: .;C:\Program Files\Java\jdk-14\bin;C:\WINDOWS\SYSTEM32;C:\WINDOWS\WinSxS\amd64_microsoft.windows.common-controls_6595b64144ccf1df_6.0.19041.1110_none_60b5254171f9507e;C:\Program Files\Java\jdk-14\bin\server

VM Arguments:
jvm_args: -Dfile.encoding=UTF-8 -XX:+ShowCodeDetailsInExceptionMessages 
java_command: org.aksw.simba.start.QueryEvaluation
java_class_path (initial): C:\Users\lenovo\Downloads\ThesisProject-master - Final - 18July2021 - Copy (14) - Working_Copy - Copy_New\costfed\target\classes;C:\Users\lenovo\.m2\repository\org\eclipse\rdf4j\rdf4j-runtime\2.3.2\rdf4j-runtime-2.3.2.jar;C:\Users\lenovo\.m2\repository\org\eclipse\rdf4j\rdf4j-config\2.3.2\rdf4j-config-2.3.2.jar;C:\Users\lenovo\.m2\repository\org\eclipse\rdf4j\rdf4j-http-protocol\2.3.2\rdf4j-http-protocol-2.3.2.jar;C:\Users\lenovo\.m2\repository\org\eclipse\rdf4j\rdf4j-http-server-spring\2.3.2\rdf4j-http-server-spring-2.3.2.jar;C:\Users\lenovo\.m2\repository\org\eclipse\rdf4j\rdf4j-client\2.3.2\rdf4j-client-2.3.2.jar;C:\Users\lenovo\.m2\repository\org\apache\httpcomponents\httpcore\4.4.4\httpcore-4.4.4.jar;C:\Users\lenovo\.m2\repository\org\eclipse\rdf4j\rdf4j-storage\2.3.2\rdf4j-storage-2.3.2.jar;C:\Users\lenovo\.m2\repository\org\apache\lucene\lucene-backward-codecs\5.5.4\lucene-backward-codecs-5.5.4.jar;C:\Users\lenovo\.m2\repository\org\apache\lucene\lucene-memory\5.5.4\lucene-memory-5.5.4.jar;C:\Users\lenovo\.m2\repository\org\apache\lucene\lucene-suggest\5.5.4\lucene-suggest-5.5.4.jar;C:\Users\lenovo\.m2\repository\org\apache\lucene\lucene-join\5.5.4\lucene-join-5.5.4.jar;C:\Users\lenovo\.m2\repository\org\apache\lucene\lucene-grouping\5.5.4\lucene-grouping-5.5.4.jar;C:\Users\lenovo\.m2\repository\org\elasticsearch\securesm\1.0\securesm-1.0.jar;C:\Users\lenovo\.m2\repository\com\carrotsearch\hppc\0.7.1\hppc-0.7.1.jar;C:\Users\lenovo\.m2\repository\joda-time\joda-time\2.9.5\joda-time-2.9.5.jar;C:\Users\lenovo\.m2\repository\com\fasterxml\jackson\dataformat\jackson-dataformat-smile\2.8.1\jackson-dataformat-smile-2.8.1.jar;C:\Users\lenovo\.m2\repository\com\fasterxml\jackson\dataformat\jackson-dataformat-yaml\2.8.1\jackson-dataformat-yaml-2.8.1.jar;C:\Users\lenovo\.m2\repository\com\fasterxml\jackson\dataformat\jackson-dataformat-cbor\2.8.1\jackson-dataformat-cbor-2.8.1.jar;C:\Users\lenovo\.m2\repository\org\yaml\snakeyaml\1.15\snakeya
Launcher Type: SUN_STANDARD

[Global flags]
     intx CICompilerCount                          = 3                                         {product} {ergonomic}
     uint ConcGCThreads                            = 1                                         {product} {ergonomic}
     uint G1ConcRefinementThreads                  = 4                                         {product} {ergonomic}
   size_t G1HeapRegionSize                         = 1048576                                   {product} {ergonomic}
    uintx GCDrainStackTargetSize                   = 64                                        {product} {ergonomic}
   size_t InitialHeapSize                          = 197132288                                 {product} {ergonomic}
   size_t MarkStackSize                            = 4194304                                   {product} {ergonomic}
   size_t MaxHeapSize                              = 3139436544                                {product} {ergonomic}
   size_t MaxNewSize                               = 1883242496                                {product} {ergonomic}
   size_t MinHeapDeltaBytes                        = 1048576                                   {product} {ergonomic}
   size_t MinHeapSize                              = 8388608                                   {product} {ergonomic}
    uintx NonNMethodCodeHeapSize                   = 5832780                                {pd product} {ergonomic}
    uintx NonProfiledCodeHeapSize                  = 122912730                              {pd product} {ergonomic}
    uintx ProfiledCodeHeapSize                     = 122912730                              {pd product} {ergonomic}
    uintx ReservedCodeCacheSize                    = 251658240                              {pd product} {ergonomic}
     bool SegmentedCodeCache                       = true                                      {product} {ergonomic}
     bool ShowCodeDetailsInExceptionMessages       = true                                   {manageable} {command line}
   size_t SoftMaxHeapSize                          = 3139436544                             {manageable} {ergonomic}
     bool UseCompressedClassPointers               = true                                 {lp64_product} {ergonomic}
     bool UseCompressedOops                        = true                                 {lp64_product} {ergonomic}
     bool UseG1GC                                  = true                                      {product} {ergonomic}
     bool UseLargePagesIndividualAllocation        = false                                  {pd product} {ergonomic}

Logging:
Log output configuration:
 #0: stdout all=warning uptime,level,tags
 #1: stderr all=off uptime,level,tags

Environment Variables:
JAVA_HOME=C:\Program Files\Java\jdk-14
PATH=C:/Program Files/Java/jdk-14/bin/server;C:/Program Files/Java/jdk-14/bin;C:\WINDOWS\system32;C:\WINDOWS;C:\WINDOWS\System32\Wbem;C:\WINDOWS\System32\WindowsPowerShell\v1.0\;C:\WINDOWS\System32\OpenSSH\;C:\Program Files\Git\cmd;C:\Users\lenovo\Downloads\apache-maven-3.6.3-bin\apache-maven-3.6.3\bin;C:\Program Files\Microsoft SQL Server\Client SDK\ODBC\110\Tools\Binn\;C:\Program Files\dotnet\;C:\Program Files\Microsoft SQL Server\130\Tools\Binn\;C:\Program Files\Microsoft SQL Server\Client SDK\ODBC\170\Tools\Binn\;C:\Program Files\Azure Data Studio\bin;C:\Program Files (x86)\Microsoft SQL Server\150\Tools\Binn\;C:\Program Files\Microsoft SQL Server\150\Tools\Binn\;C:\Program Files\Microsoft SQL Server\150\DTS\Binn\;C:\Program Files (x86)\dotnet\;C:\Program Files (x86)\Microsoft SQL Server\150\DTS\Binn\;C:\Program Files (x86)\Microsoft SQL Server\110\DTS\Binn\;C:\Program Files (x86)\Microsoft SQL Server\120\DTS\Binn\;C:\Program Files (x86)\Microsoft SQL Server\130\DTS\Binn\;C:\Program Files (x86)\Microsoft SQL Server\140\DTS\Binn\;C:\Program Files\PuTTY\;C:\Users\lenovo\AppData\Local\Programs\Python\Python39;;C:\Program Files\IDM Computer Solutions\UltraEdit;C:\Users\lenovo\AppData\Local\Microsoft\WindowsApps;C:\Users\lenovo\AppData\Local\GitHubDesktop\bin;C:\Users\lenovo\.dotnet\tools;C:\Program Files\Java\jdk-14\bin;C:\WINDOWS\system32;
USERNAME=lenovo
OS=Windows_NT
PROCESSOR_IDENTIFIER=Intel64 Family 6 Model 60 Stepping 3, GenuineIntel



---------------  S Y S T E M  ---------------

OS: Windows 10 , 64 bit Build 19041 (10.0.19041.1348)
OS uptime: 5 days 15:09 hours
HyperV virtualization detected

CPU:total 4 (initial active 4) (2 cores per cpu, 2 threads per core) family 6 model 60 stepping 3, cmov, cx8, fxsr, mmx, sse, sse2, sse3, ssse3, sse4.1, sse4.2, popcnt, avx, avx2, aes, clmul, erms, lzcnt, ht, tsc, tscinvbit, bmi1, bmi2, fma

Memory: 4k page, system-wide physical 11974M (3374M free)
TotalPageFile size 28358M (AvailPageFile size 11564M)
current process WorkingSet (physical memory assigned to process): 60M, peak: 65M
current process commit charge ("private bytes"): 277M, peak: 282M

vm_info: Java HotSpot(TM) 64-Bit Server VM (14+36-1461) for windows-amd64 JRE (14+36-1461), built on Feb  6 2020 19:08:04 by "mach5one" with MS VC++ 15.9 (VS2017)

END.
