#
# A fatal error has been detected by the Java Runtime Environment:
#
#  EXCEPTION_IN_PAGE_ERROR (0xc0000006) at pc=0x00007ffda6ba06a3, pid=9132, tid=15908
#
# JRE version: Java(TM) SE Runtime Environment (14.0+36) (build 14+36-1461)
# Java VM: Java HotSpot(TM) 64-Bit Server VM (14+36-1461, mixed mode, sharing, tiered, compressed oops, g1 gc, windows-amd64)
# Problematic frame:
# C  [ntdll.dll+0x106a3]
#
# No core dump will be written. Minidumps are not enabled by default on client versions of Windows
#
# If you would like to submit a bug report, please visit:
#   https://bugreport.java.com/bugreport/crash.jsp
# The crash happened outside the Java Virtual Machine in native code.
# See problematic frame for where to report the bug.
#

---------------  S U M M A R Y ------------

Command Line: -Dmaven.home=EMBEDDED -Dclassworlds.conf=C:\Users\lenovo\eclipse-workspace1\.metadata\.plugins\org.eclipse.m2e.launching\launches\m2conf146480572629904329.tmp -Dmaven.multiModuleProjectDirectory=C:\Users\lenovo\Downloads\ThesisProject-master - Final - 18July2021 - Copy (14) - Working_Copy - Copy_New\costfed -Dfile.encoding=Cp1252 -XX:+ShowCodeDetailsInExceptionMessages org.codehaus.plexus.classworlds.launcher.Launcher -B clean compile dependency:tree test test-compile package install site exec:java -Dexec.mainClass=org.aksw.simba.start.QueryEvaluation

Host: Intel(R) Core(TM) i5-4210M CPU @ 2.60GHz, 4 cores, 11G,  Windows 10 , 64 bit Build 19041 (10.0.19041.1348)
Time: Sun Dec 12 18:08:15 2021 W. Europe Standard Time elapsed time: 104 seconds (0d 0h 1m 44s)

---------------  T H R E A D  ---------------

Current thread (0x000001eff575f000):  JavaThread "org.aksw.simba.start.QueryEvaluation.main()" [_thread_in_native, id=15908, stack(0x0000008a21f00000,0x0000008a22000000)]

Stack: [0x0000008a21f00000,0x0000008a22000000],  sp=0x0000008a21ffc420,  free space=1009k
Native frames: (J=compiled Java code, j=interpreted, Vv=VM code, C=native code)
C  [ntdll.dll+0x106a3]
C  [ntdll.dll+0xfa99]
C  [ntdll.dll+0x14bcf]
C  [ntdll.dll+0x5fc73]
C  [ntdll.dll+0x5f9a0]
C  [ntdll.dll+0x5ec3f]
C  [ntdll.dll+0x1fb53]
C  [ntdll.dll+0x173e4]
C  [ntdll.dll+0x16af4]
C  [KERNELBASE.dll+0x2ade2]
C  [KERNELBASE.dll+0x332b1]
C  [KERNELBASE.dll+0x78c6f]
V  [jvm.dll+0x5f1ec8]
V  [jvm.dll+0x3c7219]
C  [java.dll+0x15de]

Java frames: (J=compiled Java code, j=interpreted, Vv=VM code)
j  java.lang.ClassLoader$NativeLibrary.load0(Ljava/lang/String;Z)Z+0 java.base@14
j  java.lang.ClassLoader$NativeLibrary.load()Z+53 java.base@14
j  java.lang.ClassLoader$NativeLibrary.loadLibrary(Ljava/lang/Class;Ljava/lang/String;Z)Z+216 java.base@14
j  java.lang.ClassLoader.loadLibrary0(Ljava/lang/Class;Ljava/io/File;)Z+46 java.base@14
j  java.lang.ClassLoader.loadLibrary(Ljava/lang/Class;Ljava/lang/String;Z)V+255 java.base@14
j  java.lang.Runtime.loadLibrary0(Ljava/lang/Class;Ljava/lang/String;)V+54 java.base@14
j  java.lang.System.loadLibrary(Ljava/lang/String;)V+7 java.base@14
j  sun.security.ec.SunEC$1.run()Ljava/lang/Void;+2 jdk.crypto.ec@14
j  sun.security.ec.SunEC$1.run()Ljava/lang/Object;+1 jdk.crypto.ec@14
J 682 c1 java.security.AccessController.doPrivileged(Ljava/security/PrivilegedAction;)Ljava/lang/Object; java.base@14 (9 bytes) @ 0x000001efd9dc59cc [0x000001efd9dc5860+0x000000000000016c]
j  sun.security.ec.SunEC.<clinit>()V+11 jdk.crypto.ec@14
v  ~StubRoutines::call_stub
J 1924  jdk.internal.reflect.NativeConstructorAccessorImpl.newInstance0(Ljava/lang/reflect/Constructor;[Ljava/lang/Object;)Ljava/lang/Object; java.base@14 (0 bytes) @ 0x000001efe127a3b6 [0x000001efe127a340+0x0000000000000076]
J 1923 c1 jdk.internal.reflect.NativeConstructorAccessorImpl.newInstance([Ljava/lang/Object;)Ljava/lang/Object; java.base@14 (89 bytes) @ 0x000001efda06db94 [0x000001efda06cf20+0x0000000000000c74]
J 1444 c1 jdk.internal.reflect.DelegatingConstructorAccessorImpl.newInstance([Ljava/lang/Object;)Ljava/lang/Object; java.base@14 (9 bytes) @ 0x000001efd9f71174 [0x000001efd9f71040+0x0000000000000134]
J 1442 c1 java.lang.reflect.Constructor.newInstanceWithCaller([Ljava/lang/Object;ZLjava/lang/Class;)Ljava/lang/Object; java.base@14 (75 bytes) @ 0x000001efd9f6fc84 [0x000001efd9f6fa00+0x0000000000000284]
J 1449 c1 java.lang.reflect.Constructor.newInstance([Ljava/lang/Object;)Ljava/lang/Object; java.base@14 (34 bytes) @ 0x000001efd9f750cc [0x000001efd9f74f40+0x000000000000018c]
j  java.util.ServiceLoader$ProviderImpl.newInstance()Ljava/lang/Object;+19 java.base@14
j  java.util.ServiceLoader$ProviderImpl.get()Ljava/lang/Object;+13 java.base@14
j  java.util.ServiceLoader$3.next()Ljava/lang/Object;+58 java.base@14
j  sun.security.jca.ProviderConfig$ProviderLoader.load(Ljava/lang/String;)Ljava/security/Provider;+54 java.base@14
j  sun.security.jca.ProviderConfig$3.run()Ljava/security/Provider;+44 java.base@14
j  sun.security.jca.ProviderConfig$3.run()Ljava/lang/Object;+1 java.base@14
J 682 c1 java.security.AccessController.doPrivileged(Ljava/security/PrivilegedAction;)Ljava/lang/Object; java.base@14 (9 bytes) @ 0x000001efd9dc59cc [0x000001efd9dc5860+0x000000000000016c]
j  sun.security.jca.ProviderConfig.doLoadProvider()Ljava/security/Provider;+8 java.base@14
j  sun.security.jca.ProviderConfig.getProvider()Ljava/security/Provider;+270 java.base@14
j  sun.security.jca.ProviderList.getProvider(I)Ljava/security/Provider;+6 java.base@14
j  sun.security.jca.ProviderList.getService(Ljava/lang/String;Ljava/lang/String;)Ljava/security/Provider$Service;+90 java.base@14
j  sun.security.jca.GetInstance.getInstance(Ljava/lang/String;Ljava/lang/Class;Ljava/lang/String;)Lsun/security/jca/GetInstance$Instance;+7 java.base@14
j  javax.net.ssl.TrustManagerFactory.getInstance(Ljava/lang/String;)Ljavax/net/ssl/TrustManagerFactory;+12 java.base@14
j  org.apache.http.ssl.SSLContextBuilder.loadTrustMaterial(Ljava/security/KeyStore;Lorg/apache/http/ssl/TrustStrategy;)Lorg/apache/http/ssl/SSLContextBuilder;+3
j  org.eclipse.rdf4j.http.client.util.HttpClientBuilders.getSSLTrustAllHttpClientBuilder()Lorg/apache/http/impl/client/HttpClientBuilder;+17
j  com.fluidops.fedx.FedX.<init>(Lcom/fluidops/fedx/Config;Lcom/fluidops/fedx/cache/Cache;Lcom/fluidops/fedx/EndpointListProvider;Lcom/fluidops/fedx/SummaryProvider;)V+62
j  com.fluidops.fedx.FedXFactory.initializeFederation(Lcom/fluidops/fedx/Config;Lcom/fluidops/fedx/EndpointListProvider;Lcom/fluidops/fedx/SummaryProvider;Ljava/lang/String;)Lcom/fluidops/fedx/sail/FedXSailRepository;+46
j  com.fluidops.fedx.FedXFactory.initializeSparqlFederation(Lcom/fluidops/fedx/Config;Ljava/util/List;)Lcom/fluidops/fedx/sail/FedXSailRepository;+69
j  org.aksw.simba.start.QueryEvaluation.evaluate(Ljava/lang/String;Ljava/lang/String;Ljava/util/List;)Ljava/util/Map;+1388
j  org.aksw.simba.start.QueryEvaluation.multyEvaluate(Ljava/lang/String;ILjava/lang/String;Ljava/util/List;)Ljava/util/Map;+26
j  org.aksw.simba.start.QueryEvaluation.main([Ljava/lang/String;)V+1432
j  java.lang.invoke.LambdaForm$DMH.invokeStaticInit(Ljava/lang/Object;Ljava/lang/Object;)V+10 java.base@14
j  java.lang.invoke.LambdaForm$MH.invoke_MT(Ljava/lang/Object;Ljava/lang/Object;Ljava/lang/Object;)V+18 java.base@14
j  org.codehaus.mojo.exec.ExecJavaMojo$1.run()V+85
j  java.lang.Thread.run()V+11 java.base@14
v  ~StubRoutines::call_stub

siginfo: EXCEPTION_IN_PAGE_ERROR (0xc0000006), reading address 0x00007ffd758c1408


Register to memory mapping:

RIP=0x00007ffda6ba06a3 ntdll.dll
RAX=0x00007ffd758be910 sunec.dll
RBX=0x000001eff605e7e0 points into unknown readable memory: d0 a4 cf a6 fd 7f 00 00
RCX=0x0000008a21ffc4f0 is pointing into the stack for thread: 0x000001eff575f000
RDX=0x0000000000000002 is an unknown value
RSP=0x0000008a21ffc420 is pointing into the stack for thread: 0x000001eff575f000
RBP=0x0000008a21ffc470 is pointing into the stack for thread: 0x000001eff575f000
RSI=0x0 is NULL
RDI=0x00007ffd758c1408 sunec.dll
R8 =0x0000000000021408 is an unknown value
R9 =0x00007ffd758a0268 sunec.dll
R10=0x0000000000000006 is an unknown value
R11=0x00007ffd758be910 sunec.dll
R12=0x00002b992ddfa232 is an unknown value
R13=0x0000000000000003 is an unknown value
R14=0xc5ea06bcba73c133 is an unknown value
R15=0x0000000000008600 is an unknown value


Registers:
RAX=0x00007ffd758be910, RBX=0x000001eff605e7e0, RCX=0x0000008a21ffc4f0, RDX=0x0000000000000002
RSP=0x0000008a21ffc420, RBP=0x0000008a21ffc470, RSI=0x0000000000000000, RDI=0x00007ffd758c1408
R8 =0x0000000000021408, R9 =0x00007ffd758a0268, R10=0x0000000000000006, R11=0x00007ffd758be910
R12=0x00002b992ddfa232, R13=0x0000000000000003, R14=0xc5ea06bcba73c133, R15=0x0000000000008600
RIP=0x00007ffda6ba06a3, EFLAGS=0x0000000000010202

Top of Stack: (sp=0x0000008a21ffc420)
0x0000008a21ffc420:   000001eff605e7e0 0000008a21ffc470
0x0000008a21ffc430:   00007ffd758a0110 00007ffd758a0110
0x0000008a21ffc440:   000001ef00000001 000001efced60cc0
0x0000008a21ffc450:   000001ef00000000 00007ffd758be910
0x0000008a21ffc460:   000001ef00000003 00007ffd758a0110
0x0000008a21ffc470:   0000000000000001 000001eff605e828
0x0000008a21ffc480:   0000000000000000 00007ffda6b9fa99
0x0000008a21ffc490:   000001eff605e7e0 00007ffd758a0000
0x0000008a21ffc4a0:   0000008a21ffc508 0000000000000000
0x0000008a21ffc4b0:   0000008a21ffc4f0 000000007ffe0385
0x0000008a21ffc4c0:   0000000000000000 000000007ffe0385
0x0000008a21ffc4d0:   0000008a21ffc680 000001eff605e7e0
0x0000008a21ffc4e0:   000001eff7b9f490 00007ffda6ba4bcf
0x0000008a21ffc4f0:   00007ffd758be910 0000000000000000
0x0000008a21ffc500:   00007ffd758a0110 00007ffd758a0110
0x0000008a21ffc510:   000001ef162210e0 000001eff605e828 

Instructions: (pc=0x00007ffda6ba06a3)
0x00007ffda6ba05a3:   50 38 89 17 48 8d 0d 92 ac 15 00 e8 bd 26 00 00
0x00007ffda6ba05b3:   48 8b 74 24 38 48 8b 7c 24 40 49 89 1e 48 f7 db
0x00007ffda6ba05c3:   48 8b 5c 24 30 1b c0 f7 d0 25 35 01 00 c0 48 83
0x00007ffda6ba05d3:   c4 20 41 5e c3 cc 48 85 c0 74 c9 48 8d 98 38 ff
0x00007ffda6ba05e3:   ff ff 48 8b 83 98 00 00 00 83 78 18 ff 74 a4 48
0x00007ffda6ba05f3:   8b 00 f6 40 c8 20 75 9b f0 ff 83 14 01 00 00 eb
0x00007ffda6ba0603:   92 48 8b 1d 95 9e 15 00 48 85 ff 74 a3 48 8b 83
0x00007ffda6ba0613:   98 00 00 00 8b 48 38 41 89 08 eb 94 cc cc cc cc
0x00007ffda6ba0623:   cc cc cc cc cc 48 89 5c 24 08 48 89 74 24 10 48
0x00007ffda6ba0633:   89 7c 24 20 55 41 54 41 56 48 8b ec 48 83 ec 50
0x00007ffda6ba0643:   33 c0 4d 8b f1 48 89 45 e8 49 8b f8 4d 85 c0 0f
0x00007ffda6ba0653:   85 24 a9 09 00 4c 8d 4d e8 4c 8d 45 e0 e8 07 01
0x00007ffda6ba0663:   00 00 8b 75 e0 48 8b f8 48 8b 45 e8 48 8b 4d 40
0x00007ffda6ba0673:   48 85 c9 74 03 48 89 01 48 85 c0 74 14 81 38 94
0x00007ffda6ba0683:   00 00 00 72 0c f7 80 90 00 00 00 00 08 00 00 75
0x00007ffda6ba0693:   56 48 85 ff 74 71 49 bc 32 a2 df 2d 99 2b 00 00
0x00007ffda6ba06a3:   4c 39 27 75 62 48 8b cf e8 9c 39 00 00 41 8b ce
0x00007ffda6ba06b3:   48 8b d8 48 c1 e1 10 48 b8 ff ff ff ff ff ff 00
0x00007ffda6ba06c3:   00 48 33 d9 49 c1 ee 20 49 33 de 48 23 d8 49 3b
0x00007ffda6ba06d3:   dc 0f 84 ac a8 09 00 48 85 db 0f 84 a3 a8 09 00
0x00007ffda6ba06e3:   85 f6 75 27 48 89 1f b8 01 00 00 00 4c 8d 5c 24
0x00007ffda6ba06f3:   50 49 8b 5b 20 49 8b 73 28 49 8b 7b 38 49 8b e3
0x00007ffda6ba0703:   41 5e 41 5c 5d c3 cc 33 c0 eb e1 48 8d 45 30 48
0x00007ffda6ba0713:   89 7d f8 48 83 ce ff 48 c7 45 f0 08 00 00 00 48
0x00007ffda6ba0723:   8b ce 48 89 44 24 20 41 b9 04 00 00 00 4c 8d 45
0x00007ffda6ba0733:   f0 48 8d 55 f8 e8 23 d0 08 00 85 c0 78 c9 48 89
0x00007ffda6ba0743:   1f 48 8d 45 30 44 8b 4d 30 4c 8d 45 f0 48 8d 55
0x00007ffda6ba0753:   f8 48 89 44 24 20 48 8b ce e8 ff cf 08 00 eb 87
0x00007ffda6ba0763:   cc cc cc cc cc cc cc cc cc 48 89 5c 24 08 48 89
0x00007ffda6ba0773:   6c 24 10 56 57 41 56 48 83 ec 20 4d 8b f0 8b ea
0x00007ffda6ba0783:   45 33 c0 49 8b d9 48 8b f1 4c 8d 4c 24 50 48 8b
0x00007ffda6ba0793:   d1 41 8d 48 01 e8 33 23 02 00 48 8b ce e8 5b 54 


Stack slot to memory mapping:
stack at sp + 0 slots: 0x000001eff605e7e0 points into unknown readable memory: d0 a4 cf a6 fd 7f 00 00
stack at sp + 1 slots: 0x0000008a21ffc470 is pointing into the stack for thread: 0x000001eff575f000
stack at sp + 2 slots: 0x00007ffd758a0110 sunec.dll
stack at sp + 3 slots: 0x00007ffd758a0110 sunec.dll
stack at sp + 4 slots: 0x000001ef00000001 is an unknown value
stack at sp + 5 slots: 0x000001efced60cc0 points into unknown readable memory: 00 00 1b 0a 00 00 00 00
stack at sp + 6 slots: 0x000001ef00000000 is an unknown value
stack at sp + 7 slots: 0x00007ffd758be910 sunec.dll


---------------  P R O C E S S  ---------------

Threads class SMR info:
_java_thread_list=0x000001eff7ce1760, length=13, elements={
0x000001efd0f37800, 0x000001eff1b44000, 0x000001eff1b45800, 0x000001eff2363000,
0x000001eff2365800, 0x000001eff2369000, 0x000001eff236b000, 0x000001eff2385000,
0x000001eff238b000, 0x000001eff24cc000, 0x000001eff24d8800, 0x000001eff575f000,
0x000001eff940d800
}

Java Threads: ( => current thread )
  0x000001efd0f37800 JavaThread "main" [_thread_blocked, id=16360, stack(0x0000008a22100000,0x0000008a22200000)]
  0x000001eff1b44000 JavaThread "Reference Handler" daemon [_thread_blocked, id=12624, stack(0x0000008a22800000,0x0000008a22900000)]
  0x000001eff1b45800 JavaThread "Finalizer" daemon [_thread_blocked, id=7916, stack(0x0000008a22900000,0x0000008a22a00000)]
  0x000001eff2363000 JavaThread "Signal Dispatcher" daemon [_thread_blocked, id=3508, stack(0x0000008a22a00000,0x0000008a22b00000)]
  0x000001eff2365800 JavaThread "Attach Listener" daemon [_thread_blocked, id=11764, stack(0x0000008a22b00000,0x0000008a22c00000)]
  0x000001eff2369000 JavaThread "Service Thread" daemon [_thread_blocked, id=11556, stack(0x0000008a22c00000,0x0000008a22d00000)]
  0x000001eff236b000 JavaThread "C2 CompilerThread0" daemon [_thread_blocked, id=11600, stack(0x0000008a22d00000,0x0000008a22e00000)]
  0x000001eff2385000 JavaThread "C1 CompilerThread0" daemon [_thread_blocked, id=15728, stack(0x0000008a22e00000,0x0000008a22f00000)]
  0x000001eff238b000 JavaThread "Sweeper thread" daemon [_thread_blocked, id=14964, stack(0x0000008a22f00000,0x0000008a23000000)]
  0x000001eff24cc000 JavaThread "Notification Thread" daemon [_thread_blocked, id=14160, stack(0x0000008a23000000,0x0000008a23100000)]
  0x000001eff24d8800 JavaThread "Common-Cleaner" daemon [_thread_blocked, id=21688, stack(0x0000008a23200000,0x0000008a23300000)]
=>0x000001eff575f000 JavaThread "org.aksw.simba.start.QueryEvaluation.main()" [_thread_in_native, id=15908, stack(0x0000008a21f00000,0x0000008a22000000)]
  0x000001eff940d800 JavaThread "FileSystemWatchService" daemon [_thread_in_native, id=10312, stack(0x0000008a22000000,0x0000008a22100000)]

Other Threads:
  0x000001eff1b40000 VMThread "VM Thread" [stack: 0x0000008a22700000,0x0000008a22800000] [id=14448]
  0x000001eff24d6000 WatcherThread [stack: 0x0000008a23100000,0x0000008a23200000] [id=124]
  0x000001efd0f8b000 GCTaskThread "GC Thread#0" [stack: 0x0000008a22200000,0x0000008a22300000] [id=20708]
  0x000001eff34e3000 GCTaskThread "GC Thread#1" [stack: 0x0000008a23300000,0x0000008a23400000] [id=16388]
  0x000001eff34e3800 GCTaskThread "GC Thread#2" [stack: 0x0000008a23400000,0x0000008a23500000] [id=11312]
  0x000001eff2f00800 GCTaskThread "GC Thread#3" [stack: 0x0000008a23500000,0x0000008a23600000] [id=22260]
  0x000001efd0fa4800 ConcurrentGCThread "G1 Main Marker" [stack: 0x0000008a22300000,0x0000008a22400000] [id=21656]
  0x000001efd0fa6000 ConcurrentGCThread "G1 Conc#0" [stack: 0x0000008a22400000,0x0000008a22500000] [id=11084]
  0x000001eff19b0800 ConcurrentGCThread "G1 Refine#0" [stack: 0x0000008a22500000,0x0000008a22600000] [id=21204]
  0x000001eff4c67800 ConcurrentGCThread "G1 Refine#1" [stack: 0x0000008a23700000,0x0000008a23800000] [id=15840]
  0x000001eff56e5800 ConcurrentGCThread "G1 Refine#2" [stack: 0x0000008a23800000,0x0000008a23900000] [id=13872]
  0x000001eff40dd800 ConcurrentGCThread "G1 Refine#3" [stack: 0x0000008a23900000,0x0000008a23a00000] [id=1908]
  0x000001eff19b2800 ConcurrentGCThread "G1 Young RemSet Sampling" [stack: 0x0000008a22600000,0x0000008a22700000] [id=17548]

Threads with active compile tasks:

VM state:not at safepoint (normal execution)

VM Mutex/Monitor currently owned by a thread: None

Heap address: 0x0000000744e00000, size: 2994 MB, Compressed Oops mode: Zero based, Oop shift amount: 3
Narrow klass base: 0x0000000800000000, Narrow klass shift: 3
Compressed class space size: 1073741824 Address: 0x0000000800b30000

Heap:
 garbage-first heap   total 191488K, used 137030K [0x0000000744e00000, 0x0000000800000000)
  region size 1024K, 80 young (81920K), 9 survivors (9216K)
 Metaspace       used 43006K, capacity 44407K, committed 44692K, reserved 1089536K
  class space    used 4660K, capacity 5193K, committed 5324K, reserved 1048576K
Heap Regions: E=young(eden), S=young(survivor), O=old, HS=humongous(starts), HC=humongous(continues), CS=collection set, F=free, OA=open archive, CA=closed archive, TAMS=top-at-mark-start (previous, next)
|   0|0x0000000744e00000, 0x0000000744effff8, 0x0000000744f00000| 99%| O|  |TAMS 0x0000000744e00000, 0x0000000744e00000| Untracked 
|   1|0x0000000744f00000, 0x0000000745000000, 0x0000000745000000|100%| O|  |TAMS 0x0000000744f00000, 0x0000000744f00000| Untracked 
|   2|0x0000000745000000, 0x0000000745100000, 0x0000000745100000|100%| O|  |TAMS 0x0000000745000000, 0x0000000745000000| Untracked 
|   3|0x0000000745100000, 0x0000000745200000, 0x0000000745200000|100%| O|  |TAMS 0x0000000745100000, 0x0000000745100000| Untracked 
|   4|0x0000000745200000, 0x0000000745300000, 0x0000000745300000|100%| O|  |TAMS 0x0000000745200000, 0x0000000745200000| Untracked 
|   5|0x0000000745300000, 0x0000000745400000, 0x0000000745400000|100%| O|  |TAMS 0x0000000745300000, 0x0000000745300000| Untracked 
|   6|0x0000000745400000, 0x0000000745500000, 0x0000000745500000|100%| O|  |TAMS 0x0000000745400000, 0x0000000745400000| Untracked 
|   7|0x0000000745500000, 0x0000000745600000, 0x0000000745600000|100%| O|  |TAMS 0x0000000745500000, 0x0000000745500000| Untracked 
|   8|0x0000000745600000, 0x0000000745700000, 0x0000000745700000|100%| O|  |TAMS 0x0000000745600000, 0x0000000745600000| Untracked 
|   9|0x0000000745700000, 0x00000007457ffff8, 0x0000000745800000| 99%| O|  |TAMS 0x0000000745700000, 0x0000000745700000| Untracked 
|  10|0x0000000745800000, 0x00000007458ffff8, 0x0000000745900000| 99%| O|  |TAMS 0x0000000745800000, 0x0000000745800000| Untracked 
|  11|0x0000000745900000, 0x00000007459fffe8, 0x0000000745a00000| 99%| O|  |TAMS 0x0000000745900000, 0x0000000745900000| Untracked 
|  12|0x0000000745a00000, 0x0000000745afffe8, 0x0000000745b00000| 99%| O|  |TAMS 0x0000000745a00000, 0x0000000745a00000| Untracked 
|  13|0x0000000745b00000, 0x0000000745bfffe8, 0x0000000745c00000| 99%| O|  |TAMS 0x0000000745b00000, 0x0000000745b00000| Untracked 
|  14|0x0000000745c00000, 0x0000000745cffff0, 0x0000000745d00000| 99%| O|  |TAMS 0x0000000745c00000, 0x0000000745c00000| Untracked 
|  15|0x0000000745d00000, 0x0000000745dffff0, 0x0000000745e00000| 99%| O|  |TAMS 0x0000000745d00000, 0x0000000745d00000| Untracked 
|  16|0x0000000745e00000, 0x0000000745f00000, 0x0000000745f00000|100%| O|  |TAMS 0x0000000745e00000, 0x0000000745e00000| Untracked 
|  17|0x0000000745f00000, 0x0000000745fffff0, 0x0000000746000000| 99%| O|  |TAMS 0x0000000745f00000, 0x0000000745f00000| Untracked 
|  18|0x0000000746000000, 0x00000007460fffd8, 0x0000000746100000| 99%| O|  |TAMS 0x0000000746000000, 0x0000000746000000| Untracked 
|  19|0x0000000746100000, 0x00000007461fffe0, 0x0000000746200000| 99%| O|  |TAMS 0x0000000746100000, 0x0000000746100000| Untracked 
|  20|0x0000000746200000, 0x00000007462ffff8, 0x0000000746300000| 99%| O|  |TAMS 0x0000000746200000, 0x0000000746200000| Untracked 
|  21|0x0000000746300000, 0x00000007463ffff0, 0x0000000746400000| 99%| O|  |TAMS 0x0000000746300000, 0x0000000746300000| Untracked 
|  22|0x0000000746400000, 0x00000007464ffff8, 0x0000000746500000| 99%| O|  |TAMS 0x0000000746400000, 0x0000000746400000| Untracked 
|  23|0x0000000746500000, 0x00000007465ffff0, 0x0000000746600000| 99%| O|  |TAMS 0x0000000746500000, 0x0000000746500000| Untracked 
|  24|0x0000000746600000, 0x00000007466fffe8, 0x0000000746700000| 99%| O|  |TAMS 0x0000000746600000, 0x0000000746600000| Untracked 
|  25|0x0000000746700000, 0x0000000746800000, 0x0000000746800000|100%| O|  |TAMS 0x0000000746700000, 0x0000000746700000| Untracked 
|  26|0x0000000746800000, 0x0000000746900000, 0x0000000746900000|100%|HS|  |TAMS 0x0000000746800000, 0x0000000746800000| Untracked 
|  27|0x0000000746900000, 0x0000000746a00000, 0x0000000746a00000|100%|HC|  |TAMS 0x0000000746900000, 0x0000000746900000| Untracked 
|  28|0x0000000746a00000, 0x0000000746afffe8, 0x0000000746b00000| 99%| O|  |TAMS 0x0000000746a00000, 0x0000000746a00000| Untracked 
|  29|0x0000000746b00000, 0x0000000746bfffe8, 0x0000000746c00000| 99%| O|  |TAMS 0x0000000746b00000, 0x0000000746b00000| Untracked 
|  30|0x0000000746c00000, 0x0000000746cffff8, 0x0000000746d00000| 99%| O|  |TAMS 0x0000000746c00000, 0x0000000746c00000| Untracked 
|  31|0x0000000746d00000, 0x0000000746dffff0, 0x0000000746e00000| 99%| O|  |TAMS 0x0000000746d00000, 0x0000000746d00000| Untracked 
|  32|0x0000000746e00000, 0x0000000746efffa0, 0x0000000746f00000| 99%| O|  |TAMS 0x0000000746e00000, 0x0000000746e00000| Untracked 
|  33|0x0000000746f00000, 0x0000000747000000, 0x0000000747000000|100%| O|  |TAMS 0x0000000746f00000, 0x0000000746f00000| Untracked 
|  34|0x0000000747000000, 0x00000007470ffff0, 0x0000000747100000| 99%| O|  |TAMS 0x0000000747000000, 0x0000000747000000| Untracked 
|  35|0x0000000747100000, 0x00000007471ffff0, 0x0000000747200000| 99%| O|  |TAMS 0x0000000747100000, 0x0000000747100000| Untracked 
|  36|0x0000000747200000, 0x00000007472ffff8, 0x0000000747300000| 99%| O|  |TAMS 0x0000000747200000, 0x0000000747200000| Untracked 
|  37|0x0000000747300000, 0x00000007473ffd90, 0x0000000747400000| 99%| O|  |TAMS 0x0000000747300000, 0x0000000747300000| Untracked 
|  38|0x0000000747400000, 0x00000007474ffff8, 0x0000000747500000| 99%| O|  |TAMS 0x0000000747400000, 0x0000000747400000| Untracked 
|  39|0x0000000747500000, 0x0000000747600000, 0x0000000747600000|100%| O|  |TAMS 0x0000000747500000, 0x0000000747500000| Untracked 
|  40|0x0000000747600000, 0x00000007476fffe8, 0x0000000747700000| 99%| O|  |TAMS 0x0000000747600000, 0x0000000747600000| Untracked 
|  41|0x0000000747700000, 0x00000007477ffff8, 0x0000000747800000| 99%| O|  |TAMS 0x0000000747700000, 0x0000000747700000| Untracked 
|  42|0x0000000747800000, 0x00000007478ffff8, 0x0000000747900000| 99%| O|  |TAMS 0x0000000747800000, 0x0000000747800000| Untracked 
|  43|0x0000000747900000, 0x00000007479ffff0, 0x0000000747a00000| 99%| O|  |TAMS 0x0000000747900000, 0x0000000747900000| Untracked 
|  44|0x0000000747a00000, 0x0000000747affff8, 0x0000000747b00000| 99%| O|  |TAMS 0x0000000747a00000, 0x0000000747a00000| Untracked 
|  45|0x0000000747b00000, 0x0000000747bff3e8, 0x0000000747c00000| 99%| O|  |TAMS 0x0000000747b00000, 0x0000000747b00000| Untracked 
|  46|0x0000000747c00000, 0x0000000747cfdd48, 0x0000000747d00000| 99%| O|  |TAMS 0x0000000747c00000, 0x0000000747c00000| Untracked 
|  47|0x0000000747d00000, 0x0000000747dffff0, 0x0000000747e00000| 99%| O|  |TAMS 0x0000000747d00000, 0x0000000747d00000| Untracked 
|  48|0x0000000747e00000, 0x0000000747efc670, 0x0000000747f00000| 98%| O|  |TAMS 0x0000000747e00000, 0x0000000747e00000| Untracked 
|  49|0x0000000747f00000, 0x0000000747ffffe8, 0x0000000748000000| 99%| O|  |TAMS 0x0000000747f00000, 0x0000000747f00000| Untracked 
|  50|0x0000000748000000, 0x0000000748085f90, 0x0000000748100000| 52%| O|  |TAMS 0x0000000748000000, 0x0000000748000000| Untracked 
|  51|0x0000000748100000, 0x0000000748200000, 0x0000000748200000|100%|HS|  |TAMS 0x0000000748100000, 0x0000000748100000| Complete 
|  52|0x0000000748200000, 0x00000007482fffe8, 0x0000000748300000| 99%| O|  |TAMS 0x0000000748200000, 0x0000000748200000| Untracked 
|  53|0x0000000748300000, 0x00000007483fffc8, 0x0000000748400000| 99%| O|  |TAMS 0x0000000748300000, 0x0000000748300000| Untracked 
|  54|0x0000000748400000, 0x000000074847c980, 0x0000000748500000| 48%| O|  |TAMS 0x0000000748400000, 0x0000000748400000| Untracked 
|  55|0x0000000748500000, 0x00000007485f59d8, 0x0000000748600000| 95%| O|  |TAMS 0x0000000748500000, 0x0000000748500000| Untracked 
|  56|0x0000000748600000, 0x0000000748660298, 0x0000000748700000| 37%| O|  |TAMS 0x0000000748600000, 0x0000000748600000| Untracked 
|  57|0x0000000748700000, 0x0000000748700000, 0x0000000748800000|  0%| F|  |TAMS 0x0000000748700000, 0x0000000748700000| Untracked 
|  58|0x0000000748800000, 0x0000000748800000, 0x0000000748900000|  0%| F|  |TAMS 0x0000000748800000, 0x0000000748800000| Untracked 
|  59|0x0000000748900000, 0x0000000748900000, 0x0000000748a00000|  0%| F|  |TAMS 0x0000000748900000, 0x0000000748900000| Untracked 
|  60|0x0000000748a00000, 0x0000000748a00000, 0x0000000748b00000|  0%| F|  |TAMS 0x0000000748a00000, 0x0000000748a00000| Untracked 
|  61|0x0000000748b00000, 0x0000000748b00000, 0x0000000748c00000|  0%| F|  |TAMS 0x0000000748b00000, 0x0000000748b00000| Untracked 
|  62|0x0000000748c00000, 0x0000000748c00000, 0x0000000748d00000|  0%| F|  |TAMS 0x0000000748c00000, 0x0000000748c00000| Untracked 
|  63|0x0000000748d00000, 0x0000000748d00000, 0x0000000748e00000|  0%| F|  |TAMS 0x0000000748d00000, 0x0000000748d00000| Untracked 
|  64|0x0000000748e00000, 0x0000000748e00000, 0x0000000748f00000|  0%| F|  |TAMS 0x0000000748e00000, 0x0000000748e00000| Untracked 
|  65|0x0000000748f00000, 0x0000000748f00000, 0x0000000749000000|  0%| F|  |TAMS 0x0000000748f00000, 0x0000000748f00000| Untracked 
|  66|0x0000000749000000, 0x0000000749000000, 0x0000000749100000|  0%| F|  |TAMS 0x0000000749000000, 0x0000000749000000| Untracked 
|  67|0x0000000749100000, 0x0000000749100000, 0x0000000749200000|  0%| F|  |TAMS 0x0000000749100000, 0x0000000749100000| Untracked 
|  68|0x0000000749200000, 0x0000000749200000, 0x0000000749300000|  0%| F|  |TAMS 0x0000000749200000, 0x0000000749200000| Untracked 
|  69|0x0000000749300000, 0x0000000749300000, 0x0000000749400000|  0%| F|  |TAMS 0x0000000749300000, 0x0000000749300000| Untracked 
|  70|0x0000000749400000, 0x0000000749400000, 0x0000000749500000|  0%| F|  |TAMS 0x0000000749400000, 0x0000000749400000| Untracked 
|  71|0x0000000749500000, 0x0000000749500000, 0x0000000749600000|  0%| F|  |TAMS 0x0000000749500000, 0x0000000749500000| Untracked 
|  72|0x0000000749600000, 0x0000000749600000, 0x0000000749700000|  0%| F|  |TAMS 0x0000000749600000, 0x0000000749600000| Untracked 
|  73|0x0000000749700000, 0x0000000749700000, 0x0000000749800000|  0%| F|  |TAMS 0x0000000749700000, 0x0000000749700000| Untracked 
|  74|0x0000000749800000, 0x0000000749880000, 0x0000000749900000| 50%| S|CS|TAMS 0x0000000749800000, 0x0000000749800000| Complete 
|  75|0x0000000749900000, 0x0000000749a00000, 0x0000000749a00000|100%| S|CS|TAMS 0x0000000749900000, 0x0000000749900000| Complete 
|  76|0x0000000749a00000, 0x0000000749b00000, 0x0000000749b00000|100%| S|CS|TAMS 0x0000000749a00000, 0x0000000749a00000| Complete 
|  77|0x0000000749b00000, 0x0000000749c00000, 0x0000000749c00000|100%| S|CS|TAMS 0x0000000749b00000, 0x0000000749b00000| Complete 
|  78|0x0000000749c00000, 0x0000000749d00000, 0x0000000749d00000|100%| S|CS|TAMS 0x0000000749c00000, 0x0000000749c00000| Complete 
|  79|0x0000000749d00000, 0x0000000749e00000, 0x0000000749e00000|100%| S|CS|TAMS 0x0000000749d00000, 0x0000000749d00000| Complete 
|  80|0x0000000749e00000, 0x0000000749f00000, 0x0000000749f00000|100%| S|CS|TAMS 0x0000000749e00000, 0x0000000749e00000| Complete 
|  81|0x0000000749f00000, 0x000000074a000000, 0x000000074a000000|100%| S|CS|TAMS 0x0000000749f00000, 0x0000000749f00000| Complete 
|  82|0x000000074a000000, 0x000000074a100000, 0x000000074a100000|100%| S|CS|TAMS 0x000000074a000000, 0x000000074a000000| Complete 
|  83|0x000000074a100000, 0x000000074a100000, 0x000000074a200000|  0%| F|  |TAMS 0x000000074a100000, 0x000000074a100000| Untracked 
|  84|0x000000074a200000, 0x000000074a200000, 0x000000074a300000|  0%| F|  |TAMS 0x000000074a200000, 0x000000074a200000| Untracked 
|  85|0x000000074a300000, 0x000000074a300000, 0x000000074a400000|  0%| F|  |TAMS 0x000000074a300000, 0x000000074a300000| Untracked 
|  86|0x000000074a400000, 0x000000074a400000, 0x000000074a500000|  0%| F|  |TAMS 0x000000074a400000, 0x000000074a400000| Untracked 
|  87|0x000000074a500000, 0x000000074a500000, 0x000000074a600000|  0%| F|  |TAMS 0x000000074a500000, 0x000000074a500000| Untracked 
|  88|0x000000074a600000, 0x000000074a600000, 0x000000074a700000|  0%| F|  |TAMS 0x000000074a600000, 0x000000074a600000| Untracked 
|  89|0x000000074a700000, 0x000000074a700000, 0x000000074a800000|  0%| F|  |TAMS 0x000000074a700000, 0x000000074a700000| Untracked 
|  90|0x000000074a800000, 0x000000074a800000, 0x000000074a900000|  0%| F|  |TAMS 0x000000074a800000, 0x000000074a800000| Untracked 
|  91|0x000000074a900000, 0x000000074a900000, 0x000000074aa00000|  0%| F|  |TAMS 0x000000074a900000, 0x000000074a900000| Untracked 
|  92|0x000000074aa00000, 0x000000074aa00000, 0x000000074ab00000|  0%| F|  |TAMS 0x000000074aa00000, 0x000000074aa00000| Untracked 
|  93|0x000000074ab00000, 0x000000074ab00000, 0x000000074ac00000|  0%| F|  |TAMS 0x000000074ab00000, 0x000000074ab00000| Untracked 
|  94|0x000000074ac00000, 0x000000074ac00000, 0x000000074ad00000|  0%| F|  |TAMS 0x000000074ac00000, 0x000000074ac00000| Untracked 
|  95|0x000000074ad00000, 0x000000074ad00000, 0x000000074ae00000|  0%| F|  |TAMS 0x000000074ad00000, 0x000000074ad00000| Untracked 
|  96|0x000000074ae00000, 0x000000074ae00000, 0x000000074af00000|  0%| F|  |TAMS 0x000000074ae00000, 0x000000074ae00000| Untracked 
|  97|0x000000074af00000, 0x000000074af00000, 0x000000074b000000|  0%| F|  |TAMS 0x000000074af00000, 0x000000074af00000| Untracked 
|  98|0x000000074b000000, 0x000000074b000000, 0x000000074b100000|  0%| F|  |TAMS 0x000000074b000000, 0x000000074b000000| Untracked 
|  99|0x000000074b100000, 0x000000074b100000, 0x000000074b200000|  0%| F|  |TAMS 0x000000074b100000, 0x000000074b100000| Untracked 
| 100|0x000000074b200000, 0x000000074b200000, 0x000000074b300000|  0%| F|  |TAMS 0x000000074b200000, 0x000000074b200000| Untracked 
| 101|0x000000074b300000, 0x000000074b300000, 0x000000074b400000|  0%| F|  |TAMS 0x000000074b300000, 0x000000074b300000| Untracked 
| 102|0x000000074b400000, 0x000000074b400000, 0x000000074b500000|  0%| F|  |TAMS 0x000000074b400000, 0x000000074b400000| Untracked 
| 103|0x000000074b500000, 0x000000074b500000, 0x000000074b600000|  0%| F|  |TAMS 0x000000074b500000, 0x000000074b500000| Untracked 
| 104|0x000000074b600000, 0x000000074b600000, 0x000000074b700000|  0%| F|  |TAMS 0x000000074b600000, 0x000000074b600000| Untracked 
| 105|0x000000074b700000, 0x000000074b700000, 0x000000074b800000|  0%| F|  |TAMS 0x000000074b700000, 0x000000074b700000| Untracked 
| 106|0x000000074b800000, 0x000000074b800000, 0x000000074b900000|  0%| F|  |TAMS 0x000000074b800000, 0x000000074b800000| Untracked 
| 107|0x000000074b900000, 0x000000074b900000, 0x000000074ba00000|  0%| F|  |TAMS 0x000000074b900000, 0x000000074b900000| Untracked 
| 108|0x000000074ba00000, 0x000000074ba00000, 0x000000074bb00000|  0%| F|  |TAMS 0x000000074ba00000, 0x000000074ba00000| Untracked 
| 109|0x000000074bb00000, 0x000000074bb00000, 0x000000074bc00000|  0%| F|  |TAMS 0x000000074bb00000, 0x000000074bb00000| Untracked 
| 110|0x000000074bc00000, 0x000000074bc00000, 0x000000074bd00000|  0%| F|  |TAMS 0x000000074bc00000, 0x000000074bc00000| Untracked 
| 111|0x000000074bd00000, 0x000000074bd00000, 0x000000074be00000|  0%| F|  |TAMS 0x000000074bd00000, 0x000000074bd00000| Untracked 
| 112|0x000000074be00000, 0x000000074be00000, 0x000000074bf00000|  0%| F|  |TAMS 0x000000074be00000, 0x000000074be00000| Untracked 
| 113|0x000000074bf00000, 0x000000074bf00000, 0x000000074c000000|  0%| F|  |TAMS 0x000000074bf00000, 0x000000074bf00000| Untracked 
| 114|0x000000074c000000, 0x000000074c000000, 0x000000074c100000|  0%| F|  |TAMS 0x000000074c000000, 0x000000074c000000| Untracked 
| 115|0x000000074c100000, 0x000000074c100000, 0x000000074c200000|  0%| F|  |TAMS 0x000000074c100000, 0x000000074c100000| Untracked 
| 116|0x000000074c200000, 0x000000074c280c10, 0x000000074c300000| 50%| E|  |TAMS 0x000000074c200000, 0x000000074c200000| Complete 
| 117|0x000000074c300000, 0x000000074c400000, 0x000000074c400000|100%| E|CS|TAMS 0x000000074c300000, 0x000000074c300000| Complete 
| 118|0x000000074c400000, 0x000000074c500000, 0x000000074c500000|100%| E|CS|TAMS 0x000000074c400000, 0x000000074c400000| Complete 
| 119|0x000000074c500000, 0x000000074c600000, 0x000000074c600000|100%| E|CS|TAMS 0x000000074c500000, 0x000000074c500000| Complete 
| 120|0x000000074c600000, 0x000000074c700000, 0x000000074c700000|100%| E|CS|TAMS 0x000000074c600000, 0x000000074c600000| Complete 
| 121|0x000000074c700000, 0x000000074c800000, 0x000000074c800000|100%| E|CS|TAMS 0x000000074c700000, 0x000000074c700000| Complete 
| 122|0x000000074c800000, 0x000000074c900000, 0x000000074c900000|100%| E|CS|TAMS 0x000000074c800000, 0x000000074c800000| Complete 
| 123|0x000000074c900000, 0x000000074ca00000, 0x000000074ca00000|100%| E|CS|TAMS 0x000000074c900000, 0x000000074c900000| Complete 
| 124|0x000000074ca00000, 0x000000074cb00000, 0x000000074cb00000|100%| E|CS|TAMS 0x000000074ca00000, 0x000000074ca00000| Complete 
| 125|0x000000074cb00000, 0x000000074cc00000, 0x000000074cc00000|100%| E|CS|TAMS 0x000000074cb00000, 0x000000074cb00000| Complete 
| 126|0x000000074cc00000, 0x000000074cd00000, 0x000000074cd00000|100%| E|CS|TAMS 0x000000074cc00000, 0x000000074cc00000| Complete 
| 127|0x000000074cd00000, 0x000000074ce00000, 0x000000074ce00000|100%| E|CS|TAMS 0x000000074cd00000, 0x000000074cd00000| Complete 
| 128|0x000000074ce00000, 0x000000074cf00000, 0x000000074cf00000|100%| E|CS|TAMS 0x000000074ce00000, 0x000000074ce00000| Complete 
| 129|0x000000074cf00000, 0x000000074d000000, 0x000000074d000000|100%| E|CS|TAMS 0x000000074cf00000, 0x000000074cf00000| Complete 
| 130|0x000000074d000000, 0x000000074d100000, 0x000000074d100000|100%| E|CS|TAMS 0x000000074d000000, 0x000000074d000000| Complete 
| 131|0x000000074d100000, 0x000000074d200000, 0x000000074d200000|100%| E|CS|TAMS 0x000000074d100000, 0x000000074d100000| Complete 
| 132|0x000000074d200000, 0x000000074d300000, 0x000000074d300000|100%| E|CS|TAMS 0x000000074d200000, 0x000000074d200000| Complete 
| 133|0x000000074d300000, 0x000000074d400000, 0x000000074d400000|100%| E|CS|TAMS 0x000000074d300000, 0x000000074d300000| Complete 
| 134|0x000000074d400000, 0x000000074d500000, 0x000000074d500000|100%| E|CS|TAMS 0x000000074d400000, 0x000000074d400000| Complete 
| 135|0x000000074d500000, 0x000000074d600000, 0x000000074d600000|100%| E|CS|TAMS 0x000000074d500000, 0x000000074d500000| Complete 
| 136|0x000000074d600000, 0x000000074d700000, 0x000000074d700000|100%| E|CS|TAMS 0x000000074d600000, 0x000000074d600000| Complete 
| 137|0x000000074d700000, 0x000000074d800000, 0x000000074d800000|100%| E|CS|TAMS 0x000000074d700000, 0x000000074d700000| Complete 
| 138|0x000000074d800000, 0x000000074d900000, 0x000000074d900000|100%| E|CS|TAMS 0x000000074d800000, 0x000000074d800000| Complete 
| 139|0x000000074d900000, 0x000000074da00000, 0x000000074da00000|100%| E|CS|TAMS 0x000000074d900000, 0x000000074d900000| Complete 
| 140|0x000000074da00000, 0x000000074db00000, 0x000000074db00000|100%| E|CS|TAMS 0x000000074da00000, 0x000000074da00000| Complete 
| 141|0x000000074db00000, 0x000000074dc00000, 0x000000074dc00000|100%| E|CS|TAMS 0x000000074db00000, 0x000000074db00000| Complete 
| 142|0x000000074dc00000, 0x000000074dd00000, 0x000000074dd00000|100%| E|CS|TAMS 0x000000074dc00000, 0x000000074dc00000| Complete 
| 143|0x000000074dd00000, 0x000000074de00000, 0x000000074de00000|100%| E|CS|TAMS 0x000000074dd00000, 0x000000074dd00000| Complete 
| 144|0x000000074de00000, 0x000000074df00000, 0x000000074df00000|100%| E|CS|TAMS 0x000000074de00000, 0x000000074de00000| Complete 
| 145|0x000000074df00000, 0x000000074e000000, 0x000000074e000000|100%| E|CS|TAMS 0x000000074df00000, 0x000000074df00000| Complete 
| 146|0x000000074e000000, 0x000000074e100000, 0x000000074e100000|100%| E|CS|TAMS 0x000000074e000000, 0x000000074e000000| Complete 
| 147|0x000000074e100000, 0x000000074e200000, 0x000000074e200000|100%| E|CS|TAMS 0x000000074e100000, 0x000000074e100000| Complete 
| 148|0x000000074e200000, 0x000000074e300000, 0x000000074e300000|100%| E|CS|TAMS 0x000000074e200000, 0x000000074e200000| Complete 
| 149|0x000000074e300000, 0x000000074e400000, 0x000000074e400000|100%| E|CS|TAMS 0x000000074e300000, 0x000000074e300000| Complete 
| 150|0x000000074e400000, 0x000000074e500000, 0x000000074e500000|100%| E|CS|TAMS 0x000000074e400000, 0x000000074e400000| Complete 
| 151|0x000000074e500000, 0x000000074e600000, 0x000000074e600000|100%| E|CS|TAMS 0x000000074e500000, 0x000000074e500000| Complete 
| 152|0x000000074e600000, 0x000000074e700000, 0x000000074e700000|100%| E|CS|TAMS 0x000000074e600000, 0x000000074e600000| Complete 
| 153|0x000000074e700000, 0x000000074e800000, 0x000000074e800000|100%| E|CS|TAMS 0x000000074e700000, 0x000000074e700000| Complete 
| 154|0x000000074e800000, 0x000000074e900000, 0x000000074e900000|100%| E|CS|TAMS 0x000000074e800000, 0x000000074e800000| Complete 
| 155|0x000000074e900000, 0x000000074ea00000, 0x000000074ea00000|100%| E|CS|TAMS 0x000000074e900000, 0x000000074e900000| Complete 
| 156|0x000000074ea00000, 0x000000074eb00000, 0x000000074eb00000|100%| E|CS|TAMS 0x000000074ea00000, 0x000000074ea00000| Complete 
| 157|0x000000074eb00000, 0x000000074ec00000, 0x000000074ec00000|100%| E|CS|TAMS 0x000000074eb00000, 0x000000074eb00000| Complete 
| 158|0x000000074ec00000, 0x000000074ed00000, 0x000000074ed00000|100%| E|CS|TAMS 0x000000074ec00000, 0x000000074ec00000| Complete 
| 159|0x000000074ed00000, 0x000000074ee00000, 0x000000074ee00000|100%| E|CS|TAMS 0x000000074ed00000, 0x000000074ed00000| Complete 
| 160|0x000000074ee00000, 0x000000074ef00000, 0x000000074ef00000|100%| E|CS|TAMS 0x000000074ee00000, 0x000000074ee00000| Complete 
| 161|0x000000074ef00000, 0x000000074f000000, 0x000000074f000000|100%| E|CS|TAMS 0x000000074ef00000, 0x000000074ef00000| Complete 
| 162|0x000000074f000000, 0x000000074f100000, 0x000000074f100000|100%| E|CS|TAMS 0x000000074f000000, 0x000000074f000000| Complete 
| 163|0x000000074f100000, 0x000000074f200000, 0x000000074f200000|100%| E|CS|TAMS 0x000000074f100000, 0x000000074f100000| Complete 
| 164|0x000000074f200000, 0x000000074f300000, 0x000000074f300000|100%| E|CS|TAMS 0x000000074f200000, 0x000000074f200000| Complete 
| 165|0x000000074f300000, 0x000000074f400000, 0x000000074f400000|100%| E|CS|TAMS 0x000000074f300000, 0x000000074f300000| Complete 
| 166|0x000000074f400000, 0x000000074f500000, 0x000000074f500000|100%| E|CS|TAMS 0x000000074f400000, 0x000000074f400000| Complete 
| 167|0x000000074f500000, 0x000000074f600000, 0x000000074f600000|100%| E|CS|TAMS 0x000000074f500000, 0x000000074f500000| Complete 
| 168|0x000000074f600000, 0x000000074f700000, 0x000000074f700000|100%| E|CS|TAMS 0x000000074f600000, 0x000000074f600000| Complete 
| 169|0x000000074f700000, 0x000000074f800000, 0x000000074f800000|100%| E|CS|TAMS 0x000000074f700000, 0x000000074f700000| Complete 
| 170|0x000000074f800000, 0x000000074f900000, 0x000000074f900000|100%| E|CS|TAMS 0x000000074f800000, 0x000000074f800000| Complete 
| 171|0x000000074f900000, 0x000000074fa00000, 0x000000074fa00000|100%| E|CS|TAMS 0x000000074f900000, 0x000000074f900000| Complete 
| 172|0x000000074fa00000, 0x000000074fb00000, 0x000000074fb00000|100%| E|CS|TAMS 0x000000074fa00000, 0x000000074fa00000| Complete 
| 173|0x000000074fb00000, 0x000000074fc00000, 0x000000074fc00000|100%| E|CS|TAMS 0x000000074fb00000, 0x000000074fb00000| Complete 
| 174|0x000000074fc00000, 0x000000074fd00000, 0x000000074fd00000|100%| E|CS|TAMS 0x000000074fc00000, 0x000000074fc00000| Complete 
| 175|0x000000074fd00000, 0x000000074fe00000, 0x000000074fe00000|100%| E|CS|TAMS 0x000000074fd00000, 0x000000074fd00000| Complete 
| 176|0x000000074fe00000, 0x000000074ff00000, 0x000000074ff00000|100%| E|CS|TAMS 0x000000074fe00000, 0x000000074fe00000| Complete 
| 177|0x000000074ff00000, 0x0000000750000000, 0x0000000750000000|100%| E|CS|TAMS 0x000000074ff00000, 0x000000074ff00000| Complete 
| 178|0x0000000750000000, 0x0000000750100000, 0x0000000750100000|100%| E|CS|TAMS 0x0000000750000000, 0x0000000750000000| Complete 
| 179|0x0000000750100000, 0x0000000750200000, 0x0000000750200000|100%| E|CS|TAMS 0x0000000750100000, 0x0000000750100000| Complete 
| 180|0x0000000750200000, 0x0000000750300000, 0x0000000750300000|100%| E|CS|TAMS 0x0000000750200000, 0x0000000750200000| Complete 
| 181|0x0000000750300000, 0x0000000750400000, 0x0000000750400000|100%| E|CS|TAMS 0x0000000750300000, 0x0000000750300000| Complete 
| 182|0x0000000750400000, 0x0000000750500000, 0x0000000750500000|100%| E|CS|TAMS 0x0000000750400000, 0x0000000750400000| Complete 
| 183|0x0000000750500000, 0x0000000750600000, 0x0000000750600000|100%| E|CS|TAMS 0x0000000750500000, 0x0000000750500000| Complete 
| 184|0x0000000750600000, 0x0000000750700000, 0x0000000750700000|100%| E|CS|TAMS 0x0000000750600000, 0x0000000750600000| Complete 
| 185|0x0000000750700000, 0x0000000750800000, 0x0000000750800000|100%| E|CS|TAMS 0x0000000750700000, 0x0000000750700000| Complete 
| 186|0x0000000750800000, 0x0000000750900000, 0x0000000750900000|100%| E|CS|TAMS 0x0000000750800000, 0x0000000750800000| Complete 

Card table byte_map: [0x000001efe8cc0000,0x000001efe92a0000] _byte_map_base: 0x000001efe5299000

Marking Bits (Prev, Next): (CMBitMap*) 0x000001efd0f8bef8, (CMBitMap*) 0x000001efd0f8beb8
 Prev Bits: [0x000001efec750000, 0x000001efef618000)
 Next Bits: [0x000001efe9880000, 0x000001efec748000)

Polling page: 0x000001efcedf0000

Metaspace:

Usage:
  Non-class:     38.29 MB capacity,    37.45 MB ( 98%) used,   773.32 KB (  2%) free+waste,    94.75 KB ( <1%) overhead. 
      Class:      5.07 MB capacity,     4.55 MB ( 90%) used,   492.28 KB (  9%) free+waste,    40.06 KB ( <1%) overhead. 
       Both:     43.37 MB capacity,    42.00 MB ( 97%) used,     1.24 MB (  3%) free+waste,   134.81 KB ( <1%) overhead. 

Virtual space:
  Non-class space:       40.00 MB reserved,      38.45 MB ( 96%) committed 
      Class space:        1.00 GB reserved,       5.20 MB ( <1%) committed 
             Both:        1.04 GB reserved,      43.64 MB (  4%) committed 

Chunk freelists:
   Non-Class:  26.00 KB
       Class:  23.00 KB
        Both:  49.00 KB

MaxMetaspaceSize: 17179869184.00 GB
CompressedClassSpaceSize: 1.00 GB

CodeHeap 'non-profiled nmethods': size=120000Kb used=10058Kb max_used=10395Kb free=109941Kb
 bounds [0x000001efe11b0000, 0x000001efe1c10000, 0x000001efe86e0000]
CodeHeap 'profiled nmethods': size=120000Kb used=22412Kb max_used=23097Kb free=97588Kb
 bounds [0x000001efd9c80000, 0x000001efdb320000, 0x000001efe11b0000]
CodeHeap 'non-nmethods': size=5760Kb used=1263Kb max_used=1390Kb free=4496Kb
 bounds [0x000001efd96e0000, 0x000001efd9950000, 0x000001efd9c80000]
 total_blobs=17635 nmethods=9108 adapters=453
 compilation: enabled
              stopped_count=0, restarted_count=0
 full_count=0

Compilation events (20 events):
Event: 87.502 Thread 0x000001eff2385800 nmethod 12132 0x000001efe1720f90 code [0x000001efe1721140, 0x000001efe1721498]
Event: 87.502 Thread 0x000001eff2385800 12218       4       org.apache.velocity.runtime.parser.VelocityCharStream::backup (38 bytes)
Event: 87.503 Thread 0x000001eff2385800 nmethod 12218 0x000001efe12a6710 code [0x000001efe12a68a0, 0x000001efe12a6958]
Event: 87.503 Thread 0x000001eff2385800 12224       4       org.apache.velocity.runtime.parser.ParserTokenManager::jjFillToken (119 bytes)
Event: 87.507 Thread 0x000001eff236b000 nmethod 12187 0x000001efe1a60910 code [0x000001efe1a60b00, 0x000001efe1a61268]
Event: 87.507 Thread 0x000001eff236b000 12253       4       org.codehaus.plexus.util.xml.pull.MXParser::isEmptyElementTag (25 bytes)
Event: 87.508 Thread 0x000001eff236b000 nmethod 12253 0x000001efe12a6410 code [0x000001efe12a65a0, 0x000001efe12a6658]
Event: 87.508 Thread 0x000001eff236b000 12288       4       org.eclipse.sisu.bean.DeclaredMembers$MemberIterator::next (5 bytes)
Event: 87.508 Thread 0x000001eff236b000 nmethod 12288 0x000001efe12a6110 code [0x000001efe12a62a0, 0x000001efe12a6348]
Event: 87.508 Thread 0x000001eff236b000 12226       4       org.apache.velocity.runtime.parser.VelocityCharStream::GetImage (97 bytes)
Event: 87.517 Thread 0x000001eff2385800 nmethod 12224 0x000001efe1ad7390 code [0x000001efe1ad7640, 0x000001efe1ad81f8]
Event: 87.517 Thread 0x000001eff2385800 12179       4       org.apache.velocity.runtime.parser.ParserTokenManager::jjStopAtPos (14 bytes)
Event: 87.518 Thread 0x000001eff2385800 nmethod 12179 0x000001efe12a5c90 code [0x000001efe12a5e00, 0x000001efe12a5e78]
Event: 87.518 Thread 0x000001eff2385800 12159       4       java.util.Calendar::internalSet (8 bytes)
Event: 87.518 Thread 0x000001eff236b000 nmethod 12226 0x000001efe1ad6690 code [0x000001efe1ad6880, 0x000001efe1ad6ff8]
Event: 87.518 Thread 0x000001eff236b000 12257       4       org.eclipse.aether.graph.Dependency$Exclusions::size (6 bytes)
Event: 87.519 Thread 0x000001eff236b000 nmethod 12257 0x000001efe1ad6390 code [0x000001efe1ad6520, 0x000001efe1ad65b8]
Event: 87.519 Thread 0x000001eff236b000 12312       4       java.io.FilterInputStream::read (8 bytes)
Event: 87.519 Thread 0x000001eff2385800 nmethod 12159 0x000001efe1a60590 code [0x000001efe1a60720, 0x000001efe1a60818]
Event: 87.519 Thread 0x000001eff236b000 nmethod 12312 0x000001efe1a60290 code [0x000001efe1a60400, 0x000001efe1a60498]

GC Heap History (20 events):
Event: 61.634 GC heap before
{Heap before GC invocations=42 (full 0):
 garbage-first heap   total 372736K, used 310196K [0x0000000744e00000, 0x0000000800000000)
  region size 1024K, 181 young (185344K), 24 survivors (24576K)
 Metaspace       used 33498K, capacity 34445K, committed 34580K, reserved 1079296K
  class space    used 3533K, capacity 3873K, committed 3916K, reserved 1048576K
}
Event: 61.645 GC heap after
{Heap after GC invocations=43 (full 0):
 garbage-first heap   total 372736K, used 136023K [0x0000000744e00000, 0x0000000800000000)
  region size 1024K, 2 young (2048K), 2 survivors (2048K)
 Metaspace       used 33498K, capacity 34445K, committed 34580K, reserved 1079296K
  class space    used 3533K, capacity 3873K, committed 3916K, reserved 1048576K
}
Event: 63.166 GC heap before
{Heap before GC invocations=43 (full 0):
 garbage-first heap   total 372736K, used 311127K [0x0000000744e00000, 0x0000000800000000)
  region size 1024K, 173 young (177152K), 2 survivors (2048K)
 Metaspace       used 33498K, capacity 34445K, committed 34580K, reserved 1079296K
  class space    used 3533K, capacity 3873K, committed 3916K, reserved 1048576K
}
Event: 63.173 GC heap after
{Heap after GC invocations=44 (full 0):
 garbage-first heap   total 372736K, used 139095K [0x0000000744e00000, 0x0000000800000000)
  region size 1024K, 5 young (5120K), 5 survivors (5120K)
 Metaspace       used 33498K, capacity 34445K, committed 34580K, reserved 1079296K
  class space    used 3533K, capacity 3873K, committed 3916K, reserved 1048576K
}
Event: 64.577 GC heap before
{Heap before GC invocations=44 (full 0):
 garbage-first heap   total 372736K, used 315223K [0x0000000744e00000, 0x0000000800000000)
  region size 1024K, 176 young (180224K), 5 survivors (5120K)
 Metaspace       used 33501K, capacity 34445K, committed 34580K, reserved 1079296K
  class space    used 3533K, capacity 3873K, committed 3916K, reserved 1048576K
}
Event: 64.586 GC heap after
{Heap after GC invocations=45 (full 0):
 garbage-first heap   total 372736K, used 143144K [0x0000000744e00000, 0x0000000800000000)
  region size 1024K, 8 young (8192K), 8 survivors (8192K)
 Metaspace       used 33501K, capacity 34445K, committed 34580K, reserved 1079296K
  class space    used 3533K, capacity 3873K, committed 3916K, reserved 1048576K
}
Event: 65.991 GC heap before
{Heap before GC invocations=45 (full 0):
 garbage-first heap   total 372736K, used 316200K [0x0000000744e00000, 0x0000000800000000)
  region size 1024K, 177 young (181248K), 8 survivors (8192K)
 Metaspace       used 33502K, capacity 34445K, committed 34580K, reserved 1079296K
  class space    used 3533K, capacity 3873K, committed 3916K, reserved 1048576K
}
Event: 66.004 GC heap after
{Heap after GC invocations=46 (full 0):
 garbage-first heap   total 372736K, used 146263K [0x0000000744e00000, 0x0000000800000000)
  region size 1024K, 12 young (12288K), 12 survivors (12288K)
 Metaspace       used 33502K, capacity 34445K, committed 34580K, reserved 1079296K
  class space    used 3533K, capacity 3873K, committed 3916K, reserved 1048576K
}
Event: 81.592 GC heap before
{Heap before GC invocations=46 (full 0):
 garbage-first heap   total 372736K, used 318295K [0x0000000744e00000, 0x0000000800000000)
  region size 1024K, 180 young (184320K), 12 survivors (12288K)
 Metaspace       used 33502K, capacity 34445K, committed 34580K, reserved 1079296K
  class space    used 3533K, capacity 3873K, committed 3916K, reserved 1048576K
}
Event: 81.608 GC heap after
{Heap after GC invocations=47 (full 0):
 garbage-first heap   total 372736K, used 149847K [0x0000000744e00000, 0x0000000800000000)
  region size 1024K, 16 young (16384K), 16 survivors (16384K)
 Metaspace       used 33502K, capacity 34445K, committed 34580K, reserved 1079296K
  class space    used 3533K, capacity 3873K, committed 3916K, reserved 1048576K
}
Event: 82.759 GC heap before
{Heap before GC invocations=47 (full 0):
 garbage-first heap   total 372736K, used 300375K [0x0000000744e00000, 0x0000000800000000)
  region size 1024K, 164 young (167936K), 16 survivors (16384K)
 Metaspace       used 33527K, capacity 34445K, committed 34580K, reserved 1079296K
  class space    used 3533K, capacity 3873K, committed 3916K, reserved 1048576K
}
Event: 82.853 GC heap after
{Heap after GC invocations=48 (full 1):
 garbage-first heap   total 194560K, used 55693K [0x0000000744e00000, 0x0000000800000000)
  region size 1024K, 0 young (0K), 0 survivors (0K)
 Metaspace       used 33527K, capacity 34445K, committed 34580K, reserved 1079296K
  class space    used 3533K, capacity 3873K, committed 3916K, reserved 1048576K
}
Event: 82.853 GC heap before
{Heap before GC invocations=48 (full 1):
 garbage-first heap   total 194560K, used 55693K [0x0000000744e00000, 0x0000000800000000)
  region size 1024K, 0 young (0K), 0 survivors (0K)
 Metaspace       used 33527K, capacity 34445K, committed 34580K, reserved 1079296K
  class space    used 3533K, capacity 3873K, committed 3916K, reserved 1048576K
}
Event: 82.925 GC heap after
{Heap after GC invocations=49 (full 2):
 garbage-first heap   total 194560K, used 55693K [0x0000000744e00000, 0x0000000800000000)
  region size 1024K, 0 young (0K), 0 survivors (0K)
 Metaspace       used 33527K, capacity 34445K, committed 34580K, reserved 1079296K
  class space    used 3533K, capacity 3873K, committed 3916K, reserved 1048576K
}
Event: 82.928 GC heap before
{Heap before GC invocations=49 (full 2):
 garbage-first heap   total 194560K, used 55693K [0x0000000744e00000, 0x0000000800000000)
  region size 1024K, 1 young (1024K), 0 survivors (0K)
 Metaspace       used 33527K, capacity 34445K, committed 34580K, reserved 1079296K
  class space    used 3533K, capacity 3873K, committed 3916K, reserved 1048576K
}
Event: 83.004 GC heap after
{Heap after GC invocations=50 (full 3):
 garbage-first heap   total 191488K, used 55621K [0x0000000744e00000, 0x0000000800000000)
  region size 1024K, 0 young (0K), 0 survivors (0K)
 Metaspace       used 33527K, capacity 34445K, committed 34580K, reserved 1079296K
  class space    used 3533K, capacity 3873K, committed 3916K, reserved 1048576K
}
Event: 83.004 GC heap before
{Heap before GC invocations=50 (full 3):
 garbage-first heap   total 191488K, used 55621K [0x0000000744e00000, 0x0000000800000000)
  region size 1024K, 1 young (1024K), 0 survivors (0K)
 Metaspace       used 33527K, capacity 34445K, committed 34580K, reserved 1079296K
  class space    used 3533K, capacity 3873K, committed 3916K, reserved 1048576K
}
Event: 83.075 GC heap after
{Heap after GC invocations=51 (full 4):
 garbage-first heap   total 191488K, used 55622K [0x0000000744e00000, 0x0000000800000000)
  region size 1024K, 0 young (0K), 0 survivors (0K)
 Metaspace       used 33527K, capacity 34445K, committed 34580K, reserved 1079296K
  class space    used 3533K, capacity 3873K, committed 3916K, reserved 1048576K
}
Event: 85.291 GC heap before
{Heap before GC invocations=51 (full 4):
 garbage-first heap   total 191488K, used 162118K [0x0000000744e00000, 0x0000000800000000)
  region size 1024K, 104 young (106496K), 0 survivors (0K)
 Metaspace       used 37870K, capacity 38946K, committed 39060K, reserved 1083392K
  class space    used 4070K, capacity 4519K, committed 4556K, reserved 1048576K
}
Event: 85.298 GC heap after
{Heap after GC invocations=52 (full 4):
 garbage-first heap   total 191488K, used 64326K [0x0000000744e00000, 0x0000000800000000)
  region size 1024K, 9 young (9216K), 9 survivors (9216K)
 Metaspace       used 37870K, capacity 38946K, committed 39060K, reserved 1083392K
  class space    used 4070K, capacity 4519K, committed 4556K, reserved 1048576K
}

Deoptimization events (20 events):
Event: 86.914 Thread 0x000001eff575f000 Uncommon trap: trap_request=0xffffff45 fr.pc=0x000001efe1950324 relative=0x0000000000002704
Event: 86.914 Thread 0x000001eff575f000 Uncommon trap: reason=unstable_if action=reinterpret pc=0x000001efe1950324 method=sun.nio.fs.NativeBuffers.getNativeBuffer(I)Lsun/nio/fs/NativeBuffer; @ 6 c2
Event: 86.914 Thread 0x000001eff575f000 DEOPT PACKING pc=0x000001efe1950324 sp=0x0000008a21ff9d80
Event: 86.914 Thread 0x000001eff575f000 DEOPT UNPACKING pc=0x000001efd972912f sp=0x0000008a21ff9cc8 mode 2
Event: 87.081 Thread 0x000001eff575f000 DEOPT PACKING pc=0x000001efdab50a37 sp=0x0000008a21ffe7d0
Event: 87.081 Thread 0x000001eff575f000 DEOPT UNPACKING pc=0x000001efd972964e sp=0x0000008a21ffdd30 mode 0
Event: 87.086 Thread 0x000001eff575f000 DEOPT PACKING pc=0x000001efdab50a37 sp=0x0000008a21ffe7f0
Event: 87.086 Thread 0x000001eff575f000 DEOPT UNPACKING pc=0x000001efd972964e sp=0x0000008a21ffdd50 mode 0
Event: 87.089 Thread 0x000001eff575f000 DEOPT PACKING pc=0x000001efdab50a37 sp=0x0000008a21ffe7f0
Event: 87.089 Thread 0x000001eff575f000 DEOPT UNPACKING pc=0x000001efd972964e sp=0x0000008a21ffdd50 mode 0
Event: 87.100 Thread 0x000001eff575f000 DEOPT PACKING pc=0x000001efdad13a5e sp=0x0000008a21ffea60
Event: 87.100 Thread 0x000001eff575f000 DEOPT UNPACKING pc=0x000001efd972964e sp=0x0000008a21ffdf78 mode 0
Event: 87.112 Thread 0x000001eff575f000 Uncommon trap: trap_request=0xffffffde fr.pc=0x000001efe184580c relative=0x00000000000005ac
Event: 87.112 Thread 0x000001eff575f000 Uncommon trap: reason=class_check action=maybe_recompile pc=0x000001efe184580c method=java.util.regex.Pattern$Caret.match(Ljava/util/regex/Matcher;ILjava/lang/CharSequence;)Z @ 120 c2
Event: 87.112 Thread 0x000001eff575f000 DEOPT PACKING pc=0x000001efe184580c sp=0x0000008a21ffebc0
Event: 87.112 Thread 0x000001eff575f000 DEOPT UNPACKING pc=0x000001efd972912f sp=0x0000008a21ffeb40 mode 2
Event: 87.112 Thread 0x000001eff575f000 Uncommon trap: trap_request=0xffffff45 fr.pc=0x000001efe18456f4 relative=0x0000000000000494
Event: 87.112 Thread 0x000001eff575f000 Uncommon trap: reason=unstable_if action=reinterpret pc=0x000001efe18456f4 method=java.util.regex.Pattern$Caret.match(Ljava/util/regex/Matcher;ILjava/lang/CharSequence;)Z @ 69 c2
Event: 87.112 Thread 0x000001eff575f000 DEOPT PACKING pc=0x000001efe18456f4 sp=0x0000008a21ffebc0
Event: 87.112 Thread 0x000001eff575f000 DEOPT UNPACKING pc=0x000001efd972912f sp=0x0000008a21ffeb50 mode 2

Classes unloaded (0 events):
No events

Classes redefined (0 events):
No events

Internal exceptions (20 events):
Event: 85.690 Thread 0x000001efd0f37800 Exception <a 'java/lang/NoClassDefFoundError'{0x000000074f5b1b38}: org/sonatype/aether/metadata/Metadata> (0x000000074f5b1b38) 
thrown [t:/workspace/open/src/hotspot/share/classfile/systemDictionary.cpp, line 215]
Event: 85.722 Thread 0x000001efd0f37800 Exception <a 'java/lang/NoClassDefFoundError'{0x000000074f348d50}: org/sonatype/aether/metadata/Metadata> (0x000000074f348d50) 
thrown [t:/workspace/open/src/hotspot/share/classfile/systemDictionary.cpp, line 215]
Event: 85.724 Thread 0x000001efd0f37800 Exception <a 'java/lang/NoClassDefFoundError'{0x000000074f364468}: org/sonatype/aether/version/VersionConstraint> (0x000000074f364468) 
thrown [t:/workspace/open/src/hotspot/share/classfile/systemDictionary.cpp, line 215]
Event: 85.900 Thread 0x000001efd0f37800 Exception <a 'java/lang/NoSuchMethodError'{0x000000074ed80018}: 'void java.lang.invoke.DirectMethodHandle$Holder.invokeStatic(java.lang.Object, long)'> (0x000000074ed80018) 
thrown [t:/workspace/open/src/hotspot/share/interpreter/linkResolver.cpp, line 766]
Event: 85.904 Thread 0x000001efd0f37800 Exception <a 'java/lang/NoSuchMethodError'{0x000000074ed8a6b8}: 'java.lang.Object java.lang.invoke.DirectMethodHandle$Holder.invokeStaticInit(java.lang.Object, java.lang.Object, long, java.lang.Object)'> (0x000000074ed8a6b8) 
thrown [t:/workspace/open/src/hotspot/share/interpreter/linkResolver.cpp, line 766]
Event: 85.970 Thread 0x000001efd0f37800 Exception <a 'java/lang/ClassNotFoundException'{0x000000074ede6410}: sun/net/www/protocol/c/Handler> (0x000000074ede6410) 
thrown [t:/workspace/open/src/hotspot/share/classfile/systemDictionary.cpp, line 226]
Event: 85.972 Thread 0x000001efd0f37800 Exception <a 'java/lang/ClassNotFoundException'{0x000000074edfd660}: sun/net/www/protocol/c/Handler> (0x000000074edfd660) 
thrown [t:/workspace/open/src/hotspot/share/classfile/systemDictionary.cpp, line 226]
Event: 86.249 Thread 0x000001efd0f37800 Implicit null exception at 0x000001efe1a45c2c to 0x000001efe1a4656c
Event: 86.249 Thread 0x000001efd0f37800 Implicit null exception at 0x000001efe1a46e8b to 0x000001efe1a47744
Event: 86.856 Thread 0x000001efd0f37800 Exception <a 'java/lang/NoClassDefFoundError'{0x000000074d3afd40}: org/sonatype/aether/installation/InstallationException> (0x000000074d3afd40) 
thrown [t:/workspace/open/src/hotspot/share/classfile/systemDictionary.cpp, line 215]
Event: 86.858 Thread 0x000001efd0f37800 Exception <a 'java/lang/NoClassDefFoundError'{0x000000074d3c4c40}: org/sonatype/aether/metadata/Metadata> (0x000000074d3c4c40) 
thrown [t:/workspace/open/src/hotspot/share/classfile/systemDictionary.cpp, line 215]
Event: 86.858 Thread 0x000001efd0f37800 Exception <a 'java/lang/NoClassDefFoundError'{0x000000074d3d3018}: org/sonatype/aether/deployment/DeploymentException> (0x000000074d3d3018) 
thrown [t:/workspace/open/src/hotspot/share/classfile/systemDictionary.cpp, line 215]
Event: 86.859 Thread 0x000001efd0f37800 Exception <a 'java/lang/NoClassDefFoundError'{0x000000074d3e6068}: org/sonatype/aether/resolution/ArtifactResolutionException> (0x000000074d3e6068) 
thrown [t:/workspace/open/src/hotspot/share/classfile/systemDictionary.cpp, line 215]
Event: 86.868 Thread 0x000001efd0f37800 Exception <a 'java/lang/NoClassDefFoundError'{0x000000074d22aed8}: org/sonatype/aether/collection/DependencyCollectionException> (0x000000074d22aed8) 
thrown [t:/workspace/open/src/hotspot/share/classfile/systemDictionary.cpp, line 215]
Event: 86.873 Thread 0x000001efd0f37800 Exception <a 'java/lang/NoClassDefFoundError'{0x000000074d275dd8}: org/sonatype/aether/metadata/Metadata> (0x000000074d275dd8) 
thrown [t:/workspace/open/src/hotspot/share/classfile/systemDictionary.cpp, line 215]
Event: 86.876 Thread 0x000001efd0f37800 Exception <a 'java/lang/NoClassDefFoundError'{0x000000074d2af370}: org/sonatype/aether/resolution/ArtifactDescriptorException> (0x000000074d2af370) 
thrown [t:/workspace/open/src/hotspot/share/classfile/systemDictionary.cpp, line 215]
Event: 86.906 Thread 0x000001eff575f000 Implicit null exception at 0x000001efe178693b to 0x000001efe1786a64
Event: 86.914 Thread 0x000001eff575f000 Implicit null exception at 0x000001efe194dcd0 to 0x000001efe1950310
Event: 87.020 Thread 0x000001eff575f000 Exception <a 'java/lang/NoSuchMethodError'{0x000000074c8db848}: 'void java.lang.invoke.DirectMethodHandle$Holder.invokeStaticInit(java.lang.Object, java.lang.Object)'> (0x000000074c8db848) 
thrown [t:/workspace/open/src/hotspot/share/interpreter/linkResolver.cpp, line 766]
Event: 87.020 Thread 0x000001eff575f000 Exception <a 'java/lang/NoSuchMethodError'{0x000000074c8de4b8}: 'void java.lang.invoke.Invokers$Holder.invoke_MT(java.lang.Object, java.lang.Object, java.lang.Object)'> (0x000000074c8de4b8) 
thrown [t:/workspace/open/src/hotspot/share/interpreter/linkResolver.cpp, line 766]

Events (20 events):
Event: 87.557 loading class sun/security/jca/ProviderConfig$3 done
Event: 87.557 loading class sun/security/jca/ProviderConfig$ProviderLoader
Event: 87.557 loading class sun/security/jca/ProviderConfig$ProviderLoader done
Event: 87.557 Executing VM operation: HandshakeOneThread
Event: 87.557 Executing VM operation: HandshakeOneThread done
Event: 87.559 loading class java/security/AuthProvider
Event: 87.559 loading class java/security/AuthProvider done
Event: 87.559 loading class java/security/ProviderException
Event: 87.559 loading class java/security/ProviderException done
Event: 87.560 loading class java/security/InvalidParameterException
Event: 87.560 loading class java/security/InvalidParameterException done
Event: 87.560 loading class javax/security/auth/login/LoginException
Event: 87.560 loading class javax/security/auth/login/LoginException done
Event: 87.560 loading class javax/security/auth/login/FailedLoginException
Event: 87.560 loading class javax/security/auth/login/FailedLoginException done
Event: 87.560 loading class javax/security/auth/Subject
Event: 87.566 loading class javax/security/auth/Subject done
Event: 87.566 loading class javax/security/auth/callback/CallbackHandler
Event: 87.566 loading class javax/security/auth/callback/CallbackHandler done
Event: 92.526 Thread 0x000001eff2385800 Thread exited: 0x000001eff2385800


Dynamic libraries:
0x00007ff76a570000 - 0x00007ff76a57f000 	C:\Program Files\Java\jdk-14\bin\javaw.exe
0x00007ffda6b90000 - 0x00007ffda6d85000 	C:\WINDOWS\SYSTEM32\ntdll.dll
0x00007ffda6a60000 - 0x00007ffda6b1e000 	C:\WINDOWS\System32\KERNEL32.DLL
0x00007ffda4360000 - 0x00007ffda4628000 	C:\WINDOWS\System32\KERNELBASE.dll
0x00007ffda10f0000 - 0x00007ffda1180000 	C:\WINDOWS\SYSTEM32\apphelp.dll
0x00007ffda4a40000 - 0x00007ffda4b40000 	C:\WINDOWS\System32\ucrtbase.dll
0x00007ffd90b90000 - 0x00007ffd90ba5000 	C:\Program Files\Java\jdk-14\bin\VCRUNTIME140.dll
0x00007ffd75bd0000 - 0x00007ffd75be8000 	C:\Program Files\Java\jdk-14\bin\jli.dll
0x00007ffda5c60000 - 0x00007ffda5d0c000 	C:\WINDOWS\System32\ADVAPI32.dll
0x00007ffda67f0000 - 0x00007ffda688e000 	C:\WINDOWS\System32\msvcrt.dll
0x00007ffda6490000 - 0x00007ffda652b000 	C:\WINDOWS\System32\sechost.dll
0x00007ffda4c40000 - 0x00007ffda4d6a000 	C:\WINDOWS\System32\RPCRT4.dll
0x00007ffda6890000 - 0x00007ffda6a31000 	C:\WINDOWS\System32\USER32.dll
0x00007ffda4660000 - 0x00007ffda4682000 	C:\WINDOWS\System32\win32u.dll
0x00007ffda6b20000 - 0x00007ffda6b4b000 	C:\WINDOWS\System32\GDI32.dll
0x00007ffda4930000 - 0x00007ffda4a3b000 	C:\WINDOWS\System32\gdi32full.dll
0x00007ffda4b40000 - 0x00007ffda4bdd000 	C:\WINDOWS\System32\msvcp_win.dll
0x00007ffd77620000 - 0x00007ffd778ba000 	C:\WINDOWS\WinSxS\amd64_microsoft.windows.common-controls_6595b64144ccf1df_6.0.19041.1110_none_60b5254171f9507e\COMCTL32.dll
0x00007ffd9a990000 - 0x00007ffd9a99a000 	C:\WINDOWS\SYSTEM32\VERSION.dll
0x00007ffda6080000 - 0x00007ffda60b0000 	C:\WINDOWS\System32\IMM32.DLL
0x00007ffd63360000 - 0x00007ffd633fb000 	C:\Program Files\Java\jdk-14\bin\msvcp140.dll
0x00007ffd35cc0000 - 0x00007ffd367df000 	C:\Program Files\Java\jdk-14\bin\server\jvm.dll
0x00007ffda5e40000 - 0x00007ffda5e48000 	C:\WINDOWS\System32\PSAPI.DLL
0x00007ffd9daf0000 - 0x00007ffd9daf9000 	C:\WINDOWS\SYSTEM32\WSOCK32.dll
0x00007ffda5a40000 - 0x00007ffda5aab000 	C:\WINDOWS\System32\WS2_32.dll
0x00007ffd83180000 - 0x00007ffd831a7000 	C:\WINDOWS\SYSTEM32\WINMM.dll
0x00007ffda2b00000 - 0x00007ffda2b12000 	C:\WINDOWS\SYSTEM32\kernel.appcore.dll
0x00007ffd93f90000 - 0x00007ffd93f9a000 	C:\Program Files\Java\jdk-14\bin\jimage.dll
0x00007ffd904a0000 - 0x00007ffd90684000 	C:\WINDOWS\SYSTEM32\DBGHELP.DLL
0x00007ffd90410000 - 0x00007ffd9043c000 	C:\WINDOWS\SYSTEM32\dbgcore.DLL
0x00007ffda4690000 - 0x00007ffda4713000 	C:\WINDOWS\System32\bcryptPrimitives.dll
0x00007ffd77b10000 - 0x00007ffd77b35000 	C:\Program Files\Java\jdk-14\bin\java.dll
0x00007ffd770d0000 - 0x00007ffd770e7000 	C:\Program Files\Java\jdk-14\bin\zip.dll
0x00007ffda4e20000 - 0x00007ffda555f000 	C:\WINDOWS\System32\SHELL32.dll
0x00007ffda2370000 - 0x00007ffda2b00000 	C:\WINDOWS\SYSTEM32\windows.storage.dll
0x00007ffda60b0000 - 0x00007ffda6405000 	C:\WINDOWS\System32\combase.dll
0x00007ffda3d00000 - 0x00007ffda3d2e000 	C:\WINDOWS\SYSTEM32\Wldp.dll
0x00007ffda6610000 - 0x00007ffda66bd000 	C:\WINDOWS\System32\SHCORE.dll
0x00007ffda5ec0000 - 0x00007ffda5f15000 	C:\WINDOWS\System32\shlwapi.dll
0x00007ffda41f0000 - 0x00007ffda420f000 	C:\WINDOWS\SYSTEM32\profapi.dll
0x00007ffd75b10000 - 0x00007ffd75b29000 	C:\Program Files\Java\jdk-14\bin\net.dll
0x00007ffd9b9a0000 - 0x00007ffd9baac000 	C:\WINDOWS\SYSTEM32\WINHTTP.dll
0x00007ffda3a60000 - 0x00007ffda3aca000 	C:\WINDOWS\system32\mswsock.dll
0x00007ffd75af0000 - 0x00007ffd75b02000 	C:\Program Files\Java\jdk-14\bin\nio.dll
0x00007ffd93f80000 - 0x00007ffd93f90000 	C:\Program Files\Java\jdk-14\bin\verify.dll
0x00007ffda3c60000 - 0x00007ffda3c78000 	C:\WINDOWS\SYSTEM32\CRYPTSP.dll
0x00007ffda3370000 - 0x00007ffda33a4000 	C:\WINDOWS\system32\rsaenh.dll
0x00007ffda4630000 - 0x00007ffda4657000 	C:\WINDOWS\System32\bcrypt.dll
0x00007ffda41b0000 - 0x00007ffda41de000 	C:\WINDOWS\SYSTEM32\USERENV.dll
0x00007ffda3c50000 - 0x00007ffda3c5c000 	C:\WINDOWS\SYSTEM32\CRYPTBASE.dll
0x00007ffda3700000 - 0x00007ffda373b000 	C:\WINDOWS\SYSTEM32\IPHLPAPI.DLL
0x00007ffda5d10000 - 0x00007ffda5d18000 	C:\WINDOWS\System32\NSI.dll
0x00007ffd9ce40000 - 0x00007ffd9ce57000 	C:\WINDOWS\SYSTEM32\dhcpcsvc6.DLL
0x00007ffd9cd80000 - 0x00007ffd9cd9d000 	C:\WINDOWS\SYSTEM32\dhcpcsvc.DLL
0x00007ffda3790000 - 0x00007ffda385b000 	C:\WINDOWS\SYSTEM32\DNSAPI.dll
0x00007ffd9c9b0000 - 0x00007ffd9c9ba000 	C:\Users\lenovo\AppData\Local\Temp\jansi-1.17.1-16413476105746545669.dll
0x00007ffd7db70000 - 0x00007ffd7db7a000 	C:\Users\lenovo\AppData\Local\Temp\jansi-1.17.1-11478425683080973798.dll
0x00007ffd758a0000 - 0x00007ffd758c5000 	C:\Program Files\Java\jdk-14\bin\sunec.dll

dbghelp: loaded successfully - version: 4.0.5 - missing functions: none
symbol engine: initialized successfully - sym options: 0x614 - pdb path: .;C:\Program Files\Java\jdk-14\bin;C:\WINDOWS\SYSTEM32;C:\WINDOWS\WinSxS\amd64_microsoft.windows.common-controls_6595b64144ccf1df_6.0.19041.1110_none_60b5254171f9507e;C:\Program Files\Java\jdk-14\bin\server;C:\Users\lenovo\AppData\Local\Temp

VM Arguments:
jvm_args: -Dmaven.home=EMBEDDED -Dclassworlds.conf=C:\Users\lenovo\eclipse-workspace1\.metadata\.plugins\org.eclipse.m2e.launching\launches\m2conf146480572629904329.tmp -Dmaven.multiModuleProjectDirectory=C:\Users\lenovo\Downloads\ThesisProject-master - Final - 18July2021 - Copy (14) - Working_Copy - Copy_New\costfed -Dfile.encoding=Cp1252 -XX:+ShowCodeDetailsInExceptionMessages 
java_command: org.codehaus.plexus.classworlds.launcher.Launcher -B clean compile dependency:tree test test-compile package install site exec:java -Dexec.mainClass=org.aksw.simba.start.QueryEvaluation
java_class_path (initial): C:\Users\lenovo\.p2\pool\plugins\org.eclipse.m2e.maven.runtime_1.18.0.20210603-1206\jars\plexus-classworlds-2.6.0.jar
Launcher Type: SUN_STANDARD

[Global flags]
     intx CICompilerCount                          = 3                                         {product} {ergonomic}
     uint ConcGCThreads                            = 1                                         {product} {ergonomic}
     uint G1ConcRefinementThreads                  = 4                                         {product} {ergonomic}
   size_t G1HeapRegionSize                         = 1048576                                   {product} {ergonomic}
    uintx GCDrainStackTargetSize                   = 64                                        {product} {ergonomic}
   size_t InitialHeapSize                          = 197132288                                 {product} {ergonomic}
   size_t MarkStackSize                            = 4194304                                   {product} {ergonomic}
   size_t MaxHeapSize                              = 3139436544                                {product} {ergonomic}
   size_t MaxNewSize                               = 1883242496                                {product} {ergonomic}
   size_t MinHeapDeltaBytes                        = 1048576                                   {product} {ergonomic}
   size_t MinHeapSize                              = 8388608                                   {product} {ergonomic}
    uintx NonNMethodCodeHeapSize                   = 5832780                                {pd product} {ergonomic}
    uintx NonProfiledCodeHeapSize                  = 122912730                              {pd product} {ergonomic}
    uintx ProfiledCodeHeapSize                     = 122912730                              {pd product} {ergonomic}
    uintx ReservedCodeCacheSize                    = 251658240                              {pd product} {ergonomic}
     bool SegmentedCodeCache                       = true                                      {product} {ergonomic}
     bool ShowCodeDetailsInExceptionMessages       = true                                   {manageable} {command line}
   size_t SoftMaxHeapSize                          = 3139436544                             {manageable} {ergonomic}
     bool UseCompressedClassPointers               = true                                 {lp64_product} {ergonomic}
     bool UseCompressedOops                        = true                                 {lp64_product} {ergonomic}
     bool UseG1GC                                  = true                                      {product} {ergonomic}
     bool UseLargePagesIndividualAllocation        = false                                  {pd product} {ergonomic}

Logging:
Log output configuration:
 #0: stdout all=warning uptime,level,tags
 #1: stderr all=off uptime,level,tags

Environment Variables:
JAVA_HOME=C:\Program Files\Java\jdk-14
PATH=C:/Program Files/Java/jdk-14/bin/server;C:/Program Files/Java/jdk-14/bin;C:\WINDOWS\system32;C:\WINDOWS;C:\WINDOWS\System32\Wbem;C:\WINDOWS\System32\WindowsPowerShell\v1.0\;C:\WINDOWS\System32\OpenSSH\;C:\Program Files\Git\cmd;C:\Users\lenovo\Downloads\apache-maven-3.6.3-bin\apache-maven-3.6.3\bin;C:\Program Files\Microsoft SQL Server\Client SDK\ODBC\110\Tools\Binn\;C:\Program Files\dotnet\;C:\Program Files\Microsoft SQL Server\130\Tools\Binn\;C:\Program Files\Microsoft SQL Server\Client SDK\ODBC\170\Tools\Binn\;C:\Program Files\Azure Data Studio\bin;C:\Program Files (x86)\Microsoft SQL Server\150\Tools\Binn\;C:\Program Files\Microsoft SQL Server\150\Tools\Binn\;C:\Program Files\Microsoft SQL Server\150\DTS\Binn\;C:\Program Files (x86)\dotnet\;C:\Program Files (x86)\Microsoft SQL Server\150\DTS\Binn\;C:\Program Files (x86)\Microsoft SQL Server\110\DTS\Binn\;C:\Program Files (x86)\Microsoft SQL Server\120\DTS\Binn\;C:\Program Files (x86)\Microsoft SQL Server\130\DTS\Binn\;C:\Program Files (x86)\Microsoft SQL Server\140\DTS\Binn\;C:\Program Files\PuTTY\;C:\Users\lenovo\AppData\Local\Programs\Python\Python39;;C:\Program Files\IDM Computer Solutions\UltraEdit;C:\Users\lenovo\AppData\Local\Microsoft\WindowsApps;C:\Users\lenovo\AppData\Local\GitHubDesktop\bin;C:\Users\lenovo\.dotnet\tools;C:\Program Files\Java\jdk-14\bin;C:\WINDOWS\system32;
USERNAME=lenovo
OS=Windows_NT
PROCESSOR_IDENTIFIER=Intel64 Family 6 Model 60 Stepping 3, GenuineIntel



---------------  S Y S T E M  ---------------

OS: Windows 10 , 64 bit Build 19041 (10.0.19041.1348)
OS uptime: 5 days 15:27 hours
HyperV virtualization detected

CPU:total 4 (initial active 4) (2 cores per cpu, 2 threads per core) family 6 model 60 stepping 3, cmov, cx8, fxsr, mmx, sse, sse2, sse3, ssse3, sse4.1, sse4.2, popcnt, avx, avx2, aes, clmul, erms, lzcnt, ht, tsc, tscinvbit, bmi1, bmi2, fma

Memory: 4k page, system-wide physical 11974M (3237M free)
TotalPageFile size 28358M (AvailPageFile size 11957M)
current process WorkingSet (physical memory assigned to process): 356M, peak: 552M
current process commit charge ("private bytes"): 382M, peak: 585M

vm_info: Java HotSpot(TM) 64-Bit Server VM (14+36-1461) for windows-amd64 JRE (14+36-1461), built on Feb  6 2020 19:08:04 by "mach5one" with MS VC++ 15.9 (VS2017)

END.
