#
# A fatal error has been detected by the Java Runtime Environment:
#
#  EXCEPTION_IN_PAGE_ERROR (0xc0000006) at pc=0x00007ffda6ba06a3, pid=14936, tid=19128
#
# JRE version: Java(TM) SE Runtime Environment (14.0+36) (build 14+36-1461)
# Java VM: Java HotSpot(TM) 64-Bit Server VM (14+36-1461, mixed mode, sharing, tiered, compressed oops, g1 gc, windows-amd64)
# Problematic frame:
# C  [ntdll.dll+0x106a3]
#
# No core dump will be written. Minidumps are not enabled by default on client versions of Windows
#
# If you would like to submit a bug report, please visit:
#   https://bugreport.java.com/bugreport/crash.jsp
# The crash happened outside the Java Virtual Machine in native code.
# See problematic frame for where to report the bug.
#

---------------  S U M M A R Y ------------

Command Line: -Dmaven.home=EMBEDDED -Dclassworlds.conf=C:\Users\lenovo\eclipse-workspace1\.metadata\.plugins\org.eclipse.m2e.launching\launches\m2conf15167826259812533009.tmp -Dmaven.multiModuleProjectDirectory=C:\Users\lenovo\Downloads\ThesisProject-master - Final - 18July2021 - Copy (14) - Working_Copy - Copy_New\costfed -Dfile.encoding=Cp1252 -XX:+ShowCodeDetailsInExceptionMessages org.codehaus.plexus.classworlds.launcher.Launcher -B clean compile dependency:tree test test-compile package install site exec:java -Dexec.mainClass=org.aksw.simba.start.QueryEvaluation

Host: Intel(R) Core(TM) i5-4210M CPU @ 2.60GHz, 4 cores, 11G,  Windows 10 , 64 bit Build 19041 (10.0.19041.1348)
Time: Sun Dec 12 18:10:58 2021 W. Europe Standard Time elapsed time: 110 seconds (0d 0h 1m 50s)

---------------  T H R E A D  ---------------

Current thread (0x00000258d6b4c000):  JavaThread "org.aksw.simba.start.QueryEvaluation.main()" [_thread_in_native, id=19128, stack(0x0000007beca00000,0x0000007becb00000)]

Stack: [0x0000007beca00000,0x0000007becb00000],  sp=0x0000007becafc450,  free space=1009k
Native frames: (J=compiled Java code, j=interpreted, Vv=VM code, C=native code)
C  [ntdll.dll+0x106a3]
C  [ntdll.dll+0xfa99]
C  [ntdll.dll+0x14bcf]
C  [ntdll.dll+0x5fc73]
C  [ntdll.dll+0x5f9a0]
C  [ntdll.dll+0x5ec3f]
C  [ntdll.dll+0x1fb53]
C  [ntdll.dll+0x173e4]
C  [ntdll.dll+0x16af4]
C  [KERNELBASE.dll+0x2ade2]
C  [KERNELBASE.dll+0x332b1]
C  [KERNELBASE.dll+0x78c6f]
V  [jvm.dll+0x5f1ec8]
V  [jvm.dll+0x3c7219]
C  [java.dll+0x15de]

Java frames: (J=compiled Java code, j=interpreted, Vv=VM code)
j  java.lang.ClassLoader$NativeLibrary.load0(Ljava/lang/String;Z)Z+0 java.base@14
j  java.lang.ClassLoader$NativeLibrary.load()Z+53 java.base@14
j  java.lang.ClassLoader$NativeLibrary.loadLibrary(Ljava/lang/Class;Ljava/lang/String;Z)Z+216 java.base@14
j  java.lang.ClassLoader.loadLibrary0(Ljava/lang/Class;Ljava/io/File;)Z+46 java.base@14
j  java.lang.ClassLoader.loadLibrary(Ljava/lang/Class;Ljava/lang/String;Z)V+255 java.base@14
j  java.lang.Runtime.loadLibrary0(Ljava/lang/Class;Ljava/lang/String;)V+54 java.base@14
j  java.lang.System.loadLibrary(Ljava/lang/String;)V+7 java.base@14
j  sun.security.ec.SunEC$1.run()Ljava/lang/Void;+2 jdk.crypto.ec@14
j  sun.security.ec.SunEC$1.run()Ljava/lang/Object;+1 jdk.crypto.ec@14
J 692 c1 java.security.AccessController.doPrivileged(Ljava/security/PrivilegedAction;)Ljava/lang/Object; java.base@14 (9 bytes) @ 0x00000258ba8a7f4c [0x00000258ba8a7de0+0x000000000000016c]
j  sun.security.ec.SunEC.<clinit>()V+11 jdk.crypto.ec@14
v  ~StubRoutines::call_stub
J 2030  jdk.internal.reflect.NativeConstructorAccessorImpl.newInstance0(Ljava/lang/reflect/Constructor;[Ljava/lang/Object;)Ljava/lang/Object; java.base@14 (0 bytes) @ 0x00000258c1d686b6 [0x00000258c1d68640+0x0000000000000076]
J 2029 c1 jdk.internal.reflect.NativeConstructorAccessorImpl.newInstance([Ljava/lang/Object;)Ljava/lang/Object; java.base@14 (89 bytes) @ 0x00000258bab7fb94 [0x00000258bab7ef20+0x0000000000000c74]
J 1459 c1 jdk.internal.reflect.DelegatingConstructorAccessorImpl.newInstance([Ljava/lang/Object;)Ljava/lang/Object; java.base@14 (9 bytes) @ 0x00000258baa5ef74 [0x00000258baa5ee40+0x0000000000000134]
J 1457 c1 java.lang.reflect.Constructor.newInstanceWithCaller([Ljava/lang/Object;ZLjava/lang/Class;)Ljava/lang/Object; java.base@14 (75 bytes) @ 0x00000258baa5da84 [0x00000258baa5d800+0x0000000000000284]
J 1463 c1 java.lang.reflect.Constructor.newInstance([Ljava/lang/Object;)Ljava/lang/Object; java.base@14 (34 bytes) @ 0x00000258baa61f4c [0x00000258baa61dc0+0x000000000000018c]
j  java.util.ServiceLoader$ProviderImpl.newInstance()Ljava/lang/Object;+19 java.base@14
j  java.util.ServiceLoader$ProviderImpl.get()Ljava/lang/Object;+13 java.base@14
j  java.util.ServiceLoader$3.next()Ljava/lang/Object;+58 java.base@14
j  sun.security.jca.ProviderConfig$ProviderLoader.load(Ljava/lang/String;)Ljava/security/Provider;+54 java.base@14
j  sun.security.jca.ProviderConfig$3.run()Ljava/security/Provider;+44 java.base@14
j  sun.security.jca.ProviderConfig$3.run()Ljava/lang/Object;+1 java.base@14
J 692 c1 java.security.AccessController.doPrivileged(Ljava/security/PrivilegedAction;)Ljava/lang/Object; java.base@14 (9 bytes) @ 0x00000258ba8a7f4c [0x00000258ba8a7de0+0x000000000000016c]
j  sun.security.jca.ProviderConfig.doLoadProvider()Ljava/security/Provider;+8 java.base@14
j  sun.security.jca.ProviderConfig.getProvider()Ljava/security/Provider;+270 java.base@14
j  sun.security.jca.ProviderList.getProvider(I)Ljava/security/Provider;+6 java.base@14
j  sun.security.jca.ProviderList.getService(Ljava/lang/String;Ljava/lang/String;)Ljava/security/Provider$Service;+90 java.base@14
j  sun.security.jca.GetInstance.getInstance(Ljava/lang/String;Ljava/lang/Class;Ljava/lang/String;)Lsun/security/jca/GetInstance$Instance;+7 java.base@14
j  javax.net.ssl.TrustManagerFactory.getInstance(Ljava/lang/String;)Ljavax/net/ssl/TrustManagerFactory;+12 java.base@14
j  org.apache.http.ssl.SSLContextBuilder.loadTrustMaterial(Ljava/security/KeyStore;Lorg/apache/http/ssl/TrustStrategy;)Lorg/apache/http/ssl/SSLContextBuilder;+3
j  org.eclipse.rdf4j.http.client.util.HttpClientBuilders.getSSLTrustAllHttpClientBuilder()Lorg/apache/http/impl/client/HttpClientBuilder;+17
j  com.fluidops.fedx.FedX.<init>(Lcom/fluidops/fedx/Config;Lcom/fluidops/fedx/cache/Cache;Lcom/fluidops/fedx/EndpointListProvider;Lcom/fluidops/fedx/SummaryProvider;)V+62
j  com.fluidops.fedx.FedXFactory.initializeFederation(Lcom/fluidops/fedx/Config;Lcom/fluidops/fedx/EndpointListProvider;Lcom/fluidops/fedx/SummaryProvider;Ljava/lang/String;)Lcom/fluidops/fedx/sail/FedXSailRepository;+46
j  com.fluidops.fedx.FedXFactory.initializeSparqlFederation(Lcom/fluidops/fedx/Config;Ljava/util/List;)Lcom/fluidops/fedx/sail/FedXSailRepository;+69
j  org.aksw.simba.start.QueryEvaluation.evaluate(Ljava/lang/String;Ljava/lang/String;Ljava/util/List;)Ljava/util/Map;+1388
j  org.aksw.simba.start.QueryEvaluation.multyEvaluate(Ljava/lang/String;ILjava/lang/String;Ljava/util/List;)Ljava/util/Map;+26
j  org.aksw.simba.start.QueryEvaluation.main([Ljava/lang/String;)V+1432
j  java.lang.invoke.LambdaForm$DMH.invokeStaticInit(Ljava/lang/Object;Ljava/lang/Object;)V+10 java.base@14
j  java.lang.invoke.LambdaForm$MH.invoke_MT(Ljava/lang/Object;Ljava/lang/Object;Ljava/lang/Object;)V+18 java.base@14
j  org.codehaus.mojo.exec.ExecJavaMojo$1.run()V+85
j  java.lang.Thread.run()V+11 java.base@14
v  ~StubRoutines::call_stub

siginfo: EXCEPTION_IN_PAGE_ERROR (0xc0000006), reading address 0x00007ffd757e1408


Register to memory mapping:

RIP=0x00007ffda6ba06a3 ntdll.dll
RAX=0x00007ffd757de910 sunec.dll
RBX=0x00000258d6d74ff0 points into unknown readable memory: d0 a4 cf a6 fd 7f 00 00
RCX=0x0000007becafc520 is pointing into the stack for thread: 0x00000258d6b4c000
RDX=0x0000000000000002 is an unknown value
RSP=0x0000007becafc450 is pointing into the stack for thread: 0x00000258d6b4c000
RBP=0x0000007becafc4a0 is pointing into the stack for thread: 0x00000258d6b4c000
RSI=0x0 is NULL
RDI=0x00007ffd757e1408 sunec.dll
R8 =0x0000000000021408 is an unknown value
R9 =0x00007ffd757c0268 sunec.dll
R10=0x0000000000000006 is an unknown value
R11=0x00007ffd757de910 sunec.dll
R12=0x00002b992ddfa232 is an unknown value
R13=0x0000000000000003 is an unknown value
R14=0x72f4691fbb42d728 is an unknown value
R15=0x0000000000008600 is an unknown value


Registers:
RAX=0x00007ffd757de910, RBX=0x00000258d6d74ff0, RCX=0x0000007becafc520, RDX=0x0000000000000002
RSP=0x0000007becafc450, RBP=0x0000007becafc4a0, RSI=0x0000000000000000, RDI=0x00007ffd757e1408
R8 =0x0000000000021408, R9 =0x00007ffd757c0268, R10=0x0000000000000006, R11=0x00007ffd757de910
R12=0x00002b992ddfa232, R13=0x0000000000000003, R14=0x72f4691fbb42d728, R15=0x0000000000008600
RIP=0x00007ffda6ba06a3, EFLAGS=0x0000000000010202

Top of Stack: (sp=0x0000007becafc450)
0x0000007becafc450:   00000258d6d74ff0 0000007becafc4a0
0x0000007becafc460:   00007ffd757c0110 00007ffd757c0110
0x0000007becafc470:   0000025800000001 00000258af7e0cc0
0x0000007becafc480:   0000025800000000 00007ffd757de910
0x0000007becafc490:   0000025800000003 00007ffd757c0110
0x0000007becafc4a0:   0000000000000001 00000258d6d75038
0x0000007becafc4b0:   0000000000000000 00007ffda6b9fa99
0x0000007becafc4c0:   00000258d6d74ff0 00007ffd757c0000
0x0000007becafc4d0:   0000007becafc538 0000000000000000
0x0000007becafc4e0:   0000007becafc520 000000007ffe0385
0x0000007becafc4f0:   0000000000000000 000000007ffe0385
0x0000007becafc500:   0000007becafc6b0 00000258d6d74ff0
0x0000007becafc510:   00000258d625c210 00007ffda6ba4bcf
0x0000007becafc520:   00007ffd757de910 0000000000000000
0x0000007becafc530:   00007ffd757c0110 00007ffd757c0110
0x0000007becafc540:   00000258162210e0 00000258d6d75038 

Instructions: (pc=0x00007ffda6ba06a3)
0x00007ffda6ba05a3:   50 38 89 17 48 8d 0d 92 ac 15 00 e8 bd 26 00 00
0x00007ffda6ba05b3:   48 8b 74 24 38 48 8b 7c 24 40 49 89 1e 48 f7 db
0x00007ffda6ba05c3:   48 8b 5c 24 30 1b c0 f7 d0 25 35 01 00 c0 48 83
0x00007ffda6ba05d3:   c4 20 41 5e c3 cc 48 85 c0 74 c9 48 8d 98 38 ff
0x00007ffda6ba05e3:   ff ff 48 8b 83 98 00 00 00 83 78 18 ff 74 a4 48
0x00007ffda6ba05f3:   8b 00 f6 40 c8 20 75 9b f0 ff 83 14 01 00 00 eb
0x00007ffda6ba0603:   92 48 8b 1d 95 9e 15 00 48 85 ff 74 a3 48 8b 83
0x00007ffda6ba0613:   98 00 00 00 8b 48 38 41 89 08 eb 94 cc cc cc cc
0x00007ffda6ba0623:   cc cc cc cc cc 48 89 5c 24 08 48 89 74 24 10 48
0x00007ffda6ba0633:   89 7c 24 20 55 41 54 41 56 48 8b ec 48 83 ec 50
0x00007ffda6ba0643:   33 c0 4d 8b f1 48 89 45 e8 49 8b f8 4d 85 c0 0f
0x00007ffda6ba0653:   85 24 a9 09 00 4c 8d 4d e8 4c 8d 45 e0 e8 07 01
0x00007ffda6ba0663:   00 00 8b 75 e0 48 8b f8 48 8b 45 e8 48 8b 4d 40
0x00007ffda6ba0673:   48 85 c9 74 03 48 89 01 48 85 c0 74 14 81 38 94
0x00007ffda6ba0683:   00 00 00 72 0c f7 80 90 00 00 00 00 08 00 00 75
0x00007ffda6ba0693:   56 48 85 ff 74 71 49 bc 32 a2 df 2d 99 2b 00 00
0x00007ffda6ba06a3:   4c 39 27 75 62 48 8b cf e8 9c 39 00 00 41 8b ce
0x00007ffda6ba06b3:   48 8b d8 48 c1 e1 10 48 b8 ff ff ff ff ff ff 00
0x00007ffda6ba06c3:   00 48 33 d9 49 c1 ee 20 49 33 de 48 23 d8 49 3b
0x00007ffda6ba06d3:   dc 0f 84 ac a8 09 00 48 85 db 0f 84 a3 a8 09 00
0x00007ffda6ba06e3:   85 f6 75 27 48 89 1f b8 01 00 00 00 4c 8d 5c 24
0x00007ffda6ba06f3:   50 49 8b 5b 20 49 8b 73 28 49 8b 7b 38 49 8b e3
0x00007ffda6ba0703:   41 5e 41 5c 5d c3 cc 33 c0 eb e1 48 8d 45 30 48
0x00007ffda6ba0713:   89 7d f8 48 83 ce ff 48 c7 45 f0 08 00 00 00 48
0x00007ffda6ba0723:   8b ce 48 89 44 24 20 41 b9 04 00 00 00 4c 8d 45
0x00007ffda6ba0733:   f0 48 8d 55 f8 e8 23 d0 08 00 85 c0 78 c9 48 89
0x00007ffda6ba0743:   1f 48 8d 45 30 44 8b 4d 30 4c 8d 45 f0 48 8d 55
0x00007ffda6ba0753:   f8 48 89 44 24 20 48 8b ce e8 ff cf 08 00 eb 87
0x00007ffda6ba0763:   cc cc cc cc cc cc cc cc cc 48 89 5c 24 08 48 89
0x00007ffda6ba0773:   6c 24 10 56 57 41 56 48 83 ec 20 4d 8b f0 8b ea
0x00007ffda6ba0783:   45 33 c0 49 8b d9 48 8b f1 4c 8d 4c 24 50 48 8b
0x00007ffda6ba0793:   d1 41 8d 48 01 e8 33 23 02 00 48 8b ce e8 5b 54 


Stack slot to memory mapping:
stack at sp + 0 slots: 0x00000258d6d74ff0 points into unknown readable memory: d0 a4 cf a6 fd 7f 00 00
stack at sp + 1 slots: 0x0000007becafc4a0 is pointing into the stack for thread: 0x00000258d6b4c000
stack at sp + 2 slots: 0x00007ffd757c0110 sunec.dll
stack at sp + 3 slots: 0x00007ffd757c0110 sunec.dll
stack at sp + 4 slots: 0x0000025800000001 is an unknown value
stack at sp + 5 slots: 0x00000258af7e0cc0 points into unknown readable memory: 00 00 ad 07 00 00 00 00
stack at sp + 6 slots: 0x0000025800000000 is an unknown value
stack at sp + 7 slots: 0x00007ffd757de910 sunec.dll


---------------  P R O C E S S  ---------------

Threads class SMR info:
_java_thread_list=0x00000258d72fb0d0, length=13, elements={
0x00000258b1a18800, 0x00000258d25d9800, 0x00000258d25ea800, 0x00000258d25fe000,
0x00000258d2601000, 0x00000258d2607800, 0x00000258d2613800, 0x00000258d2617000,
0x00000258d2622800, 0x00000258d2fc6800, 0x00000258d2fd6000, 0x00000258d6b4c000,
0x00000258d6b4d000
}

Java Threads: ( => current thread )
  0x00000258b1a18800 JavaThread "main" [_thread_blocked, id=8624, stack(0x0000007becc00000,0x0000007becd00000)]
  0x00000258d25d9800 JavaThread "Reference Handler" daemon [_thread_blocked, id=19808, stack(0x0000007bed300000,0x0000007bed400000)]
  0x00000258d25ea800 JavaThread "Finalizer" daemon [_thread_blocked, id=18444, stack(0x0000007bed400000,0x0000007bed500000)]
  0x00000258d25fe000 JavaThread "Signal Dispatcher" daemon [_thread_blocked, id=14868, stack(0x0000007bed500000,0x0000007bed600000)]
  0x00000258d2601000 JavaThread "Attach Listener" daemon [_thread_blocked, id=20320, stack(0x0000007bed600000,0x0000007bed700000)]
  0x00000258d2607800 JavaThread "Service Thread" daemon [_thread_blocked, id=16676, stack(0x0000007bed700000,0x0000007bed800000)]
  0x00000258d2613800 JavaThread "C2 CompilerThread0" daemon [_thread_blocked, id=228, stack(0x0000007bed800000,0x0000007bed900000)]
  0x00000258d2617000 JavaThread "C1 CompilerThread0" daemon [_thread_blocked, id=21180, stack(0x0000007bed900000,0x0000007beda00000)]
  0x00000258d2622800 JavaThread "Sweeper thread" daemon [_thread_blocked, id=7788, stack(0x0000007beda00000,0x0000007bedb00000)]
  0x00000258d2fc6800 JavaThread "Notification Thread" daemon [_thread_blocked, id=18088, stack(0x0000007bedb00000,0x0000007bedc00000)]
  0x00000258d2fd6000 JavaThread "Common-Cleaner" daemon [_thread_blocked, id=19888, stack(0x0000007bedd00000,0x0000007bede00000)]
=>0x00000258d6b4c000 JavaThread "org.aksw.simba.start.QueryEvaluation.main()" [_thread_in_native, id=19128, stack(0x0000007beca00000,0x0000007becb00000)]
  0x00000258d6b4d000 JavaThread "FileSystemWatchService" daemon [_thread_in_native, id=18656, stack(0x0000007becb00000,0x0000007becc00000)]

Other Threads:
  0x00000258d25d5000 VMThread "VM Thread" [stack: 0x0000007bed200000,0x0000007bed300000] [id=22080]
  0x00000258d2fd5800 WatcherThread [stack: 0x0000007bedc00000,0x0000007bedd00000] [id=12608]
  0x00000258b1a6c000 GCTaskThread "GC Thread#0" [stack: 0x0000007becd00000,0x0000007bece00000] [id=19060]
  0x00000258d4045000 GCTaskThread "GC Thread#1" [stack: 0x0000007bede00000,0x0000007bedf00000] [id=20896]
  0x00000258d4015800 GCTaskThread "GC Thread#2" [stack: 0x0000007bedf00000,0x0000007bee000000] [id=19204]
  0x00000258d4016000 GCTaskThread "GC Thread#3" [stack: 0x0000007bee000000,0x0000007bee100000] [id=15132]
  0x00000258b1a85800 ConcurrentGCThread "G1 Main Marker" [stack: 0x0000007bece00000,0x0000007becf00000] [id=18624]
  0x00000258b1a86800 ConcurrentGCThread "G1 Conc#0" [stack: 0x0000007becf00000,0x0000007bed000000] [id=19072]
  0x00000258d24c6800 ConcurrentGCThread "G1 Refine#0" [stack: 0x0000007bed000000,0x0000007bed100000] [id=21360]
  0x00000258d6982800 ConcurrentGCThread "G1 Refine#1" [stack: 0x0000007bee200000,0x0000007bee300000] [id=15044]
  0x00000258d626d000 ConcurrentGCThread "G1 Refine#2" [stack: 0x0000007bee300000,0x0000007bee400000] [id=1208]
  0x00000258d3338800 ConcurrentGCThread "G1 Refine#3" [stack: 0x0000007bee400000,0x0000007bee500000] [id=4952]
  0x00000258d24c9000 ConcurrentGCThread "G1 Young RemSet Sampling" [stack: 0x0000007bed100000,0x0000007bed200000] [id=5708]

Threads with active compile tasks:

VM state:not at safepoint (normal execution)

VM Mutex/Monitor currently owned by a thread: None

Heap address: 0x0000000744e00000, size: 2994 MB, Compressed Oops mode: Zero based, Oop shift amount: 3
Narrow klass base: 0x0000000800000000, Narrow klass shift: 3
Compressed class space size: 1073741824 Address: 0x0000000800b30000

Heap:
 garbage-first heap   total 106496K, used 52976K [0x0000000744e00000, 0x0000000800000000)
  region size 1024K, 10 young (10240K), 3 survivors (3072K)
 Metaspace       used 43040K, capacity 44379K, committed 44692K, reserved 1089536K
  class space    used 4659K, capacity 5225K, committed 5324K, reserved 1048576K
Heap Regions: E=young(eden), S=young(survivor), O=old, HS=humongous(starts), HC=humongous(continues), CS=collection set, F=free, OA=open archive, CA=closed archive, TAMS=top-at-mark-start (previous, next)
|   0|0x0000000744e00000, 0x0000000744effff8, 0x0000000744f00000| 99%| O|  |TAMS 0x0000000744effff8, 0x0000000744e00000| Untracked 
|   1|0x0000000744f00000, 0x0000000744ffffe0, 0x0000000745000000| 99%| O|  |TAMS 0x0000000744ffffe0, 0x0000000744f00000| Untracked 
|   2|0x0000000745000000, 0x00000007450fffe8, 0x0000000745100000| 99%| O|  |TAMS 0x00000007450fffe8, 0x0000000745000000| Untracked 
|   3|0x0000000745100000, 0x0000000745200000, 0x0000000745200000|100%| O|  |TAMS 0x0000000745200000, 0x0000000745100000| Untracked 
|   4|0x0000000745200000, 0x00000007452ffff0, 0x0000000745300000| 99%| O|  |TAMS 0x00000007452ffff0, 0x0000000745200000| Untracked 
|   5|0x0000000745300000, 0x00000007453fffe8, 0x0000000745400000| 99%| O|  |TAMS 0x00000007453fffe8, 0x0000000745300000| Untracked 
|   6|0x0000000745400000, 0x0000000745500000, 0x0000000745500000|100%| O|  |TAMS 0x0000000745500000, 0x0000000745400000| Untracked 
|   7|0x0000000745500000, 0x00000007455fffe8, 0x0000000745600000| 99%| O|  |TAMS 0x00000007455fffe8, 0x0000000745500000| Untracked 
|   8|0x0000000745600000, 0x00000007456ffff8, 0x0000000745700000| 99%| O|  |TAMS 0x00000007456ffff8, 0x0000000745600000| Untracked 
|   9|0x0000000745700000, 0x0000000745800000, 0x0000000745800000|100%| O|  |TAMS 0x0000000745800000, 0x0000000745700000| Untracked 
|  10|0x0000000745800000, 0x00000007458ffff0, 0x0000000745900000| 99%| O|  |TAMS 0x00000007458ffff0, 0x0000000745800000| Untracked 
|  11|0x0000000745900000, 0x00000007459fffe8, 0x0000000745a00000| 99%| O|  |TAMS 0x00000007459fffe8, 0x0000000745900000| Untracked 
|  12|0x0000000745a00000, 0x0000000745b00000, 0x0000000745b00000|100%| O|  |TAMS 0x0000000745b00000, 0x0000000745a00000| Untracked 
|  13|0x0000000745b00000, 0x0000000745bffff8, 0x0000000745c00000| 99%| O|  |TAMS 0x0000000745bffff8, 0x0000000745b00000| Untracked 
|  14|0x0000000745c00000, 0x0000000745d00000, 0x0000000745d00000|100%| O|  |TAMS 0x0000000745d00000, 0x0000000745c00000| Untracked 
|  15|0x0000000745d00000, 0x0000000745dffff0, 0x0000000745e00000| 99%| O|  |TAMS 0x0000000745dffff0, 0x0000000745d00000| Untracked 
|  16|0x0000000745e00000, 0x0000000745effff0, 0x0000000745f00000| 99%| O|  |TAMS 0x0000000745effff0, 0x0000000745e00000| Untracked 
|  17|0x0000000745f00000, 0x0000000746000000, 0x0000000746000000|100%| O|  |TAMS 0x0000000746000000, 0x0000000745f00000| Untracked 
|  18|0x0000000746000000, 0x00000007460ffff8, 0x0000000746100000| 99%| O|  |TAMS 0x00000007460ffff8, 0x0000000746000000| Untracked 
|  19|0x0000000746100000, 0x00000007461fffe8, 0x0000000746200000| 99%| O|  |TAMS 0x00000007461fffe8, 0x0000000746100000| Untracked 
|  20|0x0000000746200000, 0x00000007462ffff0, 0x0000000746300000| 99%| O|  |TAMS 0x00000007462ffff0, 0x0000000746200000| Untracked 
|  21|0x0000000746300000, 0x00000007463ffff0, 0x0000000746400000| 99%| O|  |TAMS 0x00000007463ffff0, 0x0000000746300000| Untracked 
|  22|0x0000000746400000, 0x0000000746500000, 0x0000000746500000|100%| O|  |TAMS 0x0000000746500000, 0x0000000746400000| Untracked 
|  23|0x0000000746500000, 0x00000007465ffff8, 0x0000000746600000| 99%| O|  |TAMS 0x00000007465ffff8, 0x0000000746500000| Untracked 
|  24|0x0000000746600000, 0x00000007466ffff8, 0x0000000746700000| 99%| O|  |TAMS 0x00000007466ffff8, 0x0000000746600000| Untracked 
|  25|0x0000000746700000, 0x0000000746800000, 0x0000000746800000|100%| O|  |TAMS 0x0000000746800000, 0x0000000746700000| Untracked 
|  26|0x0000000746800000, 0x0000000746900000, 0x0000000746900000|100%|HS|  |TAMS 0x0000000746900000, 0x0000000746800000| Complete 
|  27|0x0000000746900000, 0x0000000746a00000, 0x0000000746a00000|100%|HC|  |TAMS 0x0000000746a00000, 0x0000000746900000| Complete 
|  28|0x0000000746a00000, 0x0000000746affff8, 0x0000000746b00000| 99%| O|  |TAMS 0x0000000746affff8, 0x0000000746a00000| Untracked 
|  29|0x0000000746b00000, 0x0000000746b8b468, 0x0000000746c00000| 54%| O|  |TAMS 0x0000000746b8b468, 0x0000000746b00000| Untracked 
|  30|0x0000000746c00000, 0x0000000746c8a8f0, 0x0000000746d00000| 54%| O|  |TAMS 0x0000000746c8a8f0, 0x0000000746c00000| Untracked 
|  31|0x0000000746d00000, 0x0000000746e00000, 0x0000000746e00000|100%| O|  |TAMS 0x0000000746e00000, 0x0000000746d00000| Untracked 
|  32|0x0000000746e00000, 0x0000000746f00000, 0x0000000746f00000|100%| O|  |TAMS 0x0000000746f00000, 0x0000000746e00000| Untracked 
|  33|0x0000000746f00000, 0x0000000747000000, 0x0000000747000000|100%| O|  |TAMS 0x0000000747000000, 0x0000000746f00000| Untracked 
|  34|0x0000000747000000, 0x0000000747100000, 0x0000000747100000|100%| O|  |TAMS 0x0000000747100000, 0x0000000747000000| Untracked 
|  35|0x0000000747100000, 0x0000000747200000, 0x0000000747200000|100%| O|  |TAMS 0x0000000747200000, 0x0000000747100000| Untracked 
|  36|0x0000000747200000, 0x0000000747300000, 0x0000000747300000|100%| O|  |TAMS 0x0000000747300000, 0x0000000747200000| Untracked 
|  37|0x0000000747300000, 0x0000000747400000, 0x0000000747400000|100%| O|  |TAMS 0x0000000747400000, 0x0000000747300000| Untracked 
|  38|0x0000000747400000, 0x0000000747500000, 0x0000000747500000|100%| O|  |TAMS 0x000000074747ee00, 0x0000000747400000| Untracked 
|  39|0x0000000747500000, 0x0000000747600000, 0x0000000747600000|100%| O|  |TAMS 0x0000000747500000, 0x0000000747500000| Untracked 
|  40|0x0000000747600000, 0x0000000747700000, 0x0000000747700000|100%| O|  |TAMS 0x0000000747600000, 0x0000000747600000| Untracked 
|  41|0x0000000747700000, 0x0000000747800000, 0x0000000747800000|100%| O|  |TAMS 0x0000000747700000, 0x0000000747700000| Untracked 
|  42|0x0000000747800000, 0x00000007478af800, 0x0000000747900000| 68%| O|  |TAMS 0x0000000747800000, 0x0000000747800000| Untracked 
|  43|0x0000000747900000, 0x0000000747a00000, 0x0000000747a00000|100%|HS|  |TAMS 0x0000000747900000, 0x0000000747900000| Complete 
|  44|0x0000000747a00000, 0x0000000747a00000, 0x0000000747b00000|  0%| F|  |TAMS 0x0000000747a00000, 0x0000000747a00000| Untracked 
|  45|0x0000000747b00000, 0x0000000747b00000, 0x0000000747c00000|  0%| F|  |TAMS 0x0000000747b00000, 0x0000000747b00000| Untracked 
|  46|0x0000000747c00000, 0x0000000747c00000, 0x0000000747d00000|  0%| F|  |TAMS 0x0000000747c00000, 0x0000000747c00000| Untracked 
|  47|0x0000000747d00000, 0x0000000747d00000, 0x0000000747e00000|  0%| F|  |TAMS 0x0000000747d00000, 0x0000000747d00000| Untracked 
|  48|0x0000000747e00000, 0x0000000747e00000, 0x0000000747f00000|  0%| F|  |TAMS 0x0000000747e00000, 0x0000000747e00000| Untracked 
|  49|0x0000000747f00000, 0x0000000747f00000, 0x0000000748000000|  0%| F|  |TAMS 0x0000000747f00000, 0x0000000747f00000| Untracked 
|  50|0x0000000748000000, 0x0000000748000000, 0x0000000748100000|  0%| F|  |TAMS 0x0000000748000000, 0x0000000748000000| Untracked 
|  51|0x0000000748100000, 0x0000000748100000, 0x0000000748200000|  0%| F|  |TAMS 0x0000000748100000, 0x0000000748100000| Untracked 
|  52|0x0000000748200000, 0x0000000748200000, 0x0000000748300000|  0%| F|  |TAMS 0x0000000748200000, 0x0000000748200000| Untracked 
|  53|0x0000000748300000, 0x0000000748300000, 0x0000000748400000|  0%| F|  |TAMS 0x0000000748300000, 0x0000000748300000| Untracked 
|  54|0x0000000748400000, 0x0000000748400000, 0x0000000748500000|  0%| F|  |TAMS 0x0000000748400000, 0x0000000748400000| Untracked 
|  55|0x0000000748500000, 0x0000000748500000, 0x0000000748600000|  0%| F|  |TAMS 0x0000000748500000, 0x0000000748500000| Untracked 
|  56|0x0000000748600000, 0x0000000748600000, 0x0000000748700000|  0%| F|  |TAMS 0x0000000748600000, 0x0000000748600000| Untracked 
|  57|0x0000000748700000, 0x0000000748700000, 0x0000000748800000|  0%| F|  |TAMS 0x0000000748700000, 0x0000000748700000| Untracked 
|  58|0x0000000748800000, 0x0000000748800000, 0x0000000748900000|  0%| F|  |TAMS 0x0000000748800000, 0x0000000748800000| Untracked 
|  59|0x0000000748900000, 0x0000000748900000, 0x0000000748a00000|  0%| F|  |TAMS 0x0000000748900000, 0x0000000748900000| Untracked 
|  60|0x0000000748a00000, 0x0000000748a00000, 0x0000000748b00000|  0%| F|  |TAMS 0x0000000748a00000, 0x0000000748a00000| Untracked 
|  61|0x0000000748b00000, 0x0000000748b00000, 0x0000000748c00000|  0%| F|  |TAMS 0x0000000748b00000, 0x0000000748b00000| Untracked 
|  62|0x0000000748c00000, 0x0000000748c00000, 0x0000000748d00000|  0%| F|  |TAMS 0x0000000748c00000, 0x0000000748c00000| Untracked 
|  63|0x0000000748d00000, 0x0000000748d00000, 0x0000000748e00000|  0%| F|  |TAMS 0x0000000748d00000, 0x0000000748d00000| Untracked 
|  64|0x0000000748e00000, 0x0000000748e00000, 0x0000000748f00000|  0%| F|  |TAMS 0x0000000748e00000, 0x0000000748e00000| Untracked 
|  65|0x0000000748f00000, 0x0000000748f00000, 0x0000000749000000|  0%| F|  |TAMS 0x0000000748f00000, 0x0000000748f00000| Untracked 
|  66|0x0000000749000000, 0x0000000749000000, 0x0000000749100000|  0%| F|  |TAMS 0x0000000749000000, 0x0000000749000000| Untracked 
|  67|0x0000000749100000, 0x0000000749100000, 0x0000000749200000|  0%| F|  |TAMS 0x0000000749100000, 0x0000000749100000| Untracked 
|  68|0x0000000749200000, 0x0000000749200000, 0x0000000749300000|  0%| F|  |TAMS 0x0000000749200000, 0x0000000749200000| Untracked 
|  69|0x0000000749300000, 0x0000000749300000, 0x0000000749400000|  0%| F|  |TAMS 0x0000000749300000, 0x0000000749300000| Untracked 
|  70|0x0000000749400000, 0x0000000749400000, 0x0000000749500000|  0%| F|  |TAMS 0x0000000749400000, 0x0000000749400000| Untracked 
|  71|0x0000000749500000, 0x0000000749500000, 0x0000000749600000|  0%| F|  |TAMS 0x0000000749500000, 0x0000000749500000| Untracked 
|  72|0x0000000749600000, 0x0000000749600000, 0x0000000749700000|  0%| F|  |TAMS 0x0000000749600000, 0x0000000749600000| Untracked 
|  73|0x0000000749700000, 0x0000000749700000, 0x0000000749800000|  0%| F|  |TAMS 0x0000000749700000, 0x0000000749700000| Untracked 
|  74|0x0000000749800000, 0x0000000749800000, 0x0000000749900000|  0%| F|  |TAMS 0x0000000749800000, 0x0000000749800000| Untracked 
|  75|0x0000000749900000, 0x0000000749900000, 0x0000000749a00000|  0%| F|  |TAMS 0x0000000749900000, 0x0000000749900000| Untracked 
|  76|0x0000000749a00000, 0x0000000749a00000, 0x0000000749b00000|  0%| F|  |TAMS 0x0000000749a00000, 0x0000000749a00000| Untracked 
|  77|0x0000000749b00000, 0x0000000749b00000, 0x0000000749c00000|  0%| F|  |TAMS 0x0000000749b00000, 0x0000000749b00000| Untracked 
|  78|0x0000000749c00000, 0x0000000749c00000, 0x0000000749d00000|  0%| F|  |TAMS 0x0000000749c00000, 0x0000000749c00000| Untracked 
|  79|0x0000000749d00000, 0x0000000749d00000, 0x0000000749e00000|  0%| F|  |TAMS 0x0000000749d00000, 0x0000000749d00000| Untracked 
|  80|0x0000000749e00000, 0x0000000749e00000, 0x0000000749f00000|  0%| F|  |TAMS 0x0000000749e00000, 0x0000000749e00000| Untracked 
|  81|0x0000000749f00000, 0x0000000749f00000, 0x000000074a000000|  0%| F|  |TAMS 0x0000000749f00000, 0x0000000749f00000| Untracked 
|  82|0x000000074a000000, 0x000000074a000000, 0x000000074a100000|  0%| F|  |TAMS 0x000000074a000000, 0x000000074a000000| Untracked 
|  83|0x000000074a100000, 0x000000074a100000, 0x000000074a200000|  0%| F|  |TAMS 0x000000074a100000, 0x000000074a100000| Untracked 
|  84|0x000000074a200000, 0x000000074a200000, 0x000000074a300000|  0%| F|  |TAMS 0x000000074a200000, 0x000000074a200000| Untracked 
|  85|0x000000074a300000, 0x000000074a300000, 0x000000074a400000|  0%| F|  |TAMS 0x000000074a300000, 0x000000074a300000| Untracked 
|  86|0x000000074a400000, 0x000000074a400000, 0x000000074a500000|  0%| F|  |TAMS 0x000000074a400000, 0x000000074a400000| Untracked 
|  87|0x000000074a500000, 0x000000074a500000, 0x000000074a600000|  0%| F|  |TAMS 0x000000074a500000, 0x000000074a500000| Untracked 
|  88|0x000000074a600000, 0x000000074a600000, 0x000000074a700000|  0%| F|  |TAMS 0x000000074a600000, 0x000000074a600000| Untracked 
|  89|0x000000074a700000, 0x000000074a700000, 0x000000074a800000|  0%| F|  |TAMS 0x000000074a700000, 0x000000074a700000| Untracked 
|  90|0x000000074a800000, 0x000000074a800000, 0x000000074a900000|  0%| F|  |TAMS 0x000000074a800000, 0x000000074a800000| Untracked 
|  91|0x000000074a900000, 0x000000074a9f6c08, 0x000000074aa00000| 96%| S|CS|TAMS 0x000000074a900000, 0x000000074a900000| Complete 
|  92|0x000000074aa00000, 0x000000074ab00000, 0x000000074ab00000|100%| S|CS|TAMS 0x000000074aa00000, 0x000000074aa00000| Complete 
|  93|0x000000074ab00000, 0x000000074ac00000, 0x000000074ac00000|100%| S|CS|TAMS 0x000000074ab00000, 0x000000074ab00000| Complete 
|  94|0x000000074ac00000, 0x000000074ac00000, 0x000000074ad00000|  0%| F|  |TAMS 0x000000074ac00000, 0x000000074ac00000| Untracked 
|  95|0x000000074ad00000, 0x000000074ad00000, 0x000000074ae00000|  0%| F|  |TAMS 0x000000074ad00000, 0x000000074ad00000| Untracked 
|  96|0x000000074ae00000, 0x000000074ae00000, 0x000000074af00000|  0%| F|  |TAMS 0x000000074ae00000, 0x000000074ae00000| Untracked 
|  97|0x000000074af00000, 0x000000074b000000, 0x000000074b000000|100%| E|  |TAMS 0x000000074af00000, 0x000000074af00000| Complete 
|  98|0x000000074b000000, 0x000000074b100000, 0x000000074b100000|100%| E|CS|TAMS 0x000000074b000000, 0x000000074b000000| Complete 
|  99|0x000000074b100000, 0x000000074b200000, 0x000000074b200000|100%| E|CS|TAMS 0x000000074b100000, 0x000000074b100000| Complete 
| 100|0x000000074b200000, 0x000000074b300000, 0x000000074b300000|100%| E|CS|TAMS 0x000000074b200000, 0x000000074b200000| Complete 
| 101|0x000000074b300000, 0x000000074b400000, 0x000000074b400000|100%| E|CS|TAMS 0x000000074b300000, 0x000000074b300000| Complete 
| 102|0x000000074b400000, 0x000000074b500000, 0x000000074b500000|100%| E|CS|TAMS 0x000000074b400000, 0x000000074b400000| Complete 
| 103|0x000000074b500000, 0x000000074b600000, 0x000000074b600000|100%| E|CS|TAMS 0x000000074b500000, 0x000000074b500000| Complete 

Card table byte_map: [0x00000258c97a0000,0x00000258c9d80000] _byte_map_base: 0x00000258c5d79000

Marking Bits (Prev, Next): (CMBitMap*) 0x00000258b1a6ca38, (CMBitMap*) 0x00000258b1a6c9f8
 Prev Bits: [0x00000258cd230000, 0x00000258d00f8000)
 Next Bits: [0x00000258ca360000, 0x00000258cd228000)

Polling page: 0x00000258b11f0000

Metaspace:

Usage:
  Non-class:     38.24 MB capacity,    37.48 MB ( 98%) used,   678.93 KB (  2%) free+waste,    94.94 KB ( <1%) overhead. 
      Class:      5.10 MB capacity,     4.55 MB ( 89%) used,   525.01 KB ( 10%) free+waste,    40.13 KB ( <1%) overhead. 
       Both:     43.34 MB capacity,    42.03 MB ( 97%) used,     1.18 MB (  3%) free+waste,   135.06 KB ( <1%) overhead. 

Virtual space:
  Non-class space:       40.00 MB reserved,      38.45 MB ( 96%) committed 
      Class space:        1.00 GB reserved,       5.20 MB ( <1%) committed 
             Both:        1.04 GB reserved,      43.64 MB (  4%) committed 

Chunk freelists:
   Non-Class:  22.00 KB
       Class:  23.00 KB
        Both:  45.00 KB

MaxMetaspaceSize: 17179869184.00 GB
CompressedClassSpaceSize: 1.00 GB

CodeHeap 'non-profiled nmethods': size=120000Kb used=10007Kb max_used=10437Kb free=109992Kb
 bounds [0x00000258c1c90000, 0x00000258c26e0000, 0x00000258c91c0000]
CodeHeap 'profiled nmethods': size=120000Kb used=20751Kb max_used=21932Kb free=99249Kb
 bounds [0x00000258ba760000, 0x00000258bbcd0000, 0x00000258c1c90000]
CodeHeap 'non-nmethods': size=5760Kb used=1270Kb max_used=1332Kb free=4489Kb
 bounds [0x00000258ba1c0000, 0x00000258ba430000, 0x00000258ba760000]
 total_blobs=17312 nmethods=9010 adapters=453
 compilation: enabled
              stopped_count=0, restarted_count=0
 full_count=0

Compilation events (20 events):
Event: 84.931 Thread 0x00000258d2613800 nmethod 12175 0x00000258c1e4ca90 code [0x00000258c1e4cd20, 0x00000258c1e4d8f8]
Event: 84.931 Thread 0x00000258d2613800 12181       4       java.lang.String::compareTo (9 bytes)
Event: 84.932 Thread 0x00000258d2617000 12185       1       org.joda.time.field.BaseDateTimeField::isSupported (2 bytes)
Event: 84.932 Thread 0x00000258d2617000 nmethod 12185 0x00000258c2195110 code [0x00000258c21952a0, 0x00000258c2195378]
Event: 84.933 Thread 0x00000258d2613800 nmethod 12181 0x00000258c2211a10 code [0x00000258c2211bc0, 0x00000258c2211e58]
Event: 84.933 Thread 0x00000258d2613800 12182       4       java.util.TreeMap::parentOf (13 bytes)
Event: 84.933 Thread 0x00000258d2613800 nmethod 12182 0x00000258c24dee10 code [0x00000258c24defa0, 0x00000258c24df018]
Event: 84.933 Thread 0x00000258d2613800 12183       4       java.util.WeakHashMap::getTable (9 bytes)
Event: 84.934 Thread 0x00000258d2613800 nmethod 12183 0x00000258c24de990 code [0x00000258c24deb20, 0x00000258c24debc8]
Event: 84.954 Thread 0x00000258d2617000 12186       1       org.joda.time.format.DateTimeFormatterBuilder$NumberFormatter::estimateParsedLength (5 bytes)
Event: 84.954 Thread 0x00000258d2617000 nmethod 12186 0x00000258c24eaa90 code [0x00000258c24eac20, 0x00000258c24eacf8]
Event: 84.955 Thread 0x00000258d2617000 12187       1       org.joda.time.format.DateTimeFormatterBuilder$PaddedNumber::estimatePrintedLength (5 bytes)
Event: 84.955 Thread 0x00000258d2617000 nmethod 12187 0x00000258c24ea790 code [0x00000258c24ea920, 0x00000258c24ea9f8]
Event: 84.955 Thread 0x00000258d2617000 12188       3       jdk.internal.perf.PerfCounter::increment (6 bytes)
Event: 84.956 Thread 0x00000258d2617000 nmethod 12188 0x00000258bb885690 code [0x00000258bb885860, 0x00000258bb885f98]
Event: 84.965 Thread 0x00000258d2613800 12189       4       jdk.internal.perf.PerfCounter::addElapsedTimeFrom (10 bytes)
Event: 84.968 Thread 0x00000258d2613800 nmethod 12189 0x00000258c2550b90 code [0x00000258c2550d60, 0x00000258c2551118]
Event: 84.978 Thread 0x00000258d2617000 12190       3       jdk.internal.loader.BuiltinClassLoader::loadClass (22 bytes)
Event: 84.978 Thread 0x00000258d2617000 nmethod 12190 0x00000258bb2f3910 code [0x00000258bb2f3ac0, 0x00000258bb2f3d98]
Event: 85.255 Thread 0x00000258d6b4e000 nmethod 12160 0x00000258c1e8d210 code [0x00000258c1e8dfc0, 0x00000258c1e96150]

GC Heap History (20 events):
Event: 78.613 GC heap before
{Heap before GC invocations=57 (full 0):
 garbage-first heap   total 292864K, used 112980K [0x0000000744e00000, 0x0000000800000000)
  region size 1024K, 14 young (14336K), 10 survivors (10240K)
 Metaspace       used 33534K, capacity 34514K, committed 34580K, reserved 1079296K
  class space    used 3527K, capacity 3873K, committed 3916K, reserved 1048576K
}
Event: 78.625 GC heap after
{Heap after GC invocations=58 (full 0):
 garbage-first heap   total 292864K, used 82092K [0x0000000744e00000, 0x0000000800000000)
  region size 1024K, 2 young (2048K), 2 survivors (2048K)
 Metaspace       used 33534K, capacity 34514K, committed 34580K, reserved 1079296K
  class space    used 3527K, capacity 3873K, committed 3916K, reserved 1048576K
}
Event: 78.720 GC heap before
{Heap before GC invocations=58 (full 0):
 garbage-first heap   total 292864K, used 93356K [0x0000000744e00000, 0x0000000800000000)
  region size 1024K, 14 young (14336K), 2 survivors (2048K)
 Metaspace       used 33534K, capacity 34514K, committed 34580K, reserved 1079296K
  class space    used 3527K, capacity 3873K, committed 3916K, reserved 1048576K
}
Event: 78.734 GC heap after
{Heap after GC invocations=59 (full 0):
 garbage-first heap   total 292864K, used 60989K [0x0000000744e00000, 0x0000000800000000)
  region size 1024K, 1 young (1024K), 1 survivors (1024K)
 Metaspace       used 33534K, capacity 34514K, committed 34580K, reserved 1079296K
  class space    used 3527K, capacity 3873K, committed 3916K, reserved 1048576K
}
Event: 79.281 GC heap before
{Heap before GC invocations=59 (full 0):
 garbage-first heap   total 292864K, used 138813K [0x0000000744e00000, 0x0000000800000000)
  region size 1024K, 78 young (79872K), 1 survivors (1024K)
 Metaspace       used 33558K, capacity 34514K, committed 34580K, reserved 1079296K
  class space    used 3527K, capacity 3873K, committed 3916K, reserved 1048576K
}
Event: 79.351 GC heap after
{Heap after GC invocations=60 (full 1):
 garbage-first heap   total 109568K, used 30807K [0x0000000744e00000, 0x0000000800000000)
  region size 1024K, 0 young (0K), 0 survivors (0K)
 Metaspace       used 33558K, capacity 34514K, committed 34580K, reserved 1079296K
  class space    used 3527K, capacity 3873K, committed 3916K, reserved 1048576K
}
Event: 79.351 GC heap before
{Heap before GC invocations=60 (full 1):
 garbage-first heap   total 109568K, used 30807K [0x0000000744e00000, 0x0000000800000000)
  region size 1024K, 0 young (0K), 0 survivors (0K)
 Metaspace       used 33558K, capacity 34514K, committed 34580K, reserved 1079296K
  class space    used 3527K, capacity 3873K, committed 3916K, reserved 1048576K
}
Event: 79.410 GC heap after
{Heap after GC invocations=61 (full 2):
 garbage-first heap   total 106496K, used 30807K [0x0000000744e00000, 0x0000000800000000)
  region size 1024K, 0 young (0K), 0 survivors (0K)
 Metaspace       used 33558K, capacity 34514K, committed 34580K, reserved 1079296K
  class space    used 3527K, capacity 3873K, committed 3916K, reserved 1048576K
}
Event: 79.412 GC heap before
{Heap before GC invocations=61 (full 2):
 garbage-first heap   total 106496K, used 30807K [0x0000000744e00000, 0x0000000800000000)
  region size 1024K, 1 young (1024K), 0 survivors (0K)
 Metaspace       used 33558K, capacity 34514K, committed 34580K, reserved 1079296K
  class space    used 3527K, capacity 3873K, committed 3916K, reserved 1048576K
}
Event: 79.479 GC heap after
{Heap after GC invocations=62 (full 3):
 garbage-first heap   total 106496K, used 30807K [0x0000000744e00000, 0x0000000800000000)
  region size 1024K, 0 young (0K), 0 survivors (0K)
 Metaspace       used 33558K, capacity 34514K, committed 34580K, reserved 1079296K
  class space    used 3527K, capacity 3873K, committed 3916K, reserved 1048576K
}
Event: 79.479 GC heap before
{Heap before GC invocations=62 (full 3):
 garbage-first heap   total 106496K, used 30807K [0x0000000744e00000, 0x0000000800000000)
  region size 1024K, 0 young (0K), 0 survivors (0K)
 Metaspace       used 33558K, capacity 34514K, committed 34580K, reserved 1079296K
  class space    used 3527K, capacity 3873K, committed 3916K, reserved 1048576K
}
Event: 79.561 GC heap after
{Heap after GC invocations=63 (full 4):
 garbage-first heap   total 106496K, used 30807K [0x0000000744e00000, 0x0000000800000000)
  region size 1024K, 0 young (0K), 0 survivors (0K)
 Metaspace       used 33558K, capacity 34514K, committed 34580K, reserved 1079296K
  class space    used 3527K, capacity 3873K, committed 3916K, reserved 1048576K
}
Event: 80.806 GC heap before
{Heap before GC invocations=63 (full 4):
 garbage-first heap   total 106496K, used 89175K [0x0000000744e00000, 0x0000000800000000)
  region size 1024K, 57 young (58368K), 0 survivors (0K)
 Metaspace       used 34054K, capacity 35012K, committed 35220K, reserved 1081344K
  class space    used 3584K, capacity 3955K, committed 4044K, reserved 1048576K
}
Event: 80.812 GC heap after
{Heap after GC invocations=64 (full 4):
 garbage-first heap   total 106496K, used 34374K [0x0000000744e00000, 0x0000000800000000)
  region size 1024K, 4 young (4096K), 4 survivors (4096K)
 Metaspace       used 34054K, capacity 35012K, committed 35220K, reserved 1081344K
  class space    used 3584K, capacity 3955K, committed 4044K, reserved 1048576K
}
Event: 81.536 GC heap before
{Heap before GC invocations=64 (full 4):
 garbage-first heap   total 106496K, used 87622K [0x0000000744e00000, 0x0000000800000000)
  region size 1024K, 56 young (57344K), 4 survivors (4096K)
 Metaspace       used 37939K, capacity 39078K, committed 39316K, reserved 1083392K
  class space    used 4074K, capacity 4519K, committed 4556K, reserved 1048576K
}
Event: 81.549 GC heap after
{Heap after GC invocations=65 (full 4):
 garbage-first heap   total 106496K, used 38634K [0x0000000744e00000, 0x0000000800000000)
  region size 1024K, 7 young (7168K), 7 survivors (7168K)
 Metaspace       used 37939K, capacity 39078K, committed 39316K, reserved 1083392K
  class space    used 4074K, capacity 4519K, committed 4556K, reserved 1048576K
}
Event: 84.417 GC heap before
{Heap before GC invocations=65 (full 4):
 garbage-first heap   total 106496K, used 85738K [0x0000000744e00000, 0x0000000800000000)
  region size 1024K, 53 young (54272K), 7 survivors (7168K)
 Metaspace       used 41734K, capacity 42923K, committed 43156K, reserved 1087488K
  class space    used 4486K, capacity 4991K, committed 5068K, reserved 1048576K
}
Event: 84.436 GC heap after
{Heap after GC invocations=66 (full 4):
 garbage-first heap   total 106496K, used 43090K [0x0000000744e00000, 0x0000000800000000)
  region size 1024K, 5 young (5120K), 5 survivors (5120K)
 Metaspace       used 41734K, capacity 42923K, committed 43156K, reserved 1087488K
  class space    used 4486K, capacity 4991K, committed 5068K, reserved 1048576K
}
Event: 84.626 GC heap before
{Heap before GC invocations=67 (full 4):
 garbage-first heap   total 106496K, used 51282K [0x0000000744e00000, 0x0000000800000000)
  region size 1024K, 15 young (15360K), 5 survivors (5120K)
 Metaspace       used 41960K, capacity 43287K, committed 43412K, reserved 1087488K
  class space    used 4519K, capacity 5031K, committed 5068K, reserved 1048576K
}
Event: 84.632 GC heap after
{Heap after GC invocations=68 (full 4):
 garbage-first heap   total 106496K, used 45808K [0x0000000744e00000, 0x0000000800000000)
  region size 1024K, 3 young (3072K), 3 survivors (3072K)
 Metaspace       used 41960K, capacity 43287K, committed 43412K, reserved 1087488K
  class space    used 4519K, capacity 5031K, committed 5068K, reserved 1048576K
}

Deoptimization events (20 events):
Event: 84.526 Thread 0x00000258d6b4c000 DEOPT PACKING pc=0x00000258c2513fc0 sp=0x0000007becafa7a0
Event: 84.526 Thread 0x00000258d6b4c000 DEOPT UNPACKING pc=0x00000258ba20912f sp=0x0000007becafa758 mode 2
Event: 84.526 Thread 0x00000258d6b4c000 Uncommon trap: trap_request=0xffffffc6 fr.pc=0x00000258c2513fc0 relative=0x0000000000000e60
Event: 84.526 Thread 0x00000258d6b4c000 Uncommon trap: reason=bimorphic_or_optimized_type_check action=maybe_recompile pc=0x00000258c2513fc0 method=java.lang.ClassLoader.loadClass(Ljava/lang/String;Z)Ljava/lang/Class; @ 2 c2
Event: 84.526 Thread 0x00000258d6b4c000 DEOPT PACKING pc=0x00000258c2513fc0 sp=0x0000007becafa7a0
Event: 84.526 Thread 0x00000258d6b4c000 DEOPT UNPACKING pc=0x00000258ba20912f sp=0x0000007becafa758 mode 2
Event: 84.527 Thread 0x00000258d6b4c000 Uncommon trap: trap_request=0xffffff45 fr.pc=0x00000258c23c0e0c relative=0x0000000000001e4c
Event: 84.527 Thread 0x00000258d6b4c000 Uncommon trap: reason=unstable_if action=reinterpret pc=0x00000258c23c0e0c method=sun.nio.fs.NativeBuffers.getNativeBuffer(I)Lsun/nio/fs/NativeBuffer; @ 6 c2
Event: 84.527 Thread 0x00000258d6b4c000 DEOPT PACKING pc=0x00000258c23c0e0c sp=0x0000007becaf9db0
Event: 84.527 Thread 0x00000258d6b4c000 DEOPT UNPACKING pc=0x00000258ba20912f sp=0x0000007becaf9ce8 mode 2
Event: 84.805 Thread 0x00000258d6b4c000 DEOPT PACKING pc=0x00000258bbb0a295 sp=0x0000007becafeab0
Event: 84.806 Thread 0x00000258d6b4c000 DEOPT UNPACKING pc=0x00000258ba20964e sp=0x0000007becafdfa0 mode 0
Event: 84.820 Thread 0x00000258d6b4c000 Uncommon trap: trap_request=0xffffffde fr.pc=0x00000258c1d09b8c relative=0x00000000000005ac
Event: 84.820 Thread 0x00000258d6b4c000 Uncommon trap: reason=class_check action=maybe_recompile pc=0x00000258c1d09b8c method=java.util.regex.Pattern$Caret.match(Ljava/util/regex/Matcher;ILjava/lang/CharSequence;)Z @ 120 c2
Event: 84.820 Thread 0x00000258d6b4c000 DEOPT PACKING pc=0x00000258c1d09b8c sp=0x0000007becafebf0
Event: 84.820 Thread 0x00000258d6b4c000 DEOPT UNPACKING pc=0x00000258ba20912f sp=0x0000007becafeb70 mode 2
Event: 84.820 Thread 0x00000258d6b4c000 Uncommon trap: trap_request=0xffffff45 fr.pc=0x00000258c1d09a74 relative=0x0000000000000494
Event: 84.820 Thread 0x00000258d6b4c000 Uncommon trap: reason=unstable_if action=reinterpret pc=0x00000258c1d09a74 method=java.util.regex.Pattern$Caret.match(Ljava/util/regex/Matcher;ILjava/lang/CharSequence;)Z @ 69 c2
Event: 84.820 Thread 0x00000258d6b4c000 DEOPT PACKING pc=0x00000258c1d09a74 sp=0x0000007becafebf0
Event: 84.820 Thread 0x00000258d6b4c000 DEOPT UNPACKING pc=0x00000258ba20912f sp=0x0000007becafeb80 mode 2

Classes unloaded (0 events):
No events

Classes redefined (0 events):
No events

Internal exceptions (20 events):
Event: 81.819 Thread 0x00000258b1a18800 Exception <a 'java/lang/NoClassDefFoundError'{0x000000074a71cf18}: org/sonatype/aether/resolution/ArtifactResolutionException> (0x000000074a71cf18) 
thrown [t:/workspace/open/src/hotspot/share/classfile/systemDictionary.cpp, line 215]
Event: 81.832 Thread 0x00000258b1a18800 Exception <a 'java/lang/NoClassDefFoundError'{0x000000074a7c8058}: org/sonatype/aether/installation/InstallationException> (0x000000074a7c8058) 
thrown [t:/workspace/open/src/hotspot/share/classfile/systemDictionary.cpp, line 215]
Event: 81.999 Thread 0x00000258b1a18800 Exception <a 'java/lang/NoSuchMethodError'{0x000000074a1b9038}: 'void java.lang.invoke.DirectMethodHandle$Holder.invokeStatic(java.lang.Object, long)'> (0x000000074a1b9038) 
thrown [t:/workspace/open/src/hotspot/share/interpreter/linkResolver.cpp, line 766]
Event: 82.002 Thread 0x00000258b1a18800 Exception <a 'java/lang/NoSuchMethodError'{0x000000074a1c3468}: 'java.lang.Object java.lang.invoke.DirectMethodHandle$Holder.invokeStaticInit(java.lang.Object, java.lang.Object, long, java.lang.Object)'> (0x000000074a1c3468) 
thrown [t:/workspace/open/src/hotspot/share/interpreter/linkResolver.cpp, line 766]
Event: 82.154 Thread 0x00000258b1a18800 Implicit null exception at 0x00000258c269bf58 to 0x00000258c26a3f28
Event: 82.161 Thread 0x00000258b1a18800 Exception <a 'java/lang/ClassNotFoundException'{0x000000074a01e1f8}: sun/net/www/protocol/c/Handler> (0x000000074a01e1f8) 
thrown [t:/workspace/open/src/hotspot/share/classfile/systemDictionary.cpp, line 226]
Event: 82.164 Thread 0x00000258b1a18800 Exception <a 'java/lang/ClassNotFoundException'{0x000000074a035448}: sun/net/www/protocol/c/Handler> (0x000000074a035448) 
thrown [t:/workspace/open/src/hotspot/share/classfile/systemDictionary.cpp, line 226]
Event: 82.958 Thread 0x00000258b1a18800 Implicit null exception at 0x00000258c253392c to 0x00000258c253426c
Event: 82.958 Thread 0x00000258b1a18800 Implicit null exception at 0x00000258c2534b8b to 0x00000258c2535444
Event: 84.451 Thread 0x00000258b1a18800 Exception <a 'java/lang/NoClassDefFoundError'{0x000000074b592a48}: org/sonatype/aether/artifact/Artifact> (0x000000074b592a48) 
thrown [t:/workspace/open/src/hotspot/share/classfile/systemDictionary.cpp, line 215]
Event: 84.454 Thread 0x00000258b1a18800 Exception <a 'java/lang/NoClassDefFoundError'{0x000000074b5ad1b8}: org/sonatype/aether/artifact/Artifact> (0x000000074b5ad1b8) 
thrown [t:/workspace/open/src/hotspot/share/classfile/systemDictionary.cpp, line 215]
Event: 84.456 Thread 0x00000258b1a18800 Exception <a 'java/lang/NoClassDefFoundError'{0x000000074b5ca5f8}: org/sonatype/aether/collection/DependencyCollectionException> (0x000000074b5ca5f8) 
thrown [t:/workspace/open/src/hotspot/share/classfile/systemDictionary.cpp, line 215]
Event: 84.461 Thread 0x00000258b1a18800 Exception <a 'java/lang/NoClassDefFoundError'{0x000000074b5fd4a0}: org/sonatype/aether/resolution/ArtifactDescriptorException> (0x000000074b5fd4a0) 
thrown [t:/workspace/open/src/hotspot/share/classfile/systemDictionary.cpp, line 215]
Event: 84.468 Thread 0x00000258b1a18800 Exception <a 'java/lang/NoClassDefFoundError'{0x000000074b43d8d0}: org/sonatype/aether/deployment/DeploymentException> (0x000000074b43d8d0) 
thrown [t:/workspace/open/src/hotspot/share/classfile/systemDictionary.cpp, line 215]
Event: 84.472 Thread 0x00000258b1a18800 Exception <a 'java/lang/NoClassDefFoundError'{0x000000074b471810}: org/sonatype/aether/resolution/ArtifactResolutionException> (0x000000074b471810) 
thrown [t:/workspace/open/src/hotspot/share/classfile/systemDictionary.cpp, line 215]
Event: 84.473 Thread 0x00000258b1a18800 Exception <a 'java/lang/NoClassDefFoundError'{0x000000074b47f0a0}: org/sonatype/aether/installation/InstallationException> (0x000000074b47f0a0) 
thrown [t:/workspace/open/src/hotspot/share/classfile/systemDictionary.cpp, line 215]
Event: 84.520 Thread 0x00000258d6b4c000 Implicit null exception at 0x00000258c220a3bb to 0x00000258c220a4e4
Event: 84.527 Thread 0x00000258d6b4c000 Implicit null exception at 0x00000258c23bf070 to 0x00000258c23c0dfc
Event: 84.676 Thread 0x00000258d6b4c000 Exception <a 'java/lang/NoSuchMethodError'{0x000000074b332ce8}: 'void java.lang.invoke.DirectMethodHandle$Holder.invokeStaticInit(java.lang.Object, java.lang.Object)'> (0x000000074b332ce8) 
thrown [t:/workspace/open/src/hotspot/share/interpreter/linkResolver.cpp, line 766]
Event: 84.676 Thread 0x00000258d6b4c000 Exception <a 'java/lang/NoSuchMethodError'{0x000000074b335958}: 'void java.lang.invoke.Invokers$Holder.invoke_MT(java.lang.Object, java.lang.Object, java.lang.Object)'> (0x000000074b335958) 
thrown [t:/workspace/open/src/hotspot/share/interpreter/linkResolver.cpp, line 766]

Events (20 events):
Event: 84.977 Executing VM operation: HandshakeOneThread
Event: 84.977 Executing VM operation: HandshakeOneThread done
Event: 84.979 loading class java/security/InvalidParameterException
Event: 84.979 loading class java/security/InvalidParameterException done
Event: 84.979 loading class java/security/ProviderException
Event: 84.979 loading class java/security/ProviderException done
Event: 84.980 loading class java/security/AuthProvider
Event: 84.981 loading class java/security/AuthProvider done
Event: 84.982 loading class javax/security/auth/login/LoginException
Event: 84.982 loading class javax/security/auth/login/LoginException done
Event: 84.982 loading class javax/security/auth/login/FailedLoginException
Event: 84.982 loading class javax/security/auth/login/FailedLoginException done
Event: 84.983 loading class javax/security/auth/Subject
Event: 84.984 loading class javax/security/auth/Subject done
Event: 84.984 loading class javax/security/auth/callback/CallbackHandler
Event: 84.984 loading class javax/security/auth/callback/CallbackHandler done
Event: 84.991 Executing VM operation: HandshakeOneThread
Event: 84.991 Executing VM operation: HandshakeOneThread done
Event: 84.996 Loaded shared library C:\Program Files\Java\jdk-14\bin\sunmscapi.dll
Event: 90.257 Thread 0x00000258d6b4e000 Thread exited: 0x00000258d6b4e000


Dynamic libraries:
0x00007ff76a570000 - 0x00007ff76a57f000 	C:\Program Files\Java\jdk-14\bin\javaw.exe
0x00007ffda6b90000 - 0x00007ffda6d85000 	C:\WINDOWS\SYSTEM32\ntdll.dll
0x00007ffda6a60000 - 0x00007ffda6b1e000 	C:\WINDOWS\System32\KERNEL32.DLL
0x00007ffda4360000 - 0x00007ffda4628000 	C:\WINDOWS\System32\KERNELBASE.dll
0x00007ffda10f0000 - 0x00007ffda1180000 	C:\WINDOWS\SYSTEM32\apphelp.dll
0x00007ffda4a40000 - 0x00007ffda4b40000 	C:\WINDOWS\System32\ucrtbase.dll
0x00007ffd90b90000 - 0x00007ffd90ba8000 	C:\Program Files\Java\jdk-14\bin\jli.dll
0x00007ffda5c60000 - 0x00007ffda5d0c000 	C:\WINDOWS\System32\ADVAPI32.dll
0x00007ffda67f0000 - 0x00007ffda688e000 	C:\WINDOWS\System32\msvcrt.dll
0x00007ffda6490000 - 0x00007ffda652b000 	C:\WINDOWS\System32\sechost.dll
0x00007ffda4c40000 - 0x00007ffda4d6a000 	C:\WINDOWS\System32\RPCRT4.dll
0x00007ffda6890000 - 0x00007ffda6a31000 	C:\WINDOWS\System32\USER32.dll
0x00007ffda4660000 - 0x00007ffda4682000 	C:\WINDOWS\System32\win32u.dll
0x00007ffda6b20000 - 0x00007ffda6b4b000 	C:\WINDOWS\System32\GDI32.dll
0x00007ffda4930000 - 0x00007ffda4a3b000 	C:\WINDOWS\System32\gdi32full.dll
0x00007ffda4b40000 - 0x00007ffda4bdd000 	C:\WINDOWS\System32\msvcp_win.dll
0x00007ffd75bd0000 - 0x00007ffd75be5000 	C:\Program Files\Java\jdk-14\bin\VCRUNTIME140.dll
0x00007ffd77620000 - 0x00007ffd778ba000 	C:\WINDOWS\WinSxS\amd64_microsoft.windows.common-controls_6595b64144ccf1df_6.0.19041.1110_none_60b5254171f9507e\COMCTL32.dll
0x00007ffd9a990000 - 0x00007ffd9a99a000 	C:\WINDOWS\SYSTEM32\VERSION.dll
0x00007ffda6080000 - 0x00007ffda60b0000 	C:\WINDOWS\System32\IMM32.DLL
0x00007ffd63360000 - 0x00007ffd633fb000 	C:\Program Files\Java\jdk-14\bin\msvcp140.dll
0x00007ffd35cc0000 - 0x00007ffd367df000 	C:\Program Files\Java\jdk-14\bin\server\jvm.dll
0x00007ffda5e40000 - 0x00007ffda5e48000 	C:\WINDOWS\System32\PSAPI.DLL
0x00007ffd9daf0000 - 0x00007ffd9daf9000 	C:\WINDOWS\SYSTEM32\WSOCK32.dll
0x00007ffd83180000 - 0x00007ffd831a7000 	C:\WINDOWS\SYSTEM32\WINMM.dll
0x00007ffda5a40000 - 0x00007ffda5aab000 	C:\WINDOWS\System32\WS2_32.dll
0x00007ffda2b00000 - 0x00007ffda2b12000 	C:\WINDOWS\SYSTEM32\kernel.appcore.dll
0x00007ffd93f90000 - 0x00007ffd93f9a000 	C:\Program Files\Java\jdk-14\bin\jimage.dll
0x00007ffd904a0000 - 0x00007ffd90684000 	C:\WINDOWS\SYSTEM32\DBGHELP.DLL
0x00007ffd90410000 - 0x00007ffd9043c000 	C:\WINDOWS\SYSTEM32\dbgcore.DLL
0x00007ffda4690000 - 0x00007ffda4713000 	C:\WINDOWS\System32\bcryptPrimitives.dll
0x00007ffd77b10000 - 0x00007ffd77b35000 	C:\Program Files\Java\jdk-14\bin\java.dll
0x00007ffd770d0000 - 0x00007ffd770e7000 	C:\Program Files\Java\jdk-14\bin\zip.dll
0x00007ffda4e20000 - 0x00007ffda555f000 	C:\WINDOWS\System32\SHELL32.dll
0x00007ffda2370000 - 0x00007ffda2b00000 	C:\WINDOWS\SYSTEM32\windows.storage.dll
0x00007ffda60b0000 - 0x00007ffda6405000 	C:\WINDOWS\System32\combase.dll
0x00007ffda3d00000 - 0x00007ffda3d2e000 	C:\WINDOWS\SYSTEM32\Wldp.dll
0x00007ffda6610000 - 0x00007ffda66bd000 	C:\WINDOWS\System32\SHCORE.dll
0x00007ffda5ec0000 - 0x00007ffda5f15000 	C:\WINDOWS\System32\shlwapi.dll
0x00007ffda41f0000 - 0x00007ffda420f000 	C:\WINDOWS\SYSTEM32\profapi.dll
0x00007ffd75b10000 - 0x00007ffd75b29000 	C:\Program Files\Java\jdk-14\bin\net.dll
0x00007ffd9b9a0000 - 0x00007ffd9baac000 	C:\WINDOWS\SYSTEM32\WINHTTP.dll
0x00007ffda3a60000 - 0x00007ffda3aca000 	C:\WINDOWS\system32\mswsock.dll
0x00007ffd75af0000 - 0x00007ffd75b02000 	C:\Program Files\Java\jdk-14\bin\nio.dll
0x00007ffd93f80000 - 0x00007ffd93f90000 	C:\Program Files\Java\jdk-14\bin\verify.dll
0x00007ffda3c60000 - 0x00007ffda3c78000 	C:\WINDOWS\SYSTEM32\CRYPTSP.dll
0x00007ffda3370000 - 0x00007ffda33a4000 	C:\WINDOWS\system32\rsaenh.dll
0x00007ffda4630000 - 0x00007ffda4657000 	C:\WINDOWS\System32\bcrypt.dll
0x00007ffda41b0000 - 0x00007ffda41de000 	C:\WINDOWS\SYSTEM32\USERENV.dll
0x00007ffda3c50000 - 0x00007ffda3c5c000 	C:\WINDOWS\SYSTEM32\CRYPTBASE.dll
0x00007ffda3700000 - 0x00007ffda373b000 	C:\WINDOWS\SYSTEM32\IPHLPAPI.DLL
0x00007ffda5d10000 - 0x00007ffda5d18000 	C:\WINDOWS\System32\NSI.dll
0x00007ffd9ce40000 - 0x00007ffd9ce57000 	C:\WINDOWS\SYSTEM32\dhcpcsvc6.DLL
0x00007ffd9cd80000 - 0x00007ffd9cd9d000 	C:\WINDOWS\SYSTEM32\dhcpcsvc.DLL
0x00007ffda3790000 - 0x00007ffda385b000 	C:\WINDOWS\SYSTEM32\DNSAPI.dll
0x00007ffd9c9b0000 - 0x00007ffd9c9ba000 	C:\Users\lenovo\AppData\Local\Temp\jansi-1.17.1-6684061579305051838.dll
0x00007ffd7db70000 - 0x00007ffd7db7a000 	C:\Users\lenovo\AppData\Local\Temp\jansi-1.17.1-14027521895245061529.dll
0x00007ffd93ed0000 - 0x00007ffd93ede000 	C:\Program Files\Java\jdk-14\bin\sunmscapi.dll
0x00007ffda47d0000 - 0x00007ffda4926000 	C:\WINDOWS\System32\CRYPT32.dll
0x00007ffda3d70000 - 0x00007ffda3d97000 	C:\WINDOWS\SYSTEM32\ncrypt.dll
0x00007ffda3d30000 - 0x00007ffda3d6b000 	C:\WINDOWS\SYSTEM32\NTASN1.dll
0x00007ffd757c0000 - 0x00007ffd757e5000 	C:\Program Files\Java\jdk-14\bin\sunec.dll

dbghelp: loaded successfully - version: 4.0.5 - missing functions: none
symbol engine: initialized successfully - sym options: 0x614 - pdb path: .;C:\Program Files\Java\jdk-14\bin;C:\WINDOWS\SYSTEM32;C:\WINDOWS\WinSxS\amd64_microsoft.windows.common-controls_6595b64144ccf1df_6.0.19041.1110_none_60b5254171f9507e;C:\Program Files\Java\jdk-14\bin\server;C:\Users\lenovo\AppData\Local\Temp

VM Arguments:
jvm_args: -Dmaven.home=EMBEDDED -Dclassworlds.conf=C:\Users\lenovo\eclipse-workspace1\.metadata\.plugins\org.eclipse.m2e.launching\launches\m2conf15167826259812533009.tmp -Dmaven.multiModuleProjectDirectory=C:\Users\lenovo\Downloads\ThesisProject-master - Final - 18July2021 - Copy (14) - Working_Copy - Copy_New\costfed -Dfile.encoding=Cp1252 -XX:+ShowCodeDetailsInExceptionMessages 
java_command: org.codehaus.plexus.classworlds.launcher.Launcher -B clean compile dependency:tree test test-compile package install site exec:java -Dexec.mainClass=org.aksw.simba.start.QueryEvaluation
java_class_path (initial): C:\Users\lenovo\.p2\pool\plugins\org.eclipse.m2e.maven.runtime_1.18.0.20210603-1206\jars\plexus-classworlds-2.6.0.jar
Launcher Type: SUN_STANDARD

[Global flags]
     intx CICompilerCount                          = 3                                         {product} {ergonomic}
     uint ConcGCThreads                            = 1                                         {product} {ergonomic}
     uint G1ConcRefinementThreads                  = 4                                         {product} {ergonomic}
   size_t G1HeapRegionSize                         = 1048576                                   {product} {ergonomic}
    uintx GCDrainStackTargetSize                   = 64                                        {product} {ergonomic}
   size_t InitialHeapSize                          = 197132288                                 {product} {ergonomic}
   size_t MarkStackSize                            = 4194304                                   {product} {ergonomic}
   size_t MaxHeapSize                              = 3139436544                                {product} {ergonomic}
   size_t MaxNewSize                               = 1883242496                                {product} {ergonomic}
   size_t MinHeapDeltaBytes                        = 1048576                                   {product} {ergonomic}
   size_t MinHeapSize                              = 8388608                                   {product} {ergonomic}
    uintx NonNMethodCodeHeapSize                   = 5832780                                {pd product} {ergonomic}
    uintx NonProfiledCodeHeapSize                  = 122912730                              {pd product} {ergonomic}
    uintx ProfiledCodeHeapSize                     = 122912730                              {pd product} {ergonomic}
    uintx ReservedCodeCacheSize                    = 251658240                              {pd product} {ergonomic}
     bool SegmentedCodeCache                       = true                                      {product} {ergonomic}
     bool ShowCodeDetailsInExceptionMessages       = true                                   {manageable} {command line}
   size_t SoftMaxHeapSize                          = 3139436544                             {manageable} {ergonomic}
     bool UseCompressedClassPointers               = true                                 {lp64_product} {ergonomic}
     bool UseCompressedOops                        = true                                 {lp64_product} {ergonomic}
     bool UseG1GC                                  = true                                      {product} {ergonomic}
     bool UseLargePagesIndividualAllocation        = false                                  {pd product} {ergonomic}

Logging:
Log output configuration:
 #0: stdout all=warning uptime,level,tags
 #1: stderr all=off uptime,level,tags

Environment Variables:
JAVA_HOME=C:\Program Files\Java\jdk-14
PATH=C:/Program Files/Java/jdk-14/bin/server;C:/Program Files/Java/jdk-14/bin;C:\WINDOWS\system32;C:\WINDOWS;C:\WINDOWS\System32\Wbem;C:\WINDOWS\System32\WindowsPowerShell\v1.0\;C:\WINDOWS\System32\OpenSSH\;C:\Program Files\Git\cmd;C:\Users\lenovo\Downloads\apache-maven-3.6.3-bin\apache-maven-3.6.3\bin;C:\Program Files\Microsoft SQL Server\Client SDK\ODBC\110\Tools\Binn\;C:\Program Files\dotnet\;C:\Program Files\Microsoft SQL Server\130\Tools\Binn\;C:\Program Files\Microsoft SQL Server\Client SDK\ODBC\170\Tools\Binn\;C:\Program Files\Azure Data Studio\bin;C:\Program Files (x86)\Microsoft SQL Server\150\Tools\Binn\;C:\Program Files\Microsoft SQL Server\150\Tools\Binn\;C:\Program Files\Microsoft SQL Server\150\DTS\Binn\;C:\Program Files (x86)\dotnet\;C:\Program Files (x86)\Microsoft SQL Server\150\DTS\Binn\;C:\Program Files (x86)\Microsoft SQL Server\110\DTS\Binn\;C:\Program Files (x86)\Microsoft SQL Server\120\DTS\Binn\;C:\Program Files (x86)\Microsoft SQL Server\130\DTS\Binn\;C:\Program Files (x86)\Microsoft SQL Server\140\DTS\Binn\;C:\Program Files\PuTTY\;C:\Users\lenovo\AppData\Local\Programs\Python\Python39;;C:\Program Files\IDM Computer Solutions\UltraEdit;C:\Users\lenovo\AppData\Local\Microsoft\WindowsApps;C:\Users\lenovo\AppData\Local\GitHubDesktop\bin;C:\Users\lenovo\.dotnet\tools;C:\Program Files\Java\jdk-14\bin;C:\WINDOWS\system32;
USERNAME=lenovo
OS=Windows_NT
PROCESSOR_IDENTIFIER=Intel64 Family 6 Model 60 Stepping 3, GenuineIntel



---------------  S Y S T E M  ---------------

OS: Windows 10 , 64 bit Build 19041 (10.0.19041.1348)
OS uptime: 5 days 15:30 hours
HyperV virtualization detected

CPU:total 4 (initial active 4) (2 cores per cpu, 2 threads per core) family 6 model 60 stepping 3, cmov, cx8, fxsr, mmx, sse, sse2, sse3, ssse3, sse4.1, sse4.2, popcnt, avx, avx2, aes, clmul, erms, lzcnt, ht, tsc, tscinvbit, bmi1, bmi2, fma

Memory: 4k page, system-wide physical 11974M (3247M free)
TotalPageFile size 28358M (AvailPageFile size 12153M)
current process WorkingSet (physical memory assigned to process): 271M, peak: 464M
current process commit charge ("private bytes"): 297M, peak: 494M

vm_info: Java HotSpot(TM) 64-Bit Server VM (14+36-1461) for windows-amd64 JRE (14+36-1461), built on Feb  6 2020 19:08:04 by "mach5one" with MS VC++ 15.9 (VS2017)

END.
